
**** Build of configuration Debug for project ESD Kurs - Project Template ****

"C:\\ti\\ccs1250\\ccs\\utils\\bin\\gmake" -k -j 24 all -O 
 
Building file: "../main.c"
Invoking: Arm Compiler
"C:/ti/ccs1250/ccs/tools/compiler/ti-cgt-arm_20.2.7.LTS/bin/armcl" -mv7M4 --code_state=16 --float_support=FPv4SPD16 -me --include_path="C:/Users/Savke/workspace_v12/ESD Kurs - Project Template" --include_path="C:/ti/TivaWare_C_Series-2.2.0.295" --include_path="C:/ti/ccs1250/ccs/tools/compiler/ti-cgt-arm_20.2.7.LTS/include" --define=ccs="ccs" --define=PART_TM4C123GH6PM -g --gcc --diag_warning=225 --diag_wrap=off --display_error_number --abi=eabi --preproc_with_compile --preproc_dependency="main.d_raw"  "../main.c"
Finished building: "../main.c"
 
Building file: "../tm4c123gh6pm_startup_ccs.c"
Invoking: Arm Compiler
"C:/ti/ccs1250/ccs/tools/compiler/ti-cgt-arm_20.2.7.LTS/bin/armcl" -mv7M4 --code_state=16 --float_support=FPv4SPD16 -me --include_path="C:/Users/Savke/workspace_v12/ESD Kurs - Project Template" --include_path="C:/ti/TivaWare_C_Series-2.2.0.295" --include_path="C:/ti/ccs1250/ccs/tools/compiler/ti-cgt-arm_20.2.7.LTS/include" --define=ccs="ccs" --define=PART_TM4C123GH6PM -g --gcc --diag_warning=225 --diag_wrap=off --display_error_number --abi=eabi --preproc_with_compile --preproc_dependency="tm4c123gh6pm_startup_ccs.d_raw"  "../tm4c123gh6pm_startup_ccs.c"
Finished building: "../tm4c123gh6pm_startup_ccs.c"
 
Building file: "../helper_library/helper.c"
Invoking: Arm Compiler
"C:/ti/ccs1250/ccs/tools/compiler/ti-cgt-arm_20.2.7.LTS/bin/armcl" -mv7M4 --code_state=16 --float_support=FPv4SPD16 -me --include_path="C:/Users/Savke/workspace_v12/ESD Kurs - Project Template" --include_path="C:/ti/TivaWare_C_Series-2.2.0.295" --include_path="C:/ti/ccs1250/ccs/tools/compiler/ti-cgt-arm_20.2.7.LTS/include" --define=ccs="ccs" --define=PART_TM4C123GH6PM -g --gcc --diag_warning=225 --diag_wrap=off --display_error_number --abi=eabi --preproc_with_compile --preproc_dependency="helper_library/helper.d_raw" --obj_directory="helper_library"  "../helper_library/helper.c"
Finished building: "../helper_library/helper.c"
 
Building file: "../helper_library/uartstdio.c"
Invoking: Arm Compiler
"C:/ti/ccs1250/ccs/tools/compiler/ti-cgt-arm_20.2.7.LTS/bin/armcl" -mv7M4 --code_state=16 --float_support=FPv4SPD16 -me --include_path="C:/Users/Savke/workspace_v12/ESD Kurs - Project Template" --include_path="C:/ti/TivaWare_C_Series-2.2.0.295" --include_path="C:/ti/ccs1250/ccs/tools/compiler/ti-cgt-arm_20.2.7.LTS/include" --define=ccs="ccs" --define=PART_TM4C123GH6PM -g --gcc --diag_warning=225 --diag_wrap=off --display_error_number --abi=eabi --preproc_with_compile --preproc_dependency="helper_library/uartstdio.d_raw" --obj_directory="helper_library"  "../helper_library/uartstdio.c"
Finished building: "../helper_library/uartstdio.c"
 
Building target: "ESD Kurs - Project Template.out"
Invoking: Arm Linker
"C:/ti/ccs1250/ccs/tools/compiler/ti-cgt-arm_20.2.7.LTS/bin/armcl" -mv7M4 --code_state=16 --float_support=FPv4SPD16 -me --define=ccs="ccs" --define=PART_TM4C123GH6PM -g --gcc --diag_warning=225 --diag_wrap=off --display_error_number --abi=eabi -z -m"ESD Kurs - Project Template.map" --heap_size=0 --stack_size=16384 -i"C:/ti/ccs1250/ccs/tools/compiler/ti-cgt-arm_20.2.7.LTS/lib" -i"C:/ti/ccs1250/ccs/tools/compiler/ti-cgt-arm_20.2.7.LTS/include" --reread_libs --diag_wrap=off --display_error_number --warn_sections --xml_link_info="ESD Kurs - Project Template_linkInfo.xml" --rom_model -o "ESD Kurs - Project Template.out" "./main.obj" "./tm4c123gh6pm_startup_ccs.obj" "./helper_library/helper.obj" "./helper_library/uartstdio.obj" "../tm4c123gh6pm.cmd"  -llibc.a -l"C:/ti/TivaWare_C_Series-2.2.0.295/driverlib/ccs/Debug/driverlib.lib" 
<Linking>
Finished building target: "ESD Kurs - Project Template.out"
 

**** Build Finished ****

**** Build of configuration Debug for project ESD Kurs - Project Template ****

"C:\\ti\\ccs1250\\ccs\\utils\\bin\\gmake" -k -j 24 all -O 
 
gmake[1]: 'ESD Kurs - Project Template.out' is up to date.

**** Build Finished ****

**** Clean-only build of configuration Debug for project Termin01Zadatak02 ****

"C:\\ti\\ccs1250\\ccs\\utils\\bin\\gmake" -k -j 24 clean -O 
 
DEL /F  "Termin01Zadatak02.out" 
DEL /F "main.obj" "tm4c123gh6pm_startup_ccs.obj" "helper_library\helper.obj" "helper_library\uartstdio.obj" 
DEL /F "main.d" "tm4c123gh6pm_startup_ccs.d" "helper_library\helper.d" "helper_library\uartstdio.d" 
Could Not Find C:\Users\Savke\workspace_v12\Termin01Zadatak02\Debug\Termin01Zadatak02.out
Finished clean
 

**** Build Finished ****

**** Build of configuration Debug for project Termin01Zadatak02 ****

"C:\\ti\\ccs1250\\ccs\\utils\\bin\\gmake" -k -j 24 all -O 
 
Building file: "../main.c"
Invoking: Arm Compiler
"C:/ti/ccs1250/ccs/tools/compiler/ti-cgt-arm_20.2.7.LTS/bin/armcl" -mv7M4 --code_state=16 --float_support=FPv4SPD16 -me --include_path="C:/Users/Savke/workspace_v12/Termin01Zadatak02" --include_path="C:/ti/TivaWare_C_Series-2.2.0.295" --include_path="C:/ti/ccs1250/ccs/tools/compiler/ti-cgt-arm_20.2.7.LTS/include" --define=ccs="ccs" --define=PART_TM4C123GH6PM -g --gcc --diag_warning=225 --diag_wrap=off --display_error_number --abi=eabi --preproc_with_compile --preproc_dependency="main.d_raw"  "../main.c"
Finished building: "../main.c"
 
Building file: "../tm4c123gh6pm_startup_ccs.c"
Invoking: Arm Compiler
"C:/ti/ccs1250/ccs/tools/compiler/ti-cgt-arm_20.2.7.LTS/bin/armcl" -mv7M4 --code_state=16 --float_support=FPv4SPD16 -me --include_path="C:/Users/Savke/workspace_v12/Termin01Zadatak02" --include_path="C:/ti/TivaWare_C_Series-2.2.0.295" --include_path="C:/ti/ccs1250/ccs/tools/compiler/ti-cgt-arm_20.2.7.LTS/include" --define=ccs="ccs" --define=PART_TM4C123GH6PM -g --gcc --diag_warning=225 --diag_wrap=off --display_error_number --abi=eabi --preproc_with_compile --preproc_dependency="tm4c123gh6pm_startup_ccs.d_raw"  "../tm4c123gh6pm_startup_ccs.c"
Finished building: "../tm4c123gh6pm_startup_ccs.c"
 
Building file: "../helper_library/helper.c"
Invoking: Arm Compiler
"C:/ti/ccs1250/ccs/tools/compiler/ti-cgt-arm_20.2.7.LTS/bin/armcl" -mv7M4 --code_state=16 --float_support=FPv4SPD16 -me --include_path="C:/Users/Savke/workspace_v12/Termin01Zadatak02" --include_path="C:/ti/TivaWare_C_Series-2.2.0.295" --include_path="C:/ti/ccs1250/ccs/tools/compiler/ti-cgt-arm_20.2.7.LTS/include" --define=ccs="ccs" --define=PART_TM4C123GH6PM -g --gcc --diag_warning=225 --diag_wrap=off --display_error_number --abi=eabi --preproc_with_compile --preproc_dependency="helper_library/helper.d_raw" --obj_directory="helper_library"  "../helper_library/helper.c"
Finished building: "../helper_library/helper.c"
 
Building file: "../helper_library/uartstdio.c"
Invoking: Arm Compiler
"C:/ti/ccs1250/ccs/tools/compiler/ti-cgt-arm_20.2.7.LTS/bin/armcl" -mv7M4 --code_state=16 --float_support=FPv4SPD16 -me --include_path="C:/Users/Savke/workspace_v12/Termin01Zadatak02" --include_path="C:/ti/TivaWare_C_Series-2.2.0.295" --include_path="C:/ti/ccs1250/ccs/tools/compiler/ti-cgt-arm_20.2.7.LTS/include" --define=ccs="ccs" --define=PART_TM4C123GH6PM -g --gcc --diag_warning=225 --diag_wrap=off --display_error_number --abi=eabi --preproc_with_compile --preproc_dependency="helper_library/uartstdio.d_raw" --obj_directory="helper_library"  "../helper_library/uartstdio.c"
Finished building: "../helper_library/uartstdio.c"
 
Building target: "Termin01Zadatak02.out"
Invoking: Arm Linker
"C:/ti/ccs1250/ccs/tools/compiler/ti-cgt-arm_20.2.7.LTS/bin/armcl" -mv7M4 --code_state=16 --float_support=FPv4SPD16 -me --define=ccs="ccs" --define=PART_TM4C123GH6PM -g --gcc --diag_warning=225 --diag_wrap=off --display_error_number --abi=eabi -z -m"Termin01Zadatak02.map" --heap_size=0 --stack_size=16384 -i"C:/ti/ccs1250/ccs/tools/compiler/ti-cgt-arm_20.2.7.LTS/lib" -i"C:/ti/ccs1250/ccs/tools/compiler/ti-cgt-arm_20.2.7.LTS/include" --reread_libs --diag_wrap=off --display_error_number --warn_sections --xml_link_info="Termin01Zadatak02_linkInfo.xml" --rom_model -o "Termin01Zadatak02.out" "./main.obj" "./tm4c123gh6pm_startup_ccs.obj" "./helper_library/helper.obj" "./helper_library/uartstdio.obj" "../tm4c123gh6pm.cmd"  -llibc.a -l"C:/ti/TivaWare_C_Series-2.2.0.295/driverlib/ccs/Debug/driverlib.lib" 
<Linking>
Finished building target: "Termin01Zadatak02.out"
 

**** Build Finished ****

**** Build of configuration Release for project Termin01Zadatak02 ****

"C:\\ti\\ccs1250\\ccs\\utils\\bin\\gmake" -k -j 24 all -O 
 
Building file: "../helper_library/helper.c"
Invoking: Arm Compiler
"C:/ti/ccs1250/ccs/tools/compiler/ti-cgt-arm_20.2.7.LTS/bin/armcl" -mv7M4 --code_state=16 --float_support=FPv4SPD16 -me -O2 --include_path="C:/Users/Savke/workspace_v12/Termin01Zadatak02" --include_path="C:/ti/ccs1250/ccs/tools/compiler/ti-cgt-arm_20.2.7.LTS/include" --define=ccs="ccs" --define=PART_TM4C123GH6PM --gcc --diag_warning=225 --diag_wrap=off --display_error_number --abi=eabi --preproc_with_compile --preproc_dependency="helper_library/helper.d_raw" --obj_directory="helper_library"  "../helper_library/helper.c"
 
>> Compilation failure
helper_library/subdir_rules.mk:9: recipe for target 'helper_library/helper.obj' failed
"../helper_library/helper.c", line 5: fatal error #1965: cannot open source file "inc/hw_memmap.h"
1 catastrophic error detected in the compilation of "../helper_library/helper.c".
Compilation terminated.
gmake: *** [helper_library/helper.obj] Error 1
Building file: "../helper_library/uartstdio.c"
Invoking: Arm Compiler
"C:/ti/ccs1250/ccs/tools/compiler/ti-cgt-arm_20.2.7.LTS/bin/armcl" -mv7M4 --code_state=16 --float_support=FPv4SPD16 -me -O2 --include_path="C:/Users/Savke/workspace_v12/Termin01Zadatak02" --include_path="C:/ti/ccs1250/ccs/tools/compiler/ti-cgt-arm_20.2.7.LTS/include" --define=ccs="ccs" --define=PART_TM4C123GH6PM --gcc --diag_warning=225 --diag_wrap=off --display_error_number --abi=eabi --preproc_with_compile --preproc_dependency="helper_library/uartstdio.d_raw" --obj_directory="helper_library"  "../helper_library/uartstdio.c"
 
>> Compilation failure
helper_library/subdir_rules.mk:9: recipe for target 'helper_library/uartstdio.obj' failed
"../helper_library/uartstdio.c", line 28: fatal error #1965: cannot open source file "inc/hw_ints.h"
1 catastrophic error detected in the compilation of "../helper_library/uartstdio.c".
Compilation terminated.
gmake: *** [helper_library/uartstdio.obj] Error 1
Building file: "../main.c"
Invoking: Arm Compiler
"C:/ti/ccs1250/ccs/tools/compiler/ti-cgt-arm_20.2.7.LTS/bin/armcl" -mv7M4 --code_state=16 --float_support=FPv4SPD16 -me -O2 --include_path="C:/Users/Savke/workspace_v12/Termin01Zadatak02" --include_path="C:/ti/ccs1250/ccs/tools/compiler/ti-cgt-arm_20.2.7.LTS/include" --define=ccs="ccs" --define=PART_TM4C123GH6PM --gcc --diag_warning=225 --diag_wrap=off --display_error_number --abi=eabi --preproc_with_compile --preproc_dependency="main.d_raw"  "../main.c"
Finished building: "../main.c"
 
Building file: "../tm4c123gh6pm_startup_ccs.c"
Invoking: Arm Compiler
"C:/ti/ccs1250/ccs/tools/compiler/ti-cgt-arm_20.2.7.LTS/bin/armcl" -mv7M4 --code_state=16 --float_support=FPv4SPD16 -me -O2 --include_path="C:/Users/Savke/workspace_v12/Termin01Zadatak02" --include_path="C:/ti/ccs1250/ccs/tools/compiler/ti-cgt-arm_20.2.7.LTS/include" --define=ccs="ccs" --define=PART_TM4C123GH6PM --gcc --diag_warning=225 --diag_wrap=off --display_error_number --abi=eabi --preproc_with_compile --preproc_dependency="tm4c123gh6pm_startup_ccs.d_raw"  "../tm4c123gh6pm_startup_ccs.c"
Finished building: "../tm4c123gh6pm_startup_ccs.c"
 
gmake: Target 'all' not remade because of errors.

**** Build Finished ****

**** Build of configuration Debug for project Termin01Zadatak02 ****

"C:\\ti\\ccs1250\\ccs\\utils\\bin\\gmake" -k -j 24 all -O 
 
gmake[1]: 'Termin01Zadatak02.out' is up to date.

**** Build Finished ****

**** Build of configuration Debug for project Termin01Zadatak02 ****

"C:\\ti\\ccs1250\\ccs\\utils\\bin\\gmake" -k -j 24 all -O 
 
gmake[1]: 'Termin01Zadatak02.out' is up to date.

**** Build Finished ****

**** Clean-only build of configuration Debug for project Termin01Zadatak3 ****

"C:\\ti\\ccs1250\\ccs\\utils\\bin\\gmake" -k -j 24 clean -O 
 
DEL /F  "Termin01Zadatak3.out" 
DEL /F "main.obj" "tm4c123gh6pm_startup_ccs.obj" "helper_library\helper.obj" "helper_library\uartstdio.obj" 
DEL /F "main.d" "tm4c123gh6pm_startup_ccs.d" "helper_library\helper.d" "helper_library\uartstdio.d" 
Could Not Find C:\Users\Savke\workspace_v12\Termin01Zadatak3\Debug\Termin01Zadatak3.out
Finished clean
 

**** Build Finished ****

**** Build of configuration Debug for project Termin01Zadatak3 ****

"C:\\ti\\ccs1250\\ccs\\utils\\bin\\gmake" -k -j 24 all -O 
 
Building file: "../main.c"
Invoking: Arm Compiler
"C:/ti/ccs1250/ccs/tools/compiler/ti-cgt-arm_20.2.7.LTS/bin/armcl" -mv7M4 --code_state=16 --float_support=FPv4SPD16 -me --include_path="C:/Users/Savke/workspace_v12/Termin01Zadatak3" --include_path="C:/ti/TivaWare_C_Series-2.2.0.295" --include_path="C:/ti/ccs1250/ccs/tools/compiler/ti-cgt-arm_20.2.7.LTS/include" --define=ccs="ccs" --define=PART_TM4C123GH6PM -g --gcc --diag_warning=225 --diag_wrap=off --display_error_number --abi=eabi --preproc_with_compile --preproc_dependency="main.d_raw"  "../main.c"
Finished building: "../main.c"
 
Building file: "../tm4c123gh6pm_startup_ccs.c"
Invoking: Arm Compiler
"C:/ti/ccs1250/ccs/tools/compiler/ti-cgt-arm_20.2.7.LTS/bin/armcl" -mv7M4 --code_state=16 --float_support=FPv4SPD16 -me --include_path="C:/Users/Savke/workspace_v12/Termin01Zadatak3" --include_path="C:/ti/TivaWare_C_Series-2.2.0.295" --include_path="C:/ti/ccs1250/ccs/tools/compiler/ti-cgt-arm_20.2.7.LTS/include" --define=ccs="ccs" --define=PART_TM4C123GH6PM -g --gcc --diag_warning=225 --diag_wrap=off --display_error_number --abi=eabi --preproc_with_compile --preproc_dependency="tm4c123gh6pm_startup_ccs.d_raw"  "../tm4c123gh6pm_startup_ccs.c"
Finished building: "../tm4c123gh6pm_startup_ccs.c"
 
Building file: "../helper_library/helper.c"
Invoking: Arm Compiler
"C:/ti/ccs1250/ccs/tools/compiler/ti-cgt-arm_20.2.7.LTS/bin/armcl" -mv7M4 --code_state=16 --float_support=FPv4SPD16 -me --include_path="C:/Users/Savke/workspace_v12/Termin01Zadatak3" --include_path="C:/ti/TivaWare_C_Series-2.2.0.295" --include_path="C:/ti/ccs1250/ccs/tools/compiler/ti-cgt-arm_20.2.7.LTS/include" --define=ccs="ccs" --define=PART_TM4C123GH6PM -g --gcc --diag_warning=225 --diag_wrap=off --display_error_number --abi=eabi --preproc_with_compile --preproc_dependency="helper_library/helper.d_raw" --obj_directory="helper_library"  "../helper_library/helper.c"
Finished building: "../helper_library/helper.c"
 
Building file: "../helper_library/uartstdio.c"
Invoking: Arm Compiler
"C:/ti/ccs1250/ccs/tools/compiler/ti-cgt-arm_20.2.7.LTS/bin/armcl" -mv7M4 --code_state=16 --float_support=FPv4SPD16 -me --include_path="C:/Users/Savke/workspace_v12/Termin01Zadatak3" --include_path="C:/ti/TivaWare_C_Series-2.2.0.295" --include_path="C:/ti/ccs1250/ccs/tools/compiler/ti-cgt-arm_20.2.7.LTS/include" --define=ccs="ccs" --define=PART_TM4C123GH6PM -g --gcc --diag_warning=225 --diag_wrap=off --display_error_number --abi=eabi --preproc_with_compile --preproc_dependency="helper_library/uartstdio.d_raw" --obj_directory="helper_library"  "../helper_library/uartstdio.c"
Finished building: "../helper_library/uartstdio.c"
 
Building target: "Termin01Zadatak3.out"
Invoking: Arm Linker
"C:/ti/ccs1250/ccs/tools/compiler/ti-cgt-arm_20.2.7.LTS/bin/armcl" -mv7M4 --code_state=16 --float_support=FPv4SPD16 -me --define=ccs="ccs" --define=PART_TM4C123GH6PM -g --gcc --diag_warning=225 --diag_wrap=off --display_error_number --abi=eabi -z -m"Termin01Zadatak3.map" --heap_size=0 --stack_size=16384 -i"C:/ti/ccs1250/ccs/tools/compiler/ti-cgt-arm_20.2.7.LTS/lib" -i"C:/ti/ccs1250/ccs/tools/compiler/ti-cgt-arm_20.2.7.LTS/include" --reread_libs --diag_wrap=off --display_error_number --warn_sections --xml_link_info="Termin01Zadatak3_linkInfo.xml" --rom_model -o "Termin01Zadatak3.out" "./main.obj" "./tm4c123gh6pm_startup_ccs.obj" "./helper_library/helper.obj" "./helper_library/uartstdio.obj" "../tm4c123gh6pm.cmd"  -llibc.a -l"C:/ti/TivaWare_C_Series-2.2.0.295/driverlib/ccs/Debug/driverlib.lib" 
<Linking>
Finished building target: "Termin01Zadatak3.out"
 

**** Build Finished ****

**** Build of configuration Debug for project Termin01Zadatak3 ****

"C:\\ti\\ccs1250\\ccs\\utils\\bin\\gmake" -k -j 24 all -O 
 
gmake[1]: 'Termin01Zadatak3.out' is up to date.

**** Build Finished ****

**** Clean-only build of configuration Debug for project Termin01Zadatak4 ****

"C:\\ti\\ccs1250\\ccs\\utils\\bin\\gmake" -k -j 24 clean -O 
 
DEL /F  "Termin01Zadatak4.out" 
DEL /F "main.obj" "tm4c123gh6pm_startup_ccs.obj" "helper_library\helper.obj" "helper_library\uartstdio.obj" 
DEL /F "main.d" "tm4c123gh6pm_startup_ccs.d" "helper_library\helper.d" "helper_library\uartstdio.d" 
Could Not Find C:\Users\Savke\workspace_v12\Termin01Zadatak4\Debug\Termin01Zadatak4.out
Finished clean
 

**** Build Finished ****

**** Build of configuration Debug for project Termin01Zadatak4 ****

"C:\\ti\\ccs1250\\ccs\\utils\\bin\\gmake" -k -j 24 all -O 
 
Building file: "../main.c"
Invoking: Arm Compiler
"C:/ti/ccs1250/ccs/tools/compiler/ti-cgt-arm_20.2.7.LTS/bin/armcl" -mv7M4 --code_state=16 --float_support=FPv4SPD16 -me --include_path="C:/Users/Savke/workspace_v12/Termin01Zadatak4" --include_path="C:/ti/TivaWare_C_Series-2.2.0.295" --include_path="C:/ti/ccs1250/ccs/tools/compiler/ti-cgt-arm_20.2.7.LTS/include" --define=ccs="ccs" --define=PART_TM4C123GH6PM -g --gcc --diag_warning=225 --diag_wrap=off --display_error_number --abi=eabi --preproc_with_compile --preproc_dependency="main.d_raw"  "../main.c"
Finished building: "../main.c"
 
Building file: "../tm4c123gh6pm_startup_ccs.c"
Invoking: Arm Compiler
"C:/ti/ccs1250/ccs/tools/compiler/ti-cgt-arm_20.2.7.LTS/bin/armcl" -mv7M4 --code_state=16 --float_support=FPv4SPD16 -me --include_path="C:/Users/Savke/workspace_v12/Termin01Zadatak4" --include_path="C:/ti/TivaWare_C_Series-2.2.0.295" --include_path="C:/ti/ccs1250/ccs/tools/compiler/ti-cgt-arm_20.2.7.LTS/include" --define=ccs="ccs" --define=PART_TM4C123GH6PM -g --gcc --diag_warning=225 --diag_wrap=off --display_error_number --abi=eabi --preproc_with_compile --preproc_dependency="tm4c123gh6pm_startup_ccs.d_raw"  "../tm4c123gh6pm_startup_ccs.c"
Finished building: "../tm4c123gh6pm_startup_ccs.c"
 
Building file: "../helper_library/helper.c"
Invoking: Arm Compiler
"C:/ti/ccs1250/ccs/tools/compiler/ti-cgt-arm_20.2.7.LTS/bin/armcl" -mv7M4 --code_state=16 --float_support=FPv4SPD16 -me --include_path="C:/Users/Savke/workspace_v12/Termin01Zadatak4" --include_path="C:/ti/TivaWare_C_Series-2.2.0.295" --include_path="C:/ti/ccs1250/ccs/tools/compiler/ti-cgt-arm_20.2.7.LTS/include" --define=ccs="ccs" --define=PART_TM4C123GH6PM -g --gcc --diag_warning=225 --diag_wrap=off --display_error_number --abi=eabi --preproc_with_compile --preproc_dependency="helper_library/helper.d_raw" --obj_directory="helper_library"  "../helper_library/helper.c"
Finished building: "../helper_library/helper.c"
 
Building file: "../helper_library/uartstdio.c"
Invoking: Arm Compiler
"C:/ti/ccs1250/ccs/tools/compiler/ti-cgt-arm_20.2.7.LTS/bin/armcl" -mv7M4 --code_state=16 --float_support=FPv4SPD16 -me --include_path="C:/Users/Savke/workspace_v12/Termin01Zadatak4" --include_path="C:/ti/TivaWare_C_Series-2.2.0.295" --include_path="C:/ti/ccs1250/ccs/tools/compiler/ti-cgt-arm_20.2.7.LTS/include" --define=ccs="ccs" --define=PART_TM4C123GH6PM -g --gcc --diag_warning=225 --diag_wrap=off --display_error_number --abi=eabi --preproc_with_compile --preproc_dependency="helper_library/uartstdio.d_raw" --obj_directory="helper_library"  "../helper_library/uartstdio.c"
Finished building: "../helper_library/uartstdio.c"
 
Building target: "Termin01Zadatak4.out"
Invoking: Arm Linker
"C:/ti/ccs1250/ccs/tools/compiler/ti-cgt-arm_20.2.7.LTS/bin/armcl" -mv7M4 --code_state=16 --float_support=FPv4SPD16 -me --define=ccs="ccs" --define=PART_TM4C123GH6PM -g --gcc --diag_warning=225 --diag_wrap=off --display_error_number --abi=eabi -z -m"Termin01Zadatak4.map" --heap_size=0 --stack_size=16384 -i"C:/ti/ccs1250/ccs/tools/compiler/ti-cgt-arm_20.2.7.LTS/lib" -i"C:/ti/ccs1250/ccs/tools/compiler/ti-cgt-arm_20.2.7.LTS/include" --reread_libs --diag_wrap=off --display_error_number --warn_sections --xml_link_info="Termin01Zadatak4_linkInfo.xml" --rom_model -o "Termin01Zadatak4.out" "./main.obj" "./tm4c123gh6pm_startup_ccs.obj" "./helper_library/helper.obj" "./helper_library/uartstdio.obj" "../tm4c123gh6pm.cmd"  -llibc.a -l"C:/ti/TivaWare_C_Series-2.2.0.295/driverlib/ccs/Debug/driverlib.lib" 
<Linking>
Finished building target: "Termin01Zadatak4.out"
 

**** Build Finished ****

**** Build of configuration Debug for project Termin01Zadatak3 ****

"C:\\ti\\ccs1250\\ccs\\utils\\bin\\gmake" -k -j 24 all -O 
 
Building file: "../main.c"
Invoking: Arm Compiler
"C:/ti/ccs1250/ccs/tools/compiler/ti-cgt-arm_20.2.7.LTS/bin/armcl" -mv7M4 --code_state=16 --float_support=FPv4SPD16 -me --include_path="C:/Users/Savke/workspace_v12/Termin01Zadatak3" --include_path="C:/ti/TivaWare_C_Series-2.2.0.295" --include_path="C:/ti/ccs1250/ccs/tools/compiler/ti-cgt-arm_20.2.7.LTS/include" --define=ccs="ccs" --define=PART_TM4C123GH6PM -g --gcc --diag_warning=225 --diag_wrap=off --display_error_number --abi=eabi --preproc_with_compile --preproc_dependency="main.d_raw"  "../main.c"
"../main.c", line 13: warning #551-D: variable "x" is used before its value is set
Finished building: "../main.c"
 
Building target: "Termin01Zadatak3.out"
Invoking: Arm Linker
"C:/ti/ccs1250/ccs/tools/compiler/ti-cgt-arm_20.2.7.LTS/bin/armcl" -mv7M4 --code_state=16 --float_support=FPv4SPD16 -me --define=ccs="ccs" --define=PART_TM4C123GH6PM -g --gcc --diag_warning=225 --diag_wrap=off --display_error_number --abi=eabi -z -m"Termin01Zadatak3.map" --heap_size=0 --stack_size=16384 -i"C:/ti/ccs1250/ccs/tools/compiler/ti-cgt-arm_20.2.7.LTS/lib" -i"C:/ti/ccs1250/ccs/tools/compiler/ti-cgt-arm_20.2.7.LTS/include" --reread_libs --diag_wrap=off --display_error_number --warn_sections --xml_link_info="Termin01Zadatak3_linkInfo.xml" --rom_model -o "Termin01Zadatak3.out" "./main.obj" "./tm4c123gh6pm_startup_ccs.obj" "./helper_library/helper.obj" "./helper_library/uartstdio.obj" "../tm4c123gh6pm.cmd"  -llibc.a -l"C:/ti/TivaWare_C_Series-2.2.0.295/driverlib/ccs/Debug/driverlib.lib" 
<Linking>
Finished building target: "Termin01Zadatak3.out"
 

**** Build Finished ****

**** Build of configuration Debug for project Termin01Zadatak3 ****

"C:\\ti\\ccs1250\\ccs\\utils\\bin\\gmake" -k -j 24 all -O 
 
gmake[1]: 'Termin01Zadatak3.out' is up to date.

**** Build Finished ****

**** Build of configuration Debug for project Termin01Zadatak3 ****

"C:\\ti\\ccs1250\\ccs\\utils\\bin\\gmake" -k -j 24 all -O 
 
gmake[1]: 'Termin01Zadatak3.out' is up to date.

**** Build Finished ****

**** Build of configuration Debug for project Termin01Zadatak3 ****

"C:\\ti\\ccs1250\\ccs\\utils\\bin\\gmake" -k -j 24 all -O 
 
gmake[1]: 'Termin01Zadatak3.out' is up to date.

**** Build Finished ****

**** Build of configuration Debug for project Termin01Zadatak3 ****

"C:\\ti\\ccs1250\\ccs\\utils\\bin\\gmake" -k -j 24 all -O 
 
gmake[1]: 'Termin01Zadatak3.out' is up to date.

**** Build Finished ****

**** Build of configuration Debug for project Termin01Zadatak4 ****

"C:\\ti\\ccs1250\\ccs\\utils\\bin\\gmake" -k -j 24 all -O 
 
Building file: "../main.c"
Invoking: Arm Compiler
"C:/ti/ccs1250/ccs/tools/compiler/ti-cgt-arm_20.2.7.LTS/bin/armcl" -mv7M4 --code_state=16 --float_support=FPv4SPD16 -me --include_path="C:/Users/Savke/workspace_v12/Termin01Zadatak4" --include_path="C:/ti/TivaWare_C_Series-2.2.0.295" --include_path="C:/ti/ccs1250/ccs/tools/compiler/ti-cgt-arm_20.2.7.LTS/include" --define=ccs="ccs" --define=PART_TM4C123GH6PM -g --gcc --diag_warning=225 --diag_wrap=off --display_error_number --abi=eabi --preproc_with_compile --preproc_dependency="main.d_raw"  "../main.c"
 
>> Compilation failure
subdir_rules.mk:9: recipe for target 'main.obj' failed
"../main.c", line 14: error #20: identifier "a" is undefined
"../main.c", line 13: warning #179-D: variable "x" was declared but never referenced
1 error detected in the compilation of "../main.c".
gmake: *** [main.obj] Error 1
gmake: Target 'all' not remade because of errors.

**** Build Finished ****

**** Build of configuration Debug for project Termin01Zadatak4 ****

"C:\\ti\\ccs1250\\ccs\\utils\\bin\\gmake" -k -j 24 all -O 
 
Building file: "../main.c"
Invoking: Arm Compiler
"C:/ti/ccs1250/ccs/tools/compiler/ti-cgt-arm_20.2.7.LTS/bin/armcl" -mv7M4 --code_state=16 --float_support=FPv4SPD16 -me --include_path="C:/Users/Savke/workspace_v12/Termin01Zadatak4" --include_path="C:/ti/TivaWare_C_Series-2.2.0.295" --include_path="C:/ti/ccs1250/ccs/tools/compiler/ti-cgt-arm_20.2.7.LTS/include" --define=ccs="ccs" --define=PART_TM4C123GH6PM -g --gcc --diag_warning=225 --diag_wrap=off --display_error_number --abi=eabi --preproc_with_compile --preproc_dependency="main.d_raw"  "../main.c"
Finished building: "../main.c"
 
Building target: "Termin01Zadatak4.out"
Invoking: Arm Linker
"C:/ti/ccs1250/ccs/tools/compiler/ti-cgt-arm_20.2.7.LTS/bin/armcl" -mv7M4 --code_state=16 --float_support=FPv4SPD16 -me --define=ccs="ccs" --define=PART_TM4C123GH6PM -g --gcc --diag_warning=225 --diag_wrap=off --display_error_number --abi=eabi -z -m"Termin01Zadatak4.map" --heap_size=0 --stack_size=16384 -i"C:/ti/ccs1250/ccs/tools/compiler/ti-cgt-arm_20.2.7.LTS/lib" -i"C:/ti/ccs1250/ccs/tools/compiler/ti-cgt-arm_20.2.7.LTS/include" --reread_libs --diag_wrap=off --display_error_number --warn_sections --xml_link_info="Termin01Zadatak4_linkInfo.xml" --rom_model -o "Termin01Zadatak4.out" "./main.obj" "./tm4c123gh6pm_startup_ccs.obj" "./helper_library/helper.obj" "./helper_library/uartstdio.obj" "../tm4c123gh6pm.cmd"  -llibc.a -l"C:/ti/TivaWare_C_Series-2.2.0.295/driverlib/ccs/Debug/driverlib.lib" 
<Linking>
Finished building target: "Termin01Zadatak4.out"
 

**** Build Finished ****

**** Build of configuration Debug for project Termin01Zadatak4 ****

"C:\\ti\\ccs1250\\ccs\\utils\\bin\\gmake" -k -j 24 all -O 
 
Building file: "../main.c"
Invoking: Arm Compiler
"C:/ti/ccs1250/ccs/tools/compiler/ti-cgt-arm_20.2.7.LTS/bin/armcl" -mv7M4 --code_state=16 --float_support=FPv4SPD16 -me --include_path="C:/Users/Savke/workspace_v12/Termin01Zadatak4" --include_path="C:/ti/TivaWare_C_Series-2.2.0.295" --include_path="C:/ti/ccs1250/ccs/tools/compiler/ti-cgt-arm_20.2.7.LTS/include" --define=ccs="ccs" --define=PART_TM4C123GH6PM -g --gcc --diag_warning=225 --diag_wrap=off --display_error_number --abi=eabi --preproc_with_compile --preproc_dependency="main.d_raw"  "../main.c"
Finished building: "../main.c"
 
Building target: "Termin01Zadatak4.out"
Invoking: Arm Linker
"C:/ti/ccs1250/ccs/tools/compiler/ti-cgt-arm_20.2.7.LTS/bin/armcl" -mv7M4 --code_state=16 --float_support=FPv4SPD16 -me --define=ccs="ccs" --define=PART_TM4C123GH6PM -g --gcc --diag_warning=225 --diag_wrap=off --display_error_number --abi=eabi -z -m"Termin01Zadatak4.map" --heap_size=0 --stack_size=16384 -i"C:/ti/ccs1250/ccs/tools/compiler/ti-cgt-arm_20.2.7.LTS/lib" -i"C:/ti/ccs1250/ccs/tools/compiler/ti-cgt-arm_20.2.7.LTS/include" --reread_libs --diag_wrap=off --display_error_number --warn_sections --xml_link_info="Termin01Zadatak4_linkInfo.xml" --rom_model -o "Termin01Zadatak4.out" "./main.obj" "./tm4c123gh6pm_startup_ccs.obj" "./helper_library/helper.obj" "./helper_library/uartstdio.obj" "../tm4c123gh6pm.cmd"  -llibc.a -l"C:/ti/TivaWare_C_Series-2.2.0.295/driverlib/ccs/Debug/driverlib.lib" 
<Linking>
Finished building target: "Termin01Zadatak4.out"
 

**** Build Finished ****

**** Build of configuration Debug for project Termin01Zadatak4 ****

"C:\\ti\\ccs1250\\ccs\\utils\\bin\\gmake" -k -j 24 all -O 
 
gmake[1]: 'Termin01Zadatak4.out' is up to date.

**** Build Finished ****

**** Build of configuration Debug for project Termin01Zadatak4 ****

"C:\\ti\\ccs1250\\ccs\\utils\\bin\\gmake" -k -j 24 all -O 
 
gmake[1]: 'Termin01Zadatak4.out' is up to date.

**** Build Finished ****

**** Build of configuration Debug for project Termin01Zadatak4 ****

"C:\\ti\\ccs1250\\ccs\\utils\\bin\\gmake" -k -j 24 all -O 
 
Building file: "../main.c"
Invoking: Arm Compiler
"C:/ti/ccs1250/ccs/tools/compiler/ti-cgt-arm_20.2.7.LTS/bin/armcl" -mv7M4 --code_state=16 --float_support=FPv4SPD16 -me --include_path="C:/Users/Savke/workspace_v12/Termin01Zadatak4" --include_path="C:/ti/TivaWare_C_Series-2.2.0.295" --include_path="C:/ti/ccs1250/ccs/tools/compiler/ti-cgt-arm_20.2.7.LTS/include" --define=ccs="ccs" --define=PART_TM4C123GH6PM -g --gcc --diag_warning=225 --diag_wrap=off --display_error_number --abi=eabi --preproc_with_compile --preproc_dependency="main.d_raw"  "../main.c"
 
>> Compilation failure
subdir_rules.mk:9: recipe for target 'main.obj' failed
"../main.c", line 17: error #29: expected an expression
1 error detected in the compilation of "../main.c".
gmake: *** [main.obj] Error 1
gmake: Target 'all' not remade because of errors.

**** Build Finished ****

**** Build of configuration Debug for project Termin01Zadatak4 ****

"C:\\ti\\ccs1250\\ccs\\utils\\bin\\gmake" -k -j 24 all -O 
 
Building file: "../main.c"
Invoking: Arm Compiler
"C:/ti/ccs1250/ccs/tools/compiler/ti-cgt-arm_20.2.7.LTS/bin/armcl" -mv7M4 --code_state=16 --float_support=FPv4SPD16 -me --include_path="C:/Users/Savke/workspace_v12/Termin01Zadatak4" --include_path="C:/ti/TivaWare_C_Series-2.2.0.295" --include_path="C:/ti/ccs1250/ccs/tools/compiler/ti-cgt-arm_20.2.7.LTS/include" --define=ccs="ccs" --define=PART_TM4C123GH6PM -g --gcc --diag_warning=225 --diag_wrap=off --display_error_number --abi=eabi --preproc_with_compile --preproc_dependency="main.d_raw"  "../main.c"
 
>> Compilation failure
subdir_rules.mk:9: recipe for target 'main.obj' failed
"../main.c", line 17: error #29: expected an expression
1 error detected in the compilation of "../main.c".
gmake: *** [main.obj] Error 1
gmake: Target 'all' not remade because of errors.

**** Build Finished ****

**** Build of configuration Debug for project Termin01Zadatak4 ****

"C:\\ti\\ccs1250\\ccs\\utils\\bin\\gmake" -k -j 24 all -O 
 
Building file: "../main.c"
Invoking: Arm Compiler
"C:/ti/ccs1250/ccs/tools/compiler/ti-cgt-arm_20.2.7.LTS/bin/armcl" -mv7M4 --code_state=16 --float_support=FPv4SPD16 -me --include_path="C:/Users/Savke/workspace_v12/Termin01Zadatak4" --include_path="C:/ti/TivaWare_C_Series-2.2.0.295" --include_path="C:/ti/ccs1250/ccs/tools/compiler/ti-cgt-arm_20.2.7.LTS/include" --define=ccs="ccs" --define=PART_TM4C123GH6PM -g --gcc --diag_warning=225 --diag_wrap=off --display_error_number --abi=eabi --preproc_with_compile --preproc_dependency="main.d_raw"  "../main.c"
 
>> Compilation failure
subdir_rules.mk:9: recipe for target 'main.obj' failed
"../main.c", line 17: error #29: expected an expression
1 error detected in the compilation of "../main.c".
gmake: *** [main.obj] Error 1
gmake: Target 'all' not remade because of errors.

**** Build Finished ****

**** Build of configuration Debug for project Termin01Zadatak4 ****

"C:\\ti\\ccs1250\\ccs\\utils\\bin\\gmake" -k -j 24 all -O 
 
Building file: "../main.c"
Invoking: Arm Compiler
"C:/ti/ccs1250/ccs/tools/compiler/ti-cgt-arm_20.2.7.LTS/bin/armcl" -mv7M4 --code_state=16 --float_support=FPv4SPD16 -me --include_path="C:/Users/Savke/workspace_v12/Termin01Zadatak4" --include_path="C:/ti/TivaWare_C_Series-2.2.0.295" --include_path="C:/ti/ccs1250/ccs/tools/compiler/ti-cgt-arm_20.2.7.LTS/include" --define=ccs="ccs" --define=PART_TM4C123GH6PM -g --gcc --diag_warning=225 --diag_wrap=off --display_error_number --abi=eabi --preproc_with_compile --preproc_dependency="main.d_raw"  "../main.c"
Finished building: "../main.c"
 
Building target: "Termin01Zadatak4.out"
Invoking: Arm Linker
"C:/ti/ccs1250/ccs/tools/compiler/ti-cgt-arm_20.2.7.LTS/bin/armcl" -mv7M4 --code_state=16 --float_support=FPv4SPD16 -me --define=ccs="ccs" --define=PART_TM4C123GH6PM -g --gcc --diag_warning=225 --diag_wrap=off --display_error_number --abi=eabi -z -m"Termin01Zadatak4.map" --heap_size=0 --stack_size=16384 -i"C:/ti/ccs1250/ccs/tools/compiler/ti-cgt-arm_20.2.7.LTS/lib" -i"C:/ti/ccs1250/ccs/tools/compiler/ti-cgt-arm_20.2.7.LTS/include" --reread_libs --diag_wrap=off --display_error_number --warn_sections --xml_link_info="Termin01Zadatak4_linkInfo.xml" --rom_model -o "Termin01Zadatak4.out" "./main.obj" "./tm4c123gh6pm_startup_ccs.obj" "./helper_library/helper.obj" "./helper_library/uartstdio.obj" "../tm4c123gh6pm.cmd"  -llibc.a -l"C:/ti/TivaWare_C_Series-2.2.0.295/driverlib/ccs/Debug/driverlib.lib" 
<Linking>
Finished building target: "Termin01Zadatak4.out"
 

**** Build Finished ****

**** Build of configuration Debug for project Termin01Zadatak4 ****

"C:\\ti\\ccs1250\\ccs\\utils\\bin\\gmake" -k -j 24 all -O 
 
gmake[1]: 'Termin01Zadatak4.out' is up to date.

**** Build Finished ****

**** Build of configuration Debug for project Termin01Zadatak4 ****

"C:\\ti\\ccs1250\\ccs\\utils\\bin\\gmake" -k -j 24 all -O 
 
Building file: "../main.c"
Invoking: Arm Compiler
"C:/ti/ccs1250/ccs/tools/compiler/ti-cgt-arm_20.2.7.LTS/bin/armcl" -mv7M4 --code_state=16 --float_support=FPv4SPD16 -me --include_path="C:/Users/Savke/workspace_v12/Termin01Zadatak4" --include_path="C:/ti/TivaWare_C_Series-2.2.0.295" --include_path="C:/ti/ccs1250/ccs/tools/compiler/ti-cgt-arm_20.2.7.LTS/include" --define=ccs="ccs" --define=PART_TM4C123GH6PM -g --gcc --diag_warning=225 --diag_wrap=off --display_error_number --abi=eabi --preproc_with_compile --preproc_dependency="main.d_raw"  "../main.c"
Finished building: "../main.c"
 
Building target: "Termin01Zadatak4.out"
Invoking: Arm Linker
"C:/ti/ccs1250/ccs/tools/compiler/ti-cgt-arm_20.2.7.LTS/bin/armcl" -mv7M4 --code_state=16 --float_support=FPv4SPD16 -me --define=ccs="ccs" --define=PART_TM4C123GH6PM -g --gcc --diag_warning=225 --diag_wrap=off --display_error_number --abi=eabi -z -m"Termin01Zadatak4.map" --heap_size=0 --stack_size=16384 -i"C:/ti/ccs1250/ccs/tools/compiler/ti-cgt-arm_20.2.7.LTS/lib" -i"C:/ti/ccs1250/ccs/tools/compiler/ti-cgt-arm_20.2.7.LTS/include" --reread_libs --diag_wrap=off --display_error_number --warn_sections --xml_link_info="Termin01Zadatak4_linkInfo.xml" --rom_model -o "Termin01Zadatak4.out" "./main.obj" "./tm4c123gh6pm_startup_ccs.obj" "./helper_library/helper.obj" "./helper_library/uartstdio.obj" "../tm4c123gh6pm.cmd"  -llibc.a -l"C:/ti/TivaWare_C_Series-2.2.0.295/driverlib/ccs/Debug/driverlib.lib" 
<Linking>
Finished building target: "Termin01Zadatak4.out"
 

**** Build Finished ****

**** Build of configuration Debug for project Termin01Zadatak4 ****

"C:\\ti\\ccs1250\\ccs\\utils\\bin\\gmake" -k -j 24 all -O 
 
Building file: "../main.c"
Invoking: Arm Compiler
"C:/ti/ccs1250/ccs/tools/compiler/ti-cgt-arm_20.2.7.LTS/bin/armcl" -mv7M4 --code_state=16 --float_support=FPv4SPD16 -me --include_path="C:/Users/Savke/workspace_v12/Termin01Zadatak4" --include_path="C:/ti/TivaWare_C_Series-2.2.0.295" --include_path="C:/ti/ccs1250/ccs/tools/compiler/ti-cgt-arm_20.2.7.LTS/include" --define=ccs="ccs" --define=PART_TM4C123GH6PM -g --gcc --diag_warning=225 --diag_wrap=off --display_error_number --abi=eabi --preproc_with_compile --preproc_dependency="main.d_raw"  "../main.c"
Finished building: "../main.c"
 
Building target: "Termin01Zadatak4.out"
Invoking: Arm Linker
"C:/ti/ccs1250/ccs/tools/compiler/ti-cgt-arm_20.2.7.LTS/bin/armcl" -mv7M4 --code_state=16 --float_support=FPv4SPD16 -me --define=ccs="ccs" --define=PART_TM4C123GH6PM -g --gcc --diag_warning=225 --diag_wrap=off --display_error_number --abi=eabi -z -m"Termin01Zadatak4.map" --heap_size=0 --stack_size=16384 -i"C:/ti/ccs1250/ccs/tools/compiler/ti-cgt-arm_20.2.7.LTS/lib" -i"C:/ti/ccs1250/ccs/tools/compiler/ti-cgt-arm_20.2.7.LTS/include" --reread_libs --diag_wrap=off --display_error_number --warn_sections --xml_link_info="Termin01Zadatak4_linkInfo.xml" --rom_model -o "Termin01Zadatak4.out" "./main.obj" "./tm4c123gh6pm_startup_ccs.obj" "./helper_library/helper.obj" "./helper_library/uartstdio.obj" "../tm4c123gh6pm.cmd"  -llibc.a -l"C:/ti/TivaWare_C_Series-2.2.0.295/driverlib/ccs/Debug/driverlib.lib" 
<Linking>
Finished building target: "Termin01Zadatak4.out"
 

**** Build Finished ****

**** Clean-only build of configuration Debug for project Termin01Zadatak5 ****

"C:\\ti\\ccs1250\\ccs\\utils\\bin\\gmake" -k -j 24 clean -O 
 
DEL /F  "Termin01Zadatak5.out" 
DEL /F "main.obj" "tm4c123gh6pm_startup_ccs.obj" "helper_library\helper.obj" "helper_library\uartstdio.obj" 
DEL /F "main.d" "tm4c123gh6pm_startup_ccs.d" "helper_library\helper.d" "helper_library\uartstdio.d" 
Could Not Find C:\Users\Savke\workspace_v12\Termin01Zadatak5\Debug\Termin01Zadatak5.out
Finished clean
 

**** Build Finished ****

**** Build of configuration Debug for project Termin01Zadatak5 ****

"C:\\ti\\ccs1250\\ccs\\utils\\bin\\gmake" -k -j 24 all -O 
 
Building file: "../tm4c123gh6pm_startup_ccs.c"
Invoking: Arm Compiler
"C:/ti/ccs1250/ccs/tools/compiler/ti-cgt-arm_20.2.7.LTS/bin/armcl" -mv7M4 --code_state=16 --float_support=FPv4SPD16 -me --include_path="C:/Users/Savke/workspace_v12/Termin01Zadatak5" --include_path="C:/ti/TivaWare_C_Series-2.2.0.295" --include_path="C:/ti/ccs1250/ccs/tools/compiler/ti-cgt-arm_20.2.7.LTS/include" --define=ccs="ccs" --define=PART_TM4C123GH6PM -g --gcc --diag_warning=225 --diag_wrap=off --display_error_number --abi=eabi --preproc_with_compile --preproc_dependency="tm4c123gh6pm_startup_ccs.d_raw"  "../tm4c123gh6pm_startup_ccs.c"
Finished building: "../tm4c123gh6pm_startup_ccs.c"
 
Building file: "../main.c"
Invoking: Arm Compiler
"C:/ti/ccs1250/ccs/tools/compiler/ti-cgt-arm_20.2.7.LTS/bin/armcl" -mv7M4 --code_state=16 --float_support=FPv4SPD16 -me --include_path="C:/Users/Savke/workspace_v12/Termin01Zadatak5" --include_path="C:/ti/TivaWare_C_Series-2.2.0.295" --include_path="C:/ti/ccs1250/ccs/tools/compiler/ti-cgt-arm_20.2.7.LTS/include" --define=ccs="ccs" --define=PART_TM4C123GH6PM -g --gcc --diag_warning=225 --diag_wrap=off --display_error_number --abi=eabi --preproc_with_compile --preproc_dependency="main.d_raw"  "../main.c"
"../main.c", line 14: warning #551-D: variable "x" is used before its value is set
"../main.c", line 18: warning #551-D: variable "y" is used before its value is set
"../main.c", line 12: warning #179-D: variable "razlika" was declared but never referenced
"../main.c", line 12: warning #179-D: variable "mnozenje" was declared but never referenced
"../main.c", line 12: warning #179-D: variable "deljenje" was declared but never referenced
Finished building: "../main.c"
 
Building file: "../helper_library/helper.c"
Invoking: Arm Compiler
"C:/ti/ccs1250/ccs/tools/compiler/ti-cgt-arm_20.2.7.LTS/bin/armcl" -mv7M4 --code_state=16 --float_support=FPv4SPD16 -me --include_path="C:/Users/Savke/workspace_v12/Termin01Zadatak5" --include_path="C:/ti/TivaWare_C_Series-2.2.0.295" --include_path="C:/ti/ccs1250/ccs/tools/compiler/ti-cgt-arm_20.2.7.LTS/include" --define=ccs="ccs" --define=PART_TM4C123GH6PM -g --gcc --diag_warning=225 --diag_wrap=off --display_error_number --abi=eabi --preproc_with_compile --preproc_dependency="helper_library/helper.d_raw" --obj_directory="helper_library"  "../helper_library/helper.c"
Finished building: "../helper_library/helper.c"
 
Building file: "../helper_library/uartstdio.c"
Invoking: Arm Compiler
"C:/ti/ccs1250/ccs/tools/compiler/ti-cgt-arm_20.2.7.LTS/bin/armcl" -mv7M4 --code_state=16 --float_support=FPv4SPD16 -me --include_path="C:/Users/Savke/workspace_v12/Termin01Zadatak5" --include_path="C:/ti/TivaWare_C_Series-2.2.0.295" --include_path="C:/ti/ccs1250/ccs/tools/compiler/ti-cgt-arm_20.2.7.LTS/include" --define=ccs="ccs" --define=PART_TM4C123GH6PM -g --gcc --diag_warning=225 --diag_wrap=off --display_error_number --abi=eabi --preproc_with_compile --preproc_dependency="helper_library/uartstdio.d_raw" --obj_directory="helper_library"  "../helper_library/uartstdio.c"
Finished building: "../helper_library/uartstdio.c"
 
Building target: "Termin01Zadatak5.out"
Invoking: Arm Linker
"C:/ti/ccs1250/ccs/tools/compiler/ti-cgt-arm_20.2.7.LTS/bin/armcl" -mv7M4 --code_state=16 --float_support=FPv4SPD16 -me --define=ccs="ccs" --define=PART_TM4C123GH6PM -g --gcc --diag_warning=225 --diag_wrap=off --display_error_number --abi=eabi -z -m"Termin01Zadatak5.map" --heap_size=0 --stack_size=16384 -i"C:/ti/ccs1250/ccs/tools/compiler/ti-cgt-arm_20.2.7.LTS/lib" -i"C:/ti/ccs1250/ccs/tools/compiler/ti-cgt-arm_20.2.7.LTS/include" --reread_libs --diag_wrap=off --display_error_number --warn_sections --xml_link_info="Termin01Zadatak5_linkInfo.xml" --rom_model -o "Termin01Zadatak5.out" "./main.obj" "./tm4c123gh6pm_startup_ccs.obj" "./helper_library/helper.obj" "./helper_library/uartstdio.obj" "../tm4c123gh6pm.cmd"  -llibc.a -l"C:/ti/TivaWare_C_Series-2.2.0.295/driverlib/ccs/Debug/driverlib.lib" 
<Linking>
Finished building target: "Termin01Zadatak5.out"
 

**** Build Finished ****

**** Build of configuration Debug for project Termin01Zadatak5 ****

"C:\\ti\\ccs1250\\ccs\\utils\\bin\\gmake" -k -j 24 all -O 
 
gmake[1]: 'Termin01Zadatak5.out' is up to date.

**** Build Finished ****

**** Build of configuration Debug for project Termin01Zadatak5 ****

"C:\\ti\\ccs1250\\ccs\\utils\\bin\\gmake" -k -j 24 all -O 
 
gmake[1]: 'Termin01Zadatak5.out' is up to date.

**** Build Finished ****

**** Build of configuration Debug for project Termin01Zadatak5 ****

"C:\\ti\\ccs1250\\ccs\\utils\\bin\\gmake" -k -j 24 all -O 
 
Building file: "../main.c"
Invoking: Arm Compiler
"C:/ti/ccs1250/ccs/tools/compiler/ti-cgt-arm_20.2.7.LTS/bin/armcl" -mv7M4 --code_state=16 --float_support=FPv4SPD16 -me --include_path="C:/Users/Savke/workspace_v12/Termin01Zadatak5" --include_path="C:/ti/TivaWare_C_Series-2.2.0.295" --include_path="C:/ti/ccs1250/ccs/tools/compiler/ti-cgt-arm_20.2.7.LTS/include" --define=ccs="ccs" --define=PART_TM4C123GH6PM -g --gcc --diag_warning=225 --diag_wrap=off --display_error_number --abi=eabi --preproc_with_compile --preproc_dependency="main.d_raw"  "../main.c"
"../main.c", line 12: warning #179-D: variable "razlika" was declared but never referenced
"../main.c", line 12: warning #179-D: variable "mnozenje" was declared but never referenced
"../main.c", line 12: warning #179-D: variable "deljenje" was declared but never referenced
Finished building: "../main.c"
 
Building target: "Termin01Zadatak5.out"
Invoking: Arm Linker
"C:/ti/ccs1250/ccs/tools/compiler/ti-cgt-arm_20.2.7.LTS/bin/armcl" -mv7M4 --code_state=16 --float_support=FPv4SPD16 -me --define=ccs="ccs" --define=PART_TM4C123GH6PM -g --gcc --diag_warning=225 --diag_wrap=off --display_error_number --abi=eabi -z -m"Termin01Zadatak5.map" --heap_size=0 --stack_size=16384 -i"C:/ti/ccs1250/ccs/tools/compiler/ti-cgt-arm_20.2.7.LTS/lib" -i"C:/ti/ccs1250/ccs/tools/compiler/ti-cgt-arm_20.2.7.LTS/include" --reread_libs --diag_wrap=off --display_error_number --warn_sections --xml_link_info="Termin01Zadatak5_linkInfo.xml" --rom_model -o "Termin01Zadatak5.out" "./main.obj" "./tm4c123gh6pm_startup_ccs.obj" "./helper_library/helper.obj" "./helper_library/uartstdio.obj" "../tm4c123gh6pm.cmd"  -llibc.a -l"C:/ti/TivaWare_C_Series-2.2.0.295/driverlib/ccs/Debug/driverlib.lib" 
<Linking>
Finished building target: "Termin01Zadatak5.out"
 

**** Build Finished ****

**** Build of configuration Debug for project Termin01Zadatak5 ****

"C:\\ti\\ccs1250\\ccs\\utils\\bin\\gmake" -k -j 24 all -O 
 
gmake[1]: 'Termin01Zadatak5.out' is up to date.

**** Build Finished ****

**** Build of configuration Debug for project Termin01Zadatak5 ****

"C:\\ti\\ccs1250\\ccs\\utils\\bin\\gmake" -k -j 24 all -O 
 
Building file: "../main.c"
Invoking: Arm Compiler
"C:/ti/ccs1250/ccs/tools/compiler/ti-cgt-arm_20.2.7.LTS/bin/armcl" -mv7M4 --code_state=16 --float_support=FPv4SPD16 -me --include_path="C:/Users/Savke/workspace_v12/Termin01Zadatak5" --include_path="C:/ti/TivaWare_C_Series-2.2.0.295" --include_path="C:/ti/ccs1250/ccs/tools/compiler/ti-cgt-arm_20.2.7.LTS/include" --define=ccs="ccs" --define=PART_TM4C123GH6PM -g --gcc --diag_warning=225 --diag_wrap=off --display_error_number --abi=eabi --preproc_with_compile --preproc_dependency="main.d_raw"  "../main.c"
"../main.c", line 12: warning #552-D: variable "zbir" was set but never used
"../main.c", line 12: warning #179-D: variable "razlika" was declared but never referenced
"../main.c", line 12: warning #179-D: variable "mnozenje" was declared but never referenced
"../main.c", line 12: warning #179-D: variable "deljenje" was declared but never referenced
Finished building: "../main.c"
 
Building target: "Termin01Zadatak5.out"
Invoking: Arm Linker
"C:/ti/ccs1250/ccs/tools/compiler/ti-cgt-arm_20.2.7.LTS/bin/armcl" -mv7M4 --code_state=16 --float_support=FPv4SPD16 -me --define=ccs="ccs" --define=PART_TM4C123GH6PM -g --gcc --diag_warning=225 --diag_wrap=off --display_error_number --abi=eabi -z -m"Termin01Zadatak5.map" --heap_size=0 --stack_size=16384 -i"C:/ti/ccs1250/ccs/tools/compiler/ti-cgt-arm_20.2.7.LTS/lib" -i"C:/ti/ccs1250/ccs/tools/compiler/ti-cgt-arm_20.2.7.LTS/include" --reread_libs --diag_wrap=off --display_error_number --warn_sections --xml_link_info="Termin01Zadatak5_linkInfo.xml" --rom_model -o "Termin01Zadatak5.out" "./main.obj" "./tm4c123gh6pm_startup_ccs.obj" "./helper_library/helper.obj" "./helper_library/uartstdio.obj" "../tm4c123gh6pm.cmd"  -llibc.a -l"C:/ti/TivaWare_C_Series-2.2.0.295/driverlib/ccs/Debug/driverlib.lib" 
<Linking>
Finished building target: "Termin01Zadatak5.out"
 

**** Build Finished ****

**** Build of configuration Debug for project Termin01Zadatak5 ****

"C:\\ti\\ccs1250\\ccs\\utils\\bin\\gmake" -k -j 24 all -O 
 
gmake[1]: 'Termin01Zadatak5.out' is up to date.

**** Build Finished ****

**** Build of configuration Debug for project Termin01Zadatak5 ****

"C:\\ti\\ccs1250\\ccs\\utils\\bin\\gmake" -k -j 24 all -O 
 
Building file: "../main.c"
Invoking: Arm Compiler
"C:/ti/ccs1250/ccs/tools/compiler/ti-cgt-arm_20.2.7.LTS/bin/armcl" -mv7M4 --code_state=16 --float_support=FPv4SPD16 -me --include_path="C:/Users/Savke/workspace_v12/Termin01Zadatak5" --include_path="C:/ti/TivaWare_C_Series-2.2.0.295" --include_path="C:/ti/ccs1250/ccs/tools/compiler/ti-cgt-arm_20.2.7.LTS/include" --define=ccs="ccs" --define=PART_TM4C123GH6PM -g --gcc --diag_warning=225 --diag_wrap=off --display_error_number --abi=eabi --preproc_with_compile --preproc_dependency="main.d_raw"  "../main.c"
Finished building: "../main.c"
 
Building target: "Termin01Zadatak5.out"
Invoking: Arm Linker
"C:/ti/ccs1250/ccs/tools/compiler/ti-cgt-arm_20.2.7.LTS/bin/armcl" -mv7M4 --code_state=16 --float_support=FPv4SPD16 -me --define=ccs="ccs" --define=PART_TM4C123GH6PM -g --gcc --diag_warning=225 --diag_wrap=off --display_error_number --abi=eabi -z -m"Termin01Zadatak5.map" --heap_size=0 --stack_size=16384 -i"C:/ti/ccs1250/ccs/tools/compiler/ti-cgt-arm_20.2.7.LTS/lib" -i"C:/ti/ccs1250/ccs/tools/compiler/ti-cgt-arm_20.2.7.LTS/include" --reread_libs --diag_wrap=off --display_error_number --warn_sections --xml_link_info="Termin01Zadatak5_linkInfo.xml" --rom_model -o "Termin01Zadatak5.out" "./main.obj" "./tm4c123gh6pm_startup_ccs.obj" "./helper_library/helper.obj" "./helper_library/uartstdio.obj" "../tm4c123gh6pm.cmd"  -llibc.a -l"C:/ti/TivaWare_C_Series-2.2.0.295/driverlib/ccs/Debug/driverlib.lib" 
<Linking>
Finished building target: "Termin01Zadatak5.out"
 

**** Build Finished ****

**** Clean-only build of configuration Debug for project Termin01Zadatak6 ****

"C:\\ti\\ccs1250\\ccs\\utils\\bin\\gmake" -k -j 24 clean -O 
 
DEL /F  "Termin01Zadatak6.out" 
DEL /F "main.obj" "tm4c123gh6pm_startup_ccs.obj" "helper_library\helper.obj" "helper_library\uartstdio.obj" 
DEL /F "main.d" "tm4c123gh6pm_startup_ccs.d" "helper_library\helper.d" "helper_library\uartstdio.d" 
Could Not Find C:\Users\Savke\workspace_v12\Termin01Zadatak6\Debug\Termin01Zadatak6.out
Finished clean
 

**** Build Finished ****

**** Build of configuration Debug for project Termin01Zadatak6 ****

"C:\\ti\\ccs1250\\ccs\\utils\\bin\\gmake" -k -j 24 all -O 
 
Building file: "../main.c"
Invoking: Arm Compiler
"C:/ti/ccs1250/ccs/tools/compiler/ti-cgt-arm_20.2.7.LTS/bin/armcl" -mv7M4 --code_state=16 --float_support=FPv4SPD16 -me --include_path="C:/Users/Savke/workspace_v12/Termin01Zadatak6" --include_path="C:/ti/TivaWare_C_Series-2.2.0.295" --include_path="C:/ti/ccs1250/ccs/tools/compiler/ti-cgt-arm_20.2.7.LTS/include" --define=ccs="ccs" --define=PART_TM4C123GH6PM -g --gcc --diag_warning=225 --diag_wrap=off --display_error_number --abi=eabi --preproc_with_compile --preproc_dependency="main.d_raw"  "../main.c"
"../main.c", line 12: warning #169-D: argument of type "unsigned int" is incompatible with parameter of type "const char *"
"../main.c", line 12: warning #154-D: conversion of nonzero integer to pointer
Finished building: "../main.c"
 
Building file: "../tm4c123gh6pm_startup_ccs.c"
Invoking: Arm Compiler
"C:/ti/ccs1250/ccs/tools/compiler/ti-cgt-arm_20.2.7.LTS/bin/armcl" -mv7M4 --code_state=16 --float_support=FPv4SPD16 -me --include_path="C:/Users/Savke/workspace_v12/Termin01Zadatak6" --include_path="C:/ti/TivaWare_C_Series-2.2.0.295" --include_path="C:/ti/ccs1250/ccs/tools/compiler/ti-cgt-arm_20.2.7.LTS/include" --define=ccs="ccs" --define=PART_TM4C123GH6PM -g --gcc --diag_warning=225 --diag_wrap=off --display_error_number --abi=eabi --preproc_with_compile --preproc_dependency="tm4c123gh6pm_startup_ccs.d_raw"  "../tm4c123gh6pm_startup_ccs.c"
Finished building: "../tm4c123gh6pm_startup_ccs.c"
 
Building file: "../helper_library/helper.c"
Invoking: Arm Compiler
"C:/ti/ccs1250/ccs/tools/compiler/ti-cgt-arm_20.2.7.LTS/bin/armcl" -mv7M4 --code_state=16 --float_support=FPv4SPD16 -me --include_path="C:/Users/Savke/workspace_v12/Termin01Zadatak6" --include_path="C:/ti/TivaWare_C_Series-2.2.0.295" --include_path="C:/ti/ccs1250/ccs/tools/compiler/ti-cgt-arm_20.2.7.LTS/include" --define=ccs="ccs" --define=PART_TM4C123GH6PM -g --gcc --diag_warning=225 --diag_wrap=off --display_error_number --abi=eabi --preproc_with_compile --preproc_dependency="helper_library/helper.d_raw" --obj_directory="helper_library"  "../helper_library/helper.c"
Finished building: "../helper_library/helper.c"
 
Building file: "../helper_library/uartstdio.c"
Invoking: Arm Compiler
"C:/ti/ccs1250/ccs/tools/compiler/ti-cgt-arm_20.2.7.LTS/bin/armcl" -mv7M4 --code_state=16 --float_support=FPv4SPD16 -me --include_path="C:/Users/Savke/workspace_v12/Termin01Zadatak6" --include_path="C:/ti/TivaWare_C_Series-2.2.0.295" --include_path="C:/ti/ccs1250/ccs/tools/compiler/ti-cgt-arm_20.2.7.LTS/include" --define=ccs="ccs" --define=PART_TM4C123GH6PM -g --gcc --diag_warning=225 --diag_wrap=off --display_error_number --abi=eabi --preproc_with_compile --preproc_dependency="helper_library/uartstdio.d_raw" --obj_directory="helper_library"  "../helper_library/uartstdio.c"
Finished building: "../helper_library/uartstdio.c"
 
Building target: "Termin01Zadatak6.out"
Invoking: Arm Linker
"C:/ti/ccs1250/ccs/tools/compiler/ti-cgt-arm_20.2.7.LTS/bin/armcl" -mv7M4 --code_state=16 --float_support=FPv4SPD16 -me --define=ccs="ccs" --define=PART_TM4C123GH6PM -g --gcc --diag_warning=225 --diag_wrap=off --display_error_number --abi=eabi -z -m"Termin01Zadatak6.map" --heap_size=0 --stack_size=16384 -i"C:/ti/ccs1250/ccs/tools/compiler/ti-cgt-arm_20.2.7.LTS/lib" -i"C:/ti/ccs1250/ccs/tools/compiler/ti-cgt-arm_20.2.7.LTS/include" --reread_libs --diag_wrap=off --display_error_number --warn_sections --xml_link_info="Termin01Zadatak6_linkInfo.xml" --rom_model -o "Termin01Zadatak6.out" "./main.obj" "./tm4c123gh6pm_startup_ccs.obj" "./helper_library/helper.obj" "./helper_library/uartstdio.obj" "../tm4c123gh6pm.cmd"  -llibc.a -l"C:/ti/TivaWare_C_Series-2.2.0.295/driverlib/ccs/Debug/driverlib.lib" 
<Linking>
Finished building target: "Termin01Zadatak6.out"
 

**** Build Finished ****

**** Build of configuration Debug for project Termin01Zadatak6 ****

"C:\\ti\\ccs1250\\ccs\\utils\\bin\\gmake" -k -j 24 all -O 
 
gmake[1]: 'Termin01Zadatak6.out' is up to date.

**** Build Finished ****

**** Build of configuration Debug for project Termin01Zadatak6 ****

"C:\\ti\\ccs1250\\ccs\\utils\\bin\\gmake" -k -j 24 all -O 
 
Building file: "../main.c"
Invoking: Arm Compiler
"C:/ti/ccs1250/ccs/tools/compiler/ti-cgt-arm_20.2.7.LTS/bin/armcl" -mv7M4 --code_state=16 --float_support=FPv4SPD16 -me --include_path="C:/Users/Savke/workspace_v12/Termin01Zadatak6" --include_path="C:/ti/TivaWare_C_Series-2.2.0.295" --include_path="C:/ti/ccs1250/ccs/tools/compiler/ti-cgt-arm_20.2.7.LTS/include" --define=ccs="ccs" --define=PART_TM4C123GH6PM -g --gcc --diag_warning=225 --diag_wrap=off --display_error_number --abi=eabi --preproc_with_compile --preproc_dependency="main.d_raw"  "../main.c"
 
>> Compilation failure
subdir_rules.mk:9: recipe for target 'main.obj' failed
"../main.c", line 12: error #20: identifier "char_1" is undefined
"../main.c", line 12: error #66: expected a ";"
2 errors detected in the compilation of "../main.c".
gmake: *** [main.obj] Error 1
gmake: Target 'all' not remade because of errors.

**** Build Finished ****

**** Build of configuration Debug for project Termin01Zadatak6 ****

"C:\\ti\\ccs1250\\ccs\\utils\\bin\\gmake" -k -j 24 all -O 
 
Building file: "../main.c"
Invoking: Arm Compiler
"C:/ti/ccs1250/ccs/tools/compiler/ti-cgt-arm_20.2.7.LTS/bin/armcl" -mv7M4 --code_state=16 --float_support=FPv4SPD16 -me --include_path="C:/Users/Savke/workspace_v12/Termin01Zadatak6" --include_path="C:/ti/TivaWare_C_Series-2.2.0.295" --include_path="C:/ti/ccs1250/ccs/tools/compiler/ti-cgt-arm_20.2.7.LTS/include" --define=ccs="ccs" --define=PART_TM4C123GH6PM -g --gcc --diag_warning=225 --diag_wrap=off --display_error_number --abi=eabi --preproc_with_compile --preproc_dependency="main.d_raw"  "../main.c"
 
>> Compilation failure
subdir_rules.mk:9: recipe for target 'main.obj' failed
"../main.c", line 12: error #20: identifier "char_1" is undefined
1 error detected in the compilation of "../main.c".
gmake: *** [main.obj] Error 1
gmake: Target 'all' not remade because of errors.

**** Build Finished ****

**** Build of configuration Debug for project Termin01Zadatak6 ****

"C:\\ti\\ccs1250\\ccs\\utils\\bin\\gmake" -k -j 24 all -O 
 
Building file: "../main.c"
Invoking: Arm Compiler
"C:/ti/ccs1250/ccs/tools/compiler/ti-cgt-arm_20.2.7.LTS/bin/armcl" -mv7M4 --code_state=16 --float_support=FPv4SPD16 -me --include_path="C:/Users/Savke/workspace_v12/Termin01Zadatak6" --include_path="C:/ti/TivaWare_C_Series-2.2.0.295" --include_path="C:/ti/ccs1250/ccs/tools/compiler/ti-cgt-arm_20.2.7.LTS/include" --define=ccs="ccs" --define=PART_TM4C123GH6PM -g --gcc --diag_warning=225 --diag_wrap=off --display_error_number --abi=eabi --preproc_with_compile --preproc_dependency="main.d_raw"  "../main.c"
 
>> Compilation failure
subdir_rules.mk:9: recipe for target 'main.obj' failed
"../main.c", line 12: error #20: identifier "length_char" is undefined
1 error detected in the compilation of "../main.c".
gmake: *** [main.obj] Error 1
gmake: Target 'all' not remade because of errors.

**** Build Finished ****

**** Build of configuration Debug for project Termin01Zadatak6 ****

"C:\\ti\\ccs1250\\ccs\\utils\\bin\\gmake" -k -j 24 all -O 
 
Building file: "../main.c"
Invoking: Arm Compiler
"C:/ti/ccs1250/ccs/tools/compiler/ti-cgt-arm_20.2.7.LTS/bin/armcl" -mv7M4 --code_state=16 --float_support=FPv4SPD16 -me --include_path="C:/Users/Savke/workspace_v12/Termin01Zadatak6" --include_path="C:/ti/TivaWare_C_Series-2.2.0.295" --include_path="C:/ti/ccs1250/ccs/tools/compiler/ti-cgt-arm_20.2.7.LTS/include" --define=ccs="ccs" --define=PART_TM4C123GH6PM -g --gcc --diag_warning=225 --diag_wrap=off --display_error_number --abi=eabi --preproc_with_compile --preproc_dependency="main.d_raw"  "../main.c"
"../main.c", line 12: warning #179-D: variable "length_char" was declared but never referenced
Finished building: "../main.c"
 
Building target: "Termin01Zadatak6.out"
Invoking: Arm Linker
"C:/ti/ccs1250/ccs/tools/compiler/ti-cgt-arm_20.2.7.LTS/bin/armcl" -mv7M4 --code_state=16 --float_support=FPv4SPD16 -me --define=ccs="ccs" --define=PART_TM4C123GH6PM -g --gcc --diag_warning=225 --diag_wrap=off --display_error_number --abi=eabi -z -m"Termin01Zadatak6.map" --heap_size=0 --stack_size=16384 -i"C:/ti/ccs1250/ccs/tools/compiler/ti-cgt-arm_20.2.7.LTS/lib" -i"C:/ti/ccs1250/ccs/tools/compiler/ti-cgt-arm_20.2.7.LTS/include" --reread_libs --diag_wrap=off --display_error_number --warn_sections --xml_link_info="Termin01Zadatak6_linkInfo.xml" --rom_model -o "Termin01Zadatak6.out" "./main.obj" "./tm4c123gh6pm_startup_ccs.obj" "./helper_library/helper.obj" "./helper_library/uartstdio.obj" "../tm4c123gh6pm.cmd"  -llibc.a -l"C:/ti/TivaWare_C_Series-2.2.0.295/driverlib/ccs/Debug/driverlib.lib" 
<Linking>
Finished building target: "Termin01Zadatak6.out"
 

**** Build Finished ****

**** Build of configuration Debug for project Termin01Zadatak6 ****

"C:\\ti\\ccs1250\\ccs\\utils\\bin\\gmake" -k -j 24 all -O 
 
gmake[1]: 'Termin01Zadatak6.out' is up to date.

**** Build Finished ****

**** Build of configuration Debug for project Termin01Zadatak6 ****

"C:\\ti\\ccs1250\\ccs\\utils\\bin\\gmake" -k -j 24 all -O 
 
Building file: "../main.c"
Invoking: Arm Compiler
"C:/ti/ccs1250/ccs/tools/compiler/ti-cgt-arm_20.2.7.LTS/bin/armcl" -mv7M4 --code_state=16 --float_support=FPv4SPD16 -me --include_path="C:/Users/Savke/workspace_v12/Termin01Zadatak6" --include_path="C:/ti/TivaWare_C_Series-2.2.0.295" --include_path="C:/ti/ccs1250/ccs/tools/compiler/ti-cgt-arm_20.2.7.LTS/include" --define=ccs="ccs" --define=PART_TM4C123GH6PM -g --gcc --diag_warning=225 --diag_wrap=off --display_error_number --abi=eabi --preproc_with_compile --preproc_dependency="main.d_raw"  "../main.c"
Finished building: "../main.c"
 
Building target: "Termin01Zadatak6.out"
Invoking: Arm Linker
"C:/ti/ccs1250/ccs/tools/compiler/ti-cgt-arm_20.2.7.LTS/bin/armcl" -mv7M4 --code_state=16 --float_support=FPv4SPD16 -me --define=ccs="ccs" --define=PART_TM4C123GH6PM -g --gcc --diag_warning=225 --diag_wrap=off --display_error_number --abi=eabi -z -m"Termin01Zadatak6.map" --heap_size=0 --stack_size=16384 -i"C:/ti/ccs1250/ccs/tools/compiler/ti-cgt-arm_20.2.7.LTS/lib" -i"C:/ti/ccs1250/ccs/tools/compiler/ti-cgt-arm_20.2.7.LTS/include" --reread_libs --diag_wrap=off --display_error_number --warn_sections --xml_link_info="Termin01Zadatak6_linkInfo.xml" --rom_model -o "Termin01Zadatak6.out" "./main.obj" "./tm4c123gh6pm_startup_ccs.obj" "./helper_library/helper.obj" "./helper_library/uartstdio.obj" "../tm4c123gh6pm.cmd"  -llibc.a -l"C:/ti/TivaWare_C_Series-2.2.0.295/driverlib/ccs/Debug/driverlib.lib" 
<Linking>
Finished building target: "Termin01Zadatak6.out"
 

**** Build Finished ****

**** Build of configuration Debug for project Termin01Zadatak6 ****

"C:\\ti\\ccs1250\\ccs\\utils\\bin\\gmake" -k -j 24 all -O 
 
gmake[1]: 'Termin01Zadatak6.out' is up to date.

**** Build Finished ****

**** Build of configuration Debug for project Termin01Zadatak6 ****

"C:\\ti\\ccs1250\\ccs\\utils\\bin\\gmake" -k -j 24 all -O 
 
Building file: "../main.c"
Invoking: Arm Compiler
"C:/ti/ccs1250/ccs/tools/compiler/ti-cgt-arm_20.2.7.LTS/bin/armcl" -mv7M4 --code_state=16 --float_support=FPv4SPD16 -me --include_path="C:/Users/Savke/workspace_v12/Termin01Zadatak6" --include_path="C:/ti/TivaWare_C_Series-2.2.0.295" --include_path="C:/ti/ccs1250/ccs/tools/compiler/ti-cgt-arm_20.2.7.LTS/include" --define=ccs="ccs" --define=PART_TM4C123GH6PM -g --gcc --diag_warning=225 --diag_wrap=off --display_error_number --abi=eabi --preproc_with_compile --preproc_dependency="main.d_raw"  "../main.c"
"../main.c", line 12: warning #179-D: variable "len_short_int" was declared but never referenced
"../main.c", line 12: warning #179-D: variable "len_unsigned_short" was declared but never referenced
"../main.c", line 12: warning #179-D: variable "len_int" was declared but never referenced
"../main.c", line 12: warning #179-D: variable "len_unsigned_int" was declared but never referenced
"../main.c", line 12: warning #179-D: variable "len_long" was declared but never referenced
"../main.c", line 12: warning #179-D: variable "len_unsigned_long" was declared but never referenced
Finished building: "../main.c"
 
Building target: "Termin01Zadatak6.out"
Invoking: Arm Linker
"C:/ti/ccs1250/ccs/tools/compiler/ti-cgt-arm_20.2.7.LTS/bin/armcl" -mv7M4 --code_state=16 --float_support=FPv4SPD16 -me --define=ccs="ccs" --define=PART_TM4C123GH6PM -g --gcc --diag_warning=225 --diag_wrap=off --display_error_number --abi=eabi -z -m"Termin01Zadatak6.map" --heap_size=0 --stack_size=16384 -i"C:/ti/ccs1250/ccs/tools/compiler/ti-cgt-arm_20.2.7.LTS/lib" -i"C:/ti/ccs1250/ccs/tools/compiler/ti-cgt-arm_20.2.7.LTS/include" --reread_libs --diag_wrap=off --display_error_number --warn_sections --xml_link_info="Termin01Zadatak6_linkInfo.xml" --rom_model -o "Termin01Zadatak6.out" "./main.obj" "./tm4c123gh6pm_startup_ccs.obj" "./helper_library/helper.obj" "./helper_library/uartstdio.obj" "../tm4c123gh6pm.cmd"  -llibc.a -l"C:/ti/TivaWare_C_Series-2.2.0.295/driverlib/ccs/Debug/driverlib.lib" 
<Linking>
Finished building target: "Termin01Zadatak6.out"
 

**** Build Finished ****

**** Build of configuration Debug for project Termin01Zadatak6 ****

"C:\\ti\\ccs1250\\ccs\\utils\\bin\\gmake" -k -j 24 all -O 
 
gmake[1]: 'Termin01Zadatak6.out' is up to date.

**** Build Finished ****

**** Build of configuration Debug for project Termin01Zadatak6 ****

"C:\\ti\\ccs1250\\ccs\\utils\\bin\\gmake" -k -j 24 all -O 
 
Building file: "../main.c"
Invoking: Arm Compiler
"C:/ti/ccs1250/ccs/tools/compiler/ti-cgt-arm_20.2.7.LTS/bin/armcl" -mv7M4 --code_state=16 --float_support=FPv4SPD16 -me --include_path="C:/Users/Savke/workspace_v12/Termin01Zadatak6" --include_path="C:/ti/TivaWare_C_Series-2.2.0.295" --include_path="C:/ti/ccs1250/ccs/tools/compiler/ti-cgt-arm_20.2.7.LTS/include" --define=ccs="ccs" --define=PART_TM4C123GH6PM -g --gcc --diag_warning=225 --diag_wrap=off --display_error_number --abi=eabi --preproc_with_compile --preproc_dependency="main.d_raw"  "../main.c"
"../main.c", line 12: warning #179-D: variable "len_int" was declared but never referenced
"../main.c", line 12: warning #179-D: variable "len_unsigned_int" was declared but never referenced
"../main.c", line 12: warning #179-D: variable "len_long" was declared but never referenced
"../main.c", line 12: warning #179-D: variable "len_unsigned_long" was declared but never referenced
Finished building: "../main.c"
 
Building target: "Termin01Zadatak6.out"
Invoking: Arm Linker
"C:/ti/ccs1250/ccs/tools/compiler/ti-cgt-arm_20.2.7.LTS/bin/armcl" -mv7M4 --code_state=16 --float_support=FPv4SPD16 -me --define=ccs="ccs" --define=PART_TM4C123GH6PM -g --gcc --diag_warning=225 --diag_wrap=off --display_error_number --abi=eabi -z -m"Termin01Zadatak6.map" --heap_size=0 --stack_size=16384 -i"C:/ti/ccs1250/ccs/tools/compiler/ti-cgt-arm_20.2.7.LTS/lib" -i"C:/ti/ccs1250/ccs/tools/compiler/ti-cgt-arm_20.2.7.LTS/include" --reread_libs --diag_wrap=off --display_error_number --warn_sections --xml_link_info="Termin01Zadatak6_linkInfo.xml" --rom_model -o "Termin01Zadatak6.out" "./main.obj" "./tm4c123gh6pm_startup_ccs.obj" "./helper_library/helper.obj" "./helper_library/uartstdio.obj" "../tm4c123gh6pm.cmd"  -llibc.a -l"C:/ti/TivaWare_C_Series-2.2.0.295/driverlib/ccs/Debug/driverlib.lib" 
<Linking>
Finished building target: "Termin01Zadatak6.out"
 

**** Build Finished ****

**** Build of configuration Debug for project Termin01Zadatak6 ****

"C:\\ti\\ccs1250\\ccs\\utils\\bin\\gmake" -k -j 24 all -O 
 
gmake[1]: 'Termin01Zadatak6.out' is up to date.

**** Build Finished ****

**** Build of configuration Debug for project Termin01Zadatak6 ****

"C:\\ti\\ccs1250\\ccs\\utils\\bin\\gmake" -k -j 24 all -O 
 
Building file: "../main.c"
Invoking: Arm Compiler
"C:/ti/ccs1250/ccs/tools/compiler/ti-cgt-arm_20.2.7.LTS/bin/armcl" -mv7M4 --code_state=16 --float_support=FPv4SPD16 -me --include_path="C:/Users/Savke/workspace_v12/Termin01Zadatak6" --include_path="C:/ti/TivaWare_C_Series-2.2.0.295" --include_path="C:/ti/ccs1250/ccs/tools/compiler/ti-cgt-arm_20.2.7.LTS/include" --define=ccs="ccs" --define=PART_TM4C123GH6PM -g --gcc --diag_warning=225 --diag_wrap=off --display_error_number --abi=eabi --preproc_with_compile --preproc_dependency="main.d_raw"  "../main.c"
Finished building: "../main.c"
 
Building target: "Termin01Zadatak6.out"
Invoking: Arm Linker
"C:/ti/ccs1250/ccs/tools/compiler/ti-cgt-arm_20.2.7.LTS/bin/armcl" -mv7M4 --code_state=16 --float_support=FPv4SPD16 -me --define=ccs="ccs" --define=PART_TM4C123GH6PM -g --gcc --diag_warning=225 --diag_wrap=off --display_error_number --abi=eabi -z -m"Termin01Zadatak6.map" --heap_size=0 --stack_size=16384 -i"C:/ti/ccs1250/ccs/tools/compiler/ti-cgt-arm_20.2.7.LTS/lib" -i"C:/ti/ccs1250/ccs/tools/compiler/ti-cgt-arm_20.2.7.LTS/include" --reread_libs --diag_wrap=off --display_error_number --warn_sections --xml_link_info="Termin01Zadatak6_linkInfo.xml" --rom_model -o "Termin01Zadatak6.out" "./main.obj" "./tm4c123gh6pm_startup_ccs.obj" "./helper_library/helper.obj" "./helper_library/uartstdio.obj" "../tm4c123gh6pm.cmd"  -llibc.a -l"C:/ti/TivaWare_C_Series-2.2.0.295/driverlib/ccs/Debug/driverlib.lib" 
<Linking>
Finished building target: "Termin01Zadatak6.out"
 

**** Build Finished ****

**** Clean-only build of configuration Debug for project Termin01Zadatak7 ****

"C:\\ti\\ccs1250\\ccs\\utils\\bin\\gmake" -k -j 24 clean -O 
 
DEL /F  "Termin01Zadatak7.out" 
DEL /F "main.obj" "tm4c123gh6pm_startup_ccs.obj" "helper_library\helper.obj" "helper_library\uartstdio.obj" 
DEL /F "main.d" "tm4c123gh6pm_startup_ccs.d" "helper_library\helper.d" "helper_library\uartstdio.d" 
Could Not Find C:\Users\Savke\workspace_v12\Termin01Zadatak7\Debug\Termin01Zadatak7.out
Finished clean
 

**** Build Finished ****

**** Build of configuration Debug for project Termin01Zadatak7 ****

"C:\\ti\\ccs1250\\ccs\\utils\\bin\\gmake" -k -j 24 all -O 
 
Building file: "../main.c"
Invoking: Arm Compiler
"C:/ti/ccs1250/ccs/tools/compiler/ti-cgt-arm_20.2.7.LTS/bin/armcl" -mv7M4 --code_state=16 --float_support=FPv4SPD16 -me --include_path="C:/Users/Savke/workspace_v12/Termin01Zadatak7" --include_path="C:/ti/TivaWare_C_Series-2.2.0.295" --include_path="C:/ti/ccs1250/ccs/tools/compiler/ti-cgt-arm_20.2.7.LTS/include" --define=ccs="ccs" --define=PART_TM4C123GH6PM -g --gcc --diag_warning=225 --diag_wrap=off --display_error_number --abi=eabi --preproc_with_compile --preproc_dependency="main.d_raw"  "../main.c"
Finished building: "../main.c"
 
Building file: "../tm4c123gh6pm_startup_ccs.c"
Invoking: Arm Compiler
"C:/ti/ccs1250/ccs/tools/compiler/ti-cgt-arm_20.2.7.LTS/bin/armcl" -mv7M4 --code_state=16 --float_support=FPv4SPD16 -me --include_path="C:/Users/Savke/workspace_v12/Termin01Zadatak7" --include_path="C:/ti/TivaWare_C_Series-2.2.0.295" --include_path="C:/ti/ccs1250/ccs/tools/compiler/ti-cgt-arm_20.2.7.LTS/include" --define=ccs="ccs" --define=PART_TM4C123GH6PM -g --gcc --diag_warning=225 --diag_wrap=off --display_error_number --abi=eabi --preproc_with_compile --preproc_dependency="tm4c123gh6pm_startup_ccs.d_raw"  "../tm4c123gh6pm_startup_ccs.c"
Finished building: "../tm4c123gh6pm_startup_ccs.c"
 
Building file: "../helper_library/helper.c"
Invoking: Arm Compiler
"C:/ti/ccs1250/ccs/tools/compiler/ti-cgt-arm_20.2.7.LTS/bin/armcl" -mv7M4 --code_state=16 --float_support=FPv4SPD16 -me --include_path="C:/Users/Savke/workspace_v12/Termin01Zadatak7" --include_path="C:/ti/TivaWare_C_Series-2.2.0.295" --include_path="C:/ti/ccs1250/ccs/tools/compiler/ti-cgt-arm_20.2.7.LTS/include" --define=ccs="ccs" --define=PART_TM4C123GH6PM -g --gcc --diag_warning=225 --diag_wrap=off --display_error_number --abi=eabi --preproc_with_compile --preproc_dependency="helper_library/helper.d_raw" --obj_directory="helper_library"  "../helper_library/helper.c"
Finished building: "../helper_library/helper.c"
 
Building file: "../helper_library/uartstdio.c"
Invoking: Arm Compiler
"C:/ti/ccs1250/ccs/tools/compiler/ti-cgt-arm_20.2.7.LTS/bin/armcl" -mv7M4 --code_state=16 --float_support=FPv4SPD16 -me --include_path="C:/Users/Savke/workspace_v12/Termin01Zadatak7" --include_path="C:/ti/TivaWare_C_Series-2.2.0.295" --include_path="C:/ti/ccs1250/ccs/tools/compiler/ti-cgt-arm_20.2.7.LTS/include" --define=ccs="ccs" --define=PART_TM4C123GH6PM -g --gcc --diag_warning=225 --diag_wrap=off --display_error_number --abi=eabi --preproc_with_compile --preproc_dependency="helper_library/uartstdio.d_raw" --obj_directory="helper_library"  "../helper_library/uartstdio.c"
Finished building: "../helper_library/uartstdio.c"
 
Building target: "Termin01Zadatak7.out"
Invoking: Arm Linker
"C:/ti/ccs1250/ccs/tools/compiler/ti-cgt-arm_20.2.7.LTS/bin/armcl" -mv7M4 --code_state=16 --float_support=FPv4SPD16 -me --define=ccs="ccs" --define=PART_TM4C123GH6PM -g --gcc --diag_warning=225 --diag_wrap=off --display_error_number --abi=eabi -z -m"Termin01Zadatak7.map" --heap_size=0 --stack_size=16384 -i"C:/ti/ccs1250/ccs/tools/compiler/ti-cgt-arm_20.2.7.LTS/lib" -i"C:/ti/ccs1250/ccs/tools/compiler/ti-cgt-arm_20.2.7.LTS/include" --reread_libs --diag_wrap=off --display_error_number --warn_sections --xml_link_info="Termin01Zadatak7_linkInfo.xml" --rom_model -o "Termin01Zadatak7.out" "./main.obj" "./tm4c123gh6pm_startup_ccs.obj" "./helper_library/helper.obj" "./helper_library/uartstdio.obj" "../tm4c123gh6pm.cmd"  -llibc.a -l"C:/ti/TivaWare_C_Series-2.2.0.295/driverlib/ccs/Debug/driverlib.lib" 
<Linking>
Finished building target: "Termin01Zadatak7.out"
 

**** Build Finished ****

**** Build of configuration Debug for project Termin01Zadatak7 ****

"C:\\ti\\ccs1250\\ccs\\utils\\bin\\gmake" -k -j 24 all -O 
 
gmake[1]: 'Termin01Zadatak7.out' is up to date.

**** Build Finished ****

**** Build of configuration Debug for project Termin01Zadatak7 ****

"C:\\ti\\ccs1250\\ccs\\utils\\bin\\gmake" -k -j 24 all -O 
 
gmake[1]: 'Termin01Zadatak7.out' is up to date.

**** Build Finished ****

**** Build of configuration Debug for project Termin01Zadatak7 ****

"C:\\ti\\ccs1250\\ccs\\utils\\bin\\gmake" -k -j 24 all -O 
 
Building file: "../main.c"
Invoking: Arm Compiler
"C:/ti/ccs1250/ccs/tools/compiler/ti-cgt-arm_20.2.7.LTS/bin/armcl" -mv7M4 --code_state=16 --float_support=FPv4SPD16 -me --include_path="C:/Users/Savke/workspace_v12/Termin01Zadatak7" --include_path="C:/ti/TivaWare_C_Series-2.2.0.295" --include_path="C:/ti/ccs1250/ccs/tools/compiler/ti-cgt-arm_20.2.7.LTS/include" --define=ccs="ccs" --define=PART_TM4C123GH6PM -g --gcc --diag_warning=225 --diag_wrap=off --display_error_number --abi=eabi --preproc_with_compile --preproc_dependency="main.d_raw"  "../main.c"
Finished building: "../main.c"
 
Building target: "Termin01Zadatak7.out"
Invoking: Arm Linker
"C:/ti/ccs1250/ccs/tools/compiler/ti-cgt-arm_20.2.7.LTS/bin/armcl" -mv7M4 --code_state=16 --float_support=FPv4SPD16 -me --define=ccs="ccs" --define=PART_TM4C123GH6PM -g --gcc --diag_warning=225 --diag_wrap=off --display_error_number --abi=eabi -z -m"Termin01Zadatak7.map" --heap_size=0 --stack_size=16384 -i"C:/ti/ccs1250/ccs/tools/compiler/ti-cgt-arm_20.2.7.LTS/lib" -i"C:/ti/ccs1250/ccs/tools/compiler/ti-cgt-arm_20.2.7.LTS/include" --reread_libs --diag_wrap=off --display_error_number --warn_sections --xml_link_info="Termin01Zadatak7_linkInfo.xml" --rom_model -o "Termin01Zadatak7.out" "./main.obj" "./tm4c123gh6pm_startup_ccs.obj" "./helper_library/helper.obj" "./helper_library/uartstdio.obj" "../tm4c123gh6pm.cmd"  -llibc.a -l"C:/ti/TivaWare_C_Series-2.2.0.295/driverlib/ccs/Debug/driverlib.lib" 
<Linking>
Finished building target: "Termin01Zadatak7.out"
 

**** Build Finished ****

**** Build of configuration Debug for project Termin01Zadatak7 ****

"C:\\ti\\ccs1250\\ccs\\utils\\bin\\gmake" -k -j 24 all -O 
 
gmake[1]: 'Termin01Zadatak7.out' is up to date.

**** Build Finished ****

**** Build of configuration Debug for project Termin01Zadatak7 ****

"C:\\ti\\ccs1250\\ccs\\utils\\bin\\gmake" -k -j 24 all -O 
 
gmake[1]: 'Termin01Zadatak7.out' is up to date.

**** Build Finished ****

**** Clean-only build of configuration Debug for project Termin01Zadatak8 ****

"C:\\ti\\ccs1250\\ccs\\utils\\bin\\gmake" -k -j 24 clean -O 
 
DEL /F  "Termin01Zadatak8.out" 
DEL /F "main.obj" "tm4c123gh6pm_startup_ccs.obj" "helper_library\helper.obj" "helper_library\uartstdio.obj" 
DEL /F "main.d" "tm4c123gh6pm_startup_ccs.d" "helper_library\helper.d" "helper_library\uartstdio.d" 
Could Not Find C:\Users\Savke\workspace_v12\Termin01Zadatak8\Debug\Termin01Zadatak8.out
Finished clean
 

**** Build Finished ****

**** Build of configuration Debug for project Termin01Zadatak8 ****

"C:\\ti\\ccs1250\\ccs\\utils\\bin\\gmake" -k -j 24 all -O 
 
Building file: "../main.c"
Invoking: Arm Compiler
"C:/ti/ccs1250/ccs/tools/compiler/ti-cgt-arm_20.2.7.LTS/bin/armcl" -mv7M4 --code_state=16 --float_support=FPv4SPD16 -me --include_path="C:/Users/Savke/workspace_v12/Termin01Zadatak8" --include_path="C:/ti/TivaWare_C_Series-2.2.0.295" --include_path="C:/ti/ccs1250/ccs/tools/compiler/ti-cgt-arm_20.2.7.LTS/include" --define=ccs="ccs" --define=PART_TM4C123GH6PM -g --gcc --diag_warning=225 --diag_wrap=off --display_error_number --abi=eabi --preproc_with_compile --preproc_dependency="main.d_raw"  "../main.c"
Finished building: "../main.c"
 
Building file: "../tm4c123gh6pm_startup_ccs.c"
Invoking: Arm Compiler
"C:/ti/ccs1250/ccs/tools/compiler/ti-cgt-arm_20.2.7.LTS/bin/armcl" -mv7M4 --code_state=16 --float_support=FPv4SPD16 -me --include_path="C:/Users/Savke/workspace_v12/Termin01Zadatak8" --include_path="C:/ti/TivaWare_C_Series-2.2.0.295" --include_path="C:/ti/ccs1250/ccs/tools/compiler/ti-cgt-arm_20.2.7.LTS/include" --define=ccs="ccs" --define=PART_TM4C123GH6PM -g --gcc --diag_warning=225 --diag_wrap=off --display_error_number --abi=eabi --preproc_with_compile --preproc_dependency="tm4c123gh6pm_startup_ccs.d_raw"  "../tm4c123gh6pm_startup_ccs.c"
Finished building: "../tm4c123gh6pm_startup_ccs.c"
 
Building file: "../helper_library/helper.c"
Invoking: Arm Compiler
"C:/ti/ccs1250/ccs/tools/compiler/ti-cgt-arm_20.2.7.LTS/bin/armcl" -mv7M4 --code_state=16 --float_support=FPv4SPD16 -me --include_path="C:/Users/Savke/workspace_v12/Termin01Zadatak8" --include_path="C:/ti/TivaWare_C_Series-2.2.0.295" --include_path="C:/ti/ccs1250/ccs/tools/compiler/ti-cgt-arm_20.2.7.LTS/include" --define=ccs="ccs" --define=PART_TM4C123GH6PM -g --gcc --diag_warning=225 --diag_wrap=off --display_error_number --abi=eabi --preproc_with_compile --preproc_dependency="helper_library/helper.d_raw" --obj_directory="helper_library"  "../helper_library/helper.c"
Finished building: "../helper_library/helper.c"
 
Building file: "../helper_library/uartstdio.c"
Invoking: Arm Compiler
"C:/ti/ccs1250/ccs/tools/compiler/ti-cgt-arm_20.2.7.LTS/bin/armcl" -mv7M4 --code_state=16 --float_support=FPv4SPD16 -me --include_path="C:/Users/Savke/workspace_v12/Termin01Zadatak8" --include_path="C:/ti/TivaWare_C_Series-2.2.0.295" --include_path="C:/ti/ccs1250/ccs/tools/compiler/ti-cgt-arm_20.2.7.LTS/include" --define=ccs="ccs" --define=PART_TM4C123GH6PM -g --gcc --diag_warning=225 --diag_wrap=off --display_error_number --abi=eabi --preproc_with_compile --preproc_dependency="helper_library/uartstdio.d_raw" --obj_directory="helper_library"  "../helper_library/uartstdio.c"
Finished building: "../helper_library/uartstdio.c"
 
Building target: "Termin01Zadatak8.out"
Invoking: Arm Linker
"C:/ti/ccs1250/ccs/tools/compiler/ti-cgt-arm_20.2.7.LTS/bin/armcl" -mv7M4 --code_state=16 --float_support=FPv4SPD16 -me --define=ccs="ccs" --define=PART_TM4C123GH6PM -g --gcc --diag_warning=225 --diag_wrap=off --display_error_number --abi=eabi -z -m"Termin01Zadatak8.map" --heap_size=0 --stack_size=16384 -i"C:/ti/ccs1250/ccs/tools/compiler/ti-cgt-arm_20.2.7.LTS/lib" -i"C:/ti/ccs1250/ccs/tools/compiler/ti-cgt-arm_20.2.7.LTS/include" --reread_libs --diag_wrap=off --display_error_number --warn_sections --xml_link_info="Termin01Zadatak8_linkInfo.xml" --rom_model -o "Termin01Zadatak8.out" "./main.obj" "./tm4c123gh6pm_startup_ccs.obj" "./helper_library/helper.obj" "./helper_library/uartstdio.obj" "../tm4c123gh6pm.cmd"  -llibc.a -l"C:/ti/TivaWare_C_Series-2.2.0.295/driverlib/ccs/Debug/driverlib.lib" 
<Linking>
Finished building target: "Termin01Zadatak8.out"
 

**** Build Finished ****

**** Build of configuration Debug for project Termin01Zadatak8 ****

"C:\\ti\\ccs1250\\ccs\\utils\\bin\\gmake" -k -j 24 all -O 
 
gmake[1]: 'Termin01Zadatak8.out' is up to date.

**** Build Finished ****

**** Build of configuration Debug for project Termin01Zadatak8 ****

"C:\\ti\\ccs1250\\ccs\\utils\\bin\\gmake" -k -j 24 all -O 
 
Building file: "../main.c"
Invoking: Arm Compiler
"C:/ti/ccs1250/ccs/tools/compiler/ti-cgt-arm_20.2.7.LTS/bin/armcl" -mv7M4 --code_state=16 --float_support=FPv4SPD16 -me --include_path="C:/Users/Savke/workspace_v12/Termin01Zadatak8" --include_path="C:/ti/TivaWare_C_Series-2.2.0.295" --include_path="C:/ti/ccs1250/ccs/tools/compiler/ti-cgt-arm_20.2.7.LTS/include" --define=ccs="ccs" --define=PART_TM4C123GH6PM -g --gcc --diag_warning=225 --diag_wrap=off --display_error_number --abi=eabi --preproc_with_compile --preproc_dependency="main.d_raw"  "../main.c"
Finished building: "../main.c"
 
Building target: "Termin01Zadatak8.out"
Invoking: Arm Linker
"C:/ti/ccs1250/ccs/tools/compiler/ti-cgt-arm_20.2.7.LTS/bin/armcl" -mv7M4 --code_state=16 --float_support=FPv4SPD16 -me --define=ccs="ccs" --define=PART_TM4C123GH6PM -g --gcc --diag_warning=225 --diag_wrap=off --display_error_number --abi=eabi -z -m"Termin01Zadatak8.map" --heap_size=0 --stack_size=16384 -i"C:/ti/ccs1250/ccs/tools/compiler/ti-cgt-arm_20.2.7.LTS/lib" -i"C:/ti/ccs1250/ccs/tools/compiler/ti-cgt-arm_20.2.7.LTS/include" --reread_libs --diag_wrap=off --display_error_number --warn_sections --xml_link_info="Termin01Zadatak8_linkInfo.xml" --rom_model -o "Termin01Zadatak8.out" "./main.obj" "./tm4c123gh6pm_startup_ccs.obj" "./helper_library/helper.obj" "./helper_library/uartstdio.obj" "../tm4c123gh6pm.cmd"  -llibc.a -l"C:/ti/TivaWare_C_Series-2.2.0.295/driverlib/ccs/Debug/driverlib.lib" 
<Linking>
Finished building target: "Termin01Zadatak8.out"
 

**** Build Finished ****

**** Build of configuration Debug for project Termin01Zadatak8 ****

"C:\\ti\\ccs1250\\ccs\\utils\\bin\\gmake" -k -j 24 all -O 
 
Building file: "../main.c"
Invoking: Arm Compiler
"C:/ti/ccs1250/ccs/tools/compiler/ti-cgt-arm_20.2.7.LTS/bin/armcl" -mv7M4 --code_state=16 --float_support=FPv4SPD16 -me --include_path="C:/Users/Savke/workspace_v12/Termin01Zadatak8" --include_path="C:/ti/TivaWare_C_Series-2.2.0.295" --include_path="C:/ti/ccs1250/ccs/tools/compiler/ti-cgt-arm_20.2.7.LTS/include" --define=ccs="ccs" --define=PART_TM4C123GH6PM -g --gcc --diag_warning=225 --diag_wrap=off --display_error_number --abi=eabi --preproc_with_compile --preproc_dependency="main.d_raw"  "../main.c"
Finished building: "../main.c"
 
Building target: "Termin01Zadatak8.out"
Invoking: Arm Linker
"C:/ti/ccs1250/ccs/tools/compiler/ti-cgt-arm_20.2.7.LTS/bin/armcl" -mv7M4 --code_state=16 --float_support=FPv4SPD16 -me --define=ccs="ccs" --define=PART_TM4C123GH6PM -g --gcc --diag_warning=225 --diag_wrap=off --display_error_number --abi=eabi -z -m"Termin01Zadatak8.map" --heap_size=0 --stack_size=16384 -i"C:/ti/ccs1250/ccs/tools/compiler/ti-cgt-arm_20.2.7.LTS/lib" -i"C:/ti/ccs1250/ccs/tools/compiler/ti-cgt-arm_20.2.7.LTS/include" --reread_libs --diag_wrap=off --display_error_number --warn_sections --xml_link_info="Termin01Zadatak8_linkInfo.xml" --rom_model -o "Termin01Zadatak8.out" "./main.obj" "./tm4c123gh6pm_startup_ccs.obj" "./helper_library/helper.obj" "./helper_library/uartstdio.obj" "../tm4c123gh6pm.cmd"  -llibc.a -l"C:/ti/TivaWare_C_Series-2.2.0.295/driverlib/ccs/Debug/driverlib.lib" 
<Linking>
Finished building target: "Termin01Zadatak8.out"
 

**** Build Finished ****

**** Build of configuration Debug for project Termin01Zadatak8 ****

"C:\\ti\\ccs1250\\ccs\\utils\\bin\\gmake" -k -j 24 all -O 
 
gmake[1]: 'Termin01Zadatak8.out' is up to date.

**** Build Finished ****

**** Clean-only build of configuration Debug for project Termin01Zadatak9 ****

"C:\\ti\\ccs1250\\ccs\\utils\\bin\\gmake" -k -j 24 clean -O 
 
DEL /F  "Termin01Zadatak9.out" 
DEL /F "main.obj" "tm4c123gh6pm_startup_ccs.obj" "helper_library\helper.obj" "helper_library\uartstdio.obj" 
DEL /F "main.d" "tm4c123gh6pm_startup_ccs.d" "helper_library\helper.d" "helper_library\uartstdio.d" 
Could Not Find C:\Users\Savke\workspace_v12\Termin01Zadatak9\Debug\Termin01Zadatak9.out
Finished clean
 

**** Build Finished ****

**** Build of configuration Debug for project Termin01Zadatak9 ****

"C:\\ti\\ccs1250\\ccs\\utils\\bin\\gmake" -k -j 24 all -O 
 
Building file: "../main.c"
Invoking: Arm Compiler
"C:/ti/ccs1250/ccs/tools/compiler/ti-cgt-arm_20.2.7.LTS/bin/armcl" -mv7M4 --code_state=16 --float_support=FPv4SPD16 -me --include_path="C:/Users/Savke/workspace_v12/Termin01Zadatak9" --include_path="C:/ti/TivaWare_C_Series-2.2.0.295" --include_path="C:/ti/ccs1250/ccs/tools/compiler/ti-cgt-arm_20.2.7.LTS/include" --define=ccs="ccs" --define=PART_TM4C123GH6PM -g --gcc --diag_warning=225 --diag_wrap=off --display_error_number --abi=eabi --preproc_with_compile --preproc_dependency="main.d_raw"  "../main.c"
Finished building: "../main.c"
 
Building file: "../tm4c123gh6pm_startup_ccs.c"
Invoking: Arm Compiler
"C:/ti/ccs1250/ccs/tools/compiler/ti-cgt-arm_20.2.7.LTS/bin/armcl" -mv7M4 --code_state=16 --float_support=FPv4SPD16 -me --include_path="C:/Users/Savke/workspace_v12/Termin01Zadatak9" --include_path="C:/ti/TivaWare_C_Series-2.2.0.295" --include_path="C:/ti/ccs1250/ccs/tools/compiler/ti-cgt-arm_20.2.7.LTS/include" --define=ccs="ccs" --define=PART_TM4C123GH6PM -g --gcc --diag_warning=225 --diag_wrap=off --display_error_number --abi=eabi --preproc_with_compile --preproc_dependency="tm4c123gh6pm_startup_ccs.d_raw"  "../tm4c123gh6pm_startup_ccs.c"
Finished building: "../tm4c123gh6pm_startup_ccs.c"
 
Building file: "../helper_library/helper.c"
Invoking: Arm Compiler
"C:/ti/ccs1250/ccs/tools/compiler/ti-cgt-arm_20.2.7.LTS/bin/armcl" -mv7M4 --code_state=16 --float_support=FPv4SPD16 -me --include_path="C:/Users/Savke/workspace_v12/Termin01Zadatak9" --include_path="C:/ti/TivaWare_C_Series-2.2.0.295" --include_path="C:/ti/ccs1250/ccs/tools/compiler/ti-cgt-arm_20.2.7.LTS/include" --define=ccs="ccs" --define=PART_TM4C123GH6PM -g --gcc --diag_warning=225 --diag_wrap=off --display_error_number --abi=eabi --preproc_with_compile --preproc_dependency="helper_library/helper.d_raw" --obj_directory="helper_library"  "../helper_library/helper.c"
Finished building: "../helper_library/helper.c"
 
Building file: "../helper_library/uartstdio.c"
Invoking: Arm Compiler
"C:/ti/ccs1250/ccs/tools/compiler/ti-cgt-arm_20.2.7.LTS/bin/armcl" -mv7M4 --code_state=16 --float_support=FPv4SPD16 -me --include_path="C:/Users/Savke/workspace_v12/Termin01Zadatak9" --include_path="C:/ti/TivaWare_C_Series-2.2.0.295" --include_path="C:/ti/ccs1250/ccs/tools/compiler/ti-cgt-arm_20.2.7.LTS/include" --define=ccs="ccs" --define=PART_TM4C123GH6PM -g --gcc --diag_warning=225 --diag_wrap=off --display_error_number --abi=eabi --preproc_with_compile --preproc_dependency="helper_library/uartstdio.d_raw" --obj_directory="helper_library"  "../helper_library/uartstdio.c"
Finished building: "../helper_library/uartstdio.c"
 
Building target: "Termin01Zadatak9.out"
Invoking: Arm Linker
"C:/ti/ccs1250/ccs/tools/compiler/ti-cgt-arm_20.2.7.LTS/bin/armcl" -mv7M4 --code_state=16 --float_support=FPv4SPD16 -me --define=ccs="ccs" --define=PART_TM4C123GH6PM -g --gcc --diag_warning=225 --diag_wrap=off --display_error_number --abi=eabi -z -m"Termin01Zadatak9.map" --heap_size=0 --stack_size=16384 -i"C:/ti/ccs1250/ccs/tools/compiler/ti-cgt-arm_20.2.7.LTS/lib" -i"C:/ti/ccs1250/ccs/tools/compiler/ti-cgt-arm_20.2.7.LTS/include" --reread_libs --diag_wrap=off --display_error_number --warn_sections --xml_link_info="Termin01Zadatak9_linkInfo.xml" --rom_model -o "Termin01Zadatak9.out" "./main.obj" "./tm4c123gh6pm_startup_ccs.obj" "./helper_library/helper.obj" "./helper_library/uartstdio.obj" "../tm4c123gh6pm.cmd"  -llibc.a -l"C:/ti/TivaWare_C_Series-2.2.0.295/driverlib/ccs/Debug/driverlib.lib" 
<Linking>
Finished building target: "Termin01Zadatak9.out"
 

**** Build Finished ****

**** Build of configuration Debug for project Termin01Zadatak9 ****

"C:\\ti\\ccs1250\\ccs\\utils\\bin\\gmake" -k -j 24 all -O 
 
Building file: "../main.c"
Invoking: Arm Compiler
"C:/ti/ccs1250/ccs/tools/compiler/ti-cgt-arm_20.2.7.LTS/bin/armcl" -mv7M4 --code_state=16 --float_support=FPv4SPD16 -me --include_path="C:/Users/Savke/workspace_v12/Termin01Zadatak9" --include_path="C:/ti/TivaWare_C_Series-2.2.0.295" --include_path="C:/ti/ccs1250/ccs/tools/compiler/ti-cgt-arm_20.2.7.LTS/include" --define=ccs="ccs" --define=PART_TM4C123GH6PM -g --gcc --diag_warning=225 --diag_wrap=off --display_error_number --abi=eabi --preproc_with_compile --preproc_dependency="main.d_raw"  "../main.c"
Finished building: "../main.c"
 
Building target: "Termin01Zadatak9.out"
Invoking: Arm Linker
"C:/ti/ccs1250/ccs/tools/compiler/ti-cgt-arm_20.2.7.LTS/bin/armcl" -mv7M4 --code_state=16 --float_support=FPv4SPD16 -me --define=ccs="ccs" --define=PART_TM4C123GH6PM -g --gcc --diag_warning=225 --diag_wrap=off --display_error_number --abi=eabi -z -m"Termin01Zadatak9.map" --heap_size=0 --stack_size=16384 -i"C:/ti/ccs1250/ccs/tools/compiler/ti-cgt-arm_20.2.7.LTS/lib" -i"C:/ti/ccs1250/ccs/tools/compiler/ti-cgt-arm_20.2.7.LTS/include" --reread_libs --diag_wrap=off --display_error_number --warn_sections --xml_link_info="Termin01Zadatak9_linkInfo.xml" --rom_model -o "Termin01Zadatak9.out" "./main.obj" "./tm4c123gh6pm_startup_ccs.obj" "./helper_library/helper.obj" "./helper_library/uartstdio.obj" "../tm4c123gh6pm.cmd"  -llibc.a -l"C:/ti/TivaWare_C_Series-2.2.0.295/driverlib/ccs/Debug/driverlib.lib" 
<Linking>
Finished building target: "Termin01Zadatak9.out"
 

**** Build Finished ****

**** Build of configuration Debug for project Termin01Zadatak9 ****

"C:\\ti\\ccs1250\\ccs\\utils\\bin\\gmake" -k -j 24 all -O 
 
gmake[1]: 'Termin01Zadatak9.out' is up to date.

**** Build Finished ****

**** Build of configuration Debug for project Termin01Zadatak9 ****

"C:\\ti\\ccs1250\\ccs\\utils\\bin\\gmake" -k -j 24 all -O 
 
Building file: "../main.c"
Invoking: Arm Compiler
"C:/ti/ccs1250/ccs/tools/compiler/ti-cgt-arm_20.2.7.LTS/bin/armcl" -mv7M4 --code_state=16 --float_support=FPv4SPD16 -me --include_path="C:/Users/Savke/workspace_v12/Termin01Zadatak9" --include_path="C:/ti/TivaWare_C_Series-2.2.0.295" --include_path="C:/ti/ccs1250/ccs/tools/compiler/ti-cgt-arm_20.2.7.LTS/include" --define=ccs="ccs" --define=PART_TM4C123GH6PM -g --gcc --diag_warning=225 --diag_wrap=off --display_error_number --abi=eabi --preproc_with_compile --preproc_dependency="main.d_raw"  "../main.c"
 
>> Compilation failure
subdir_rules.mk:9: recipe for target 'main.obj' failed
"../main.c", line 24: error #20: identifier "my_char_big" is undefined
1 error detected in the compilation of "../main.c".
gmake: *** [main.obj] Error 1
gmake: Target 'all' not remade because of errors.

**** Build Finished ****

**** Build of configuration Debug for project Termin01Zadatak9 ****

"C:\\ti\\ccs1250\\ccs\\utils\\bin\\gmake" -k -j 24 all -O 
 
Building file: "../main.c"
Invoking: Arm Compiler
"C:/ti/ccs1250/ccs/tools/compiler/ti-cgt-arm_20.2.7.LTS/bin/armcl" -mv7M4 --code_state=16 --float_support=FPv4SPD16 -me --include_path="C:/Users/Savke/workspace_v12/Termin01Zadatak9" --include_path="C:/ti/TivaWare_C_Series-2.2.0.295" --include_path="C:/ti/ccs1250/ccs/tools/compiler/ti-cgt-arm_20.2.7.LTS/include" --define=ccs="ccs" --define=PART_TM4C123GH6PM -g --gcc --diag_warning=225 --diag_wrap=off --display_error_number --abi=eabi --preproc_with_compile --preproc_dependency="main.d_raw"  "../main.c"
 
>> Compilation failure
subdir_rules.mk:9: recipe for target 'main.obj' failed
"../main.c", line 24: error #20: identifier "my_char_big" is undefined
1 error detected in the compilation of "../main.c".
gmake: *** [main.obj] Error 1
gmake: Target 'all' not remade because of errors.

**** Build Finished ****

**** Build of configuration Debug for project Termin01Zadatak9 ****

"C:\\ti\\ccs1250\\ccs\\utils\\bin\\gmake" -k -j 24 all -O 
 
Building file: "../main.c"
Invoking: Arm Compiler
"C:/ti/ccs1250/ccs/tools/compiler/ti-cgt-arm_20.2.7.LTS/bin/armcl" -mv7M4 --code_state=16 --float_support=FPv4SPD16 -me --include_path="C:/Users/Savke/workspace_v12/Termin01Zadatak9" --include_path="C:/ti/TivaWare_C_Series-2.2.0.295" --include_path="C:/ti/ccs1250/ccs/tools/compiler/ti-cgt-arm_20.2.7.LTS/include" --define=ccs="ccs" --define=PART_TM4C123GH6PM -g --gcc --diag_warning=225 --diag_wrap=off --display_error_number --abi=eabi --preproc_with_compile --preproc_dependency="main.d_raw"  "../main.c"
Finished building: "../main.c"
 
Building target: "Termin01Zadatak9.out"
Invoking: Arm Linker
"C:/ti/ccs1250/ccs/tools/compiler/ti-cgt-arm_20.2.7.LTS/bin/armcl" -mv7M4 --code_state=16 --float_support=FPv4SPD16 -me --define=ccs="ccs" --define=PART_TM4C123GH6PM -g --gcc --diag_warning=225 --diag_wrap=off --display_error_number --abi=eabi -z -m"Termin01Zadatak9.map" --heap_size=0 --stack_size=16384 -i"C:/ti/ccs1250/ccs/tools/compiler/ti-cgt-arm_20.2.7.LTS/lib" -i"C:/ti/ccs1250/ccs/tools/compiler/ti-cgt-arm_20.2.7.LTS/include" --reread_libs --diag_wrap=off --display_error_number --warn_sections --xml_link_info="Termin01Zadatak9_linkInfo.xml" --rom_model -o "Termin01Zadatak9.out" "./main.obj" "./tm4c123gh6pm_startup_ccs.obj" "./helper_library/helper.obj" "./helper_library/uartstdio.obj" "../tm4c123gh6pm.cmd"  -llibc.a -l"C:/ti/TivaWare_C_Series-2.2.0.295/driverlib/ccs/Debug/driverlib.lib" 
<Linking>
Finished building target: "Termin01Zadatak9.out"
 

**** Build Finished ****

**** Build of configuration Debug for project Termin01Zadatak9 ****

"C:\\ti\\ccs1250\\ccs\\utils\\bin\\gmake" -k -j 24 all -O 
 
gmake[1]: 'Termin01Zadatak9.out' is up to date.

**** Build Finished ****

**** Build of configuration Debug for project Termin01Zadatak9 ****

"C:\\ti\\ccs1250\\ccs\\utils\\bin\\gmake" -k -j 24 all -O 
 
Building file: "../main.c"
Invoking: Arm Compiler
"C:/ti/ccs1250/ccs/tools/compiler/ti-cgt-arm_20.2.7.LTS/bin/armcl" -mv7M4 --code_state=16 --float_support=FPv4SPD16 -me --include_path="C:/Users/Savke/workspace_v12/Termin01Zadatak9" --include_path="C:/ti/TivaWare_C_Series-2.2.0.295" --include_path="C:/ti/ccs1250/ccs/tools/compiler/ti-cgt-arm_20.2.7.LTS/include" --define=ccs="ccs" --define=PART_TM4C123GH6PM -g --gcc --diag_warning=225 --diag_wrap=off --display_error_number --abi=eabi --preproc_with_compile --preproc_dependency="main.d_raw"  "../main.c"
 
>> Compilation failure
subdir_rules.mk:9: recipe for target 'main.obj' failed
"../main.c", line 24: error #20: identifier "my_char_big" is undefined
"../main.c", line 26: warning #1923-D: too many characters in character literal -- extra leading characters ignored
1 error detected in the compilation of "../main.c".
gmake: *** [main.obj] Error 1
gmake: Target 'all' not remade because of errors.

**** Build Finished ****

**** Build of configuration Debug for project Termin01Zadatak9 ****

"C:\\ti\\ccs1250\\ccs\\utils\\bin\\gmake" -k -j 24 all -O 
 
Building file: "../main.c"
Invoking: Arm Compiler
"C:/ti/ccs1250/ccs/tools/compiler/ti-cgt-arm_20.2.7.LTS/bin/armcl" -mv7M4 --code_state=16 --float_support=FPv4SPD16 -me --include_path="C:/Users/Savke/workspace_v12/Termin01Zadatak9" --include_path="C:/ti/TivaWare_C_Series-2.2.0.295" --include_path="C:/ti/ccs1250/ccs/tools/compiler/ti-cgt-arm_20.2.7.LTS/include" --define=ccs="ccs" --define=PART_TM4C123GH6PM -g --gcc --diag_warning=225 --diag_wrap=off --display_error_number --abi=eabi --preproc_with_compile --preproc_dependency="main.d_raw"  "../main.c"
 
>> Compilation failure
subdir_rules.mk:9: recipe for target 'main.obj' failed
"../main.c", line 24: error #20: identifier "my_char_big" is undefined
"../main.c", line 26: warning #1923-D: too many characters in character literal -- extra leading characters ignored
1 error detected in the compilation of "../main.c".
gmake: *** [main.obj] Error 1
gmake: Target 'all' not remade because of errors.

**** Build Finished ****

**** Build of configuration Debug for project Termin01Zadatak9 ****

"C:\\ti\\ccs1250\\ccs\\utils\\bin\\gmake" -k -j 24 all -O 
 
Building file: "../main.c"
Invoking: Arm Compiler
"C:/ti/ccs1250/ccs/tools/compiler/ti-cgt-arm_20.2.7.LTS/bin/armcl" -mv7M4 --code_state=16 --float_support=FPv4SPD16 -me --include_path="C:/Users/Savke/workspace_v12/Termin01Zadatak9" --include_path="C:/ti/TivaWare_C_Series-2.2.0.295" --include_path="C:/ti/ccs1250/ccs/tools/compiler/ti-cgt-arm_20.2.7.LTS/include" --define=ccs="ccs" --define=PART_TM4C123GH6PM -g --gcc --diag_warning=225 --diag_wrap=off --display_error_number --abi=eabi --preproc_with_compile --preproc_dependency="main.d_raw"  "../main.c"
"../main.c", line 26: warning #1923-D: too many characters in character literal -- extra leading characters ignored
Finished building: "../main.c"
 
Building target: "Termin01Zadatak9.out"
Invoking: Arm Linker
"C:/ti/ccs1250/ccs/tools/compiler/ti-cgt-arm_20.2.7.LTS/bin/armcl" -mv7M4 --code_state=16 --float_support=FPv4SPD16 -me --define=ccs="ccs" --define=PART_TM4C123GH6PM -g --gcc --diag_warning=225 --diag_wrap=off --display_error_number --abi=eabi -z -m"Termin01Zadatak9.map" --heap_size=0 --stack_size=16384 -i"C:/ti/ccs1250/ccs/tools/compiler/ti-cgt-arm_20.2.7.LTS/lib" -i"C:/ti/ccs1250/ccs/tools/compiler/ti-cgt-arm_20.2.7.LTS/include" --reread_libs --diag_wrap=off --display_error_number --warn_sections --xml_link_info="Termin01Zadatak9_linkInfo.xml" --rom_model -o "Termin01Zadatak9.out" "./main.obj" "./tm4c123gh6pm_startup_ccs.obj" "./helper_library/helper.obj" "./helper_library/uartstdio.obj" "../tm4c123gh6pm.cmd"  -llibc.a -l"C:/ti/TivaWare_C_Series-2.2.0.295/driverlib/ccs/Debug/driverlib.lib" 
<Linking>
Finished building target: "Termin01Zadatak9.out"
 

**** Build Finished ****

**** Build of configuration Debug for project Termin01Zadatak9 ****

"C:\\ti\\ccs1250\\ccs\\utils\\bin\\gmake" -k -j 24 all -O 
 
Building file: "../main.c"
Invoking: Arm Compiler
"C:/ti/ccs1250/ccs/tools/compiler/ti-cgt-arm_20.2.7.LTS/bin/armcl" -mv7M4 --code_state=16 --float_support=FPv4SPD16 -me --include_path="C:/Users/Savke/workspace_v12/Termin01Zadatak9" --include_path="C:/ti/TivaWare_C_Series-2.2.0.295" --include_path="C:/ti/ccs1250/ccs/tools/compiler/ti-cgt-arm_20.2.7.LTS/include" --define=ccs="ccs" --define=PART_TM4C123GH6PM -g --gcc --diag_warning=225 --diag_wrap=off --display_error_number --abi=eabi --preproc_with_compile --preproc_dependency="main.d_raw"  "../main.c"
Finished building: "../main.c"
 
Building target: "Termin01Zadatak9.out"
Invoking: Arm Linker
"C:/ti/ccs1250/ccs/tools/compiler/ti-cgt-arm_20.2.7.LTS/bin/armcl" -mv7M4 --code_state=16 --float_support=FPv4SPD16 -me --define=ccs="ccs" --define=PART_TM4C123GH6PM -g --gcc --diag_warning=225 --diag_wrap=off --display_error_number --abi=eabi -z -m"Termin01Zadatak9.map" --heap_size=0 --stack_size=16384 -i"C:/ti/ccs1250/ccs/tools/compiler/ti-cgt-arm_20.2.7.LTS/lib" -i"C:/ti/ccs1250/ccs/tools/compiler/ti-cgt-arm_20.2.7.LTS/include" --reread_libs --diag_wrap=off --display_error_number --warn_sections --xml_link_info="Termin01Zadatak9_linkInfo.xml" --rom_model -o "Termin01Zadatak9.out" "./main.obj" "./tm4c123gh6pm_startup_ccs.obj" "./helper_library/helper.obj" "./helper_library/uartstdio.obj" "../tm4c123gh6pm.cmd"  -llibc.a -l"C:/ti/TivaWare_C_Series-2.2.0.295/driverlib/ccs/Debug/driverlib.lib" 
<Linking>
Finished building target: "Termin01Zadatak9.out"
 

**** Build Finished ****

**** Build of configuration Debug for project Termin01Zadatak9 ****

"C:\\ti\\ccs1250\\ccs\\utils\\bin\\gmake" -k -j 24 all -O 
 
gmake[1]: 'Termin01Zadatak9.out' is up to date.

**** Build Finished ****

**** Clean-only build of configuration Debug for project Termin01Zadatak10 ****

"C:\\ti\\ccs1250\\ccs\\utils\\bin\\gmake" -k -j 24 clean -O 
 
DEL /F  "Termin01Zadatak10.out" 
DEL /F "main.obj" "tm4c123gh6pm_startup_ccs.obj" "helper_library\helper.obj" "helper_library\uartstdio.obj" 
DEL /F "main.d" "tm4c123gh6pm_startup_ccs.d" "helper_library\helper.d" "helper_library\uartstdio.d" 
Could Not Find C:\Users\Savke\workspace_v12\Termin01Zadatak10\Debug\Termin01Zadatak10.out
Finished clean
 

**** Build Finished ****

**** Build of configuration Debug for project Termin01Zadatak10 ****

"C:\\ti\\ccs1250\\ccs\\utils\\bin\\gmake" -k -j 24 all -O 
 
Building file: "../main.c"
Invoking: Arm Compiler
"C:/ti/ccs1250/ccs/tools/compiler/ti-cgt-arm_20.2.7.LTS/bin/armcl" -mv7M4 --code_state=16 --float_support=FPv4SPD16 -me --include_path="C:/Users/Savke/workspace_v12/Termin01Zadatak10" --include_path="C:/ti/TivaWare_C_Series-2.2.0.295" --include_path="C:/ti/ccs1250/ccs/tools/compiler/ti-cgt-arm_20.2.7.LTS/include" --define=ccs="ccs" --define=PART_TM4C123GH6PM -g --gcc --diag_warning=225 --diag_wrap=off --display_error_number --abi=eabi --preproc_with_compile --preproc_dependency="main.d_raw"  "../main.c"
Finished building: "../main.c"
 
Building file: "../tm4c123gh6pm_startup_ccs.c"
Invoking: Arm Compiler
"C:/ti/ccs1250/ccs/tools/compiler/ti-cgt-arm_20.2.7.LTS/bin/armcl" -mv7M4 --code_state=16 --float_support=FPv4SPD16 -me --include_path="C:/Users/Savke/workspace_v12/Termin01Zadatak10" --include_path="C:/ti/TivaWare_C_Series-2.2.0.295" --include_path="C:/ti/ccs1250/ccs/tools/compiler/ti-cgt-arm_20.2.7.LTS/include" --define=ccs="ccs" --define=PART_TM4C123GH6PM -g --gcc --diag_warning=225 --diag_wrap=off --display_error_number --abi=eabi --preproc_with_compile --preproc_dependency="tm4c123gh6pm_startup_ccs.d_raw"  "../tm4c123gh6pm_startup_ccs.c"
Finished building: "../tm4c123gh6pm_startup_ccs.c"
 
Building file: "../helper_library/helper.c"
Invoking: Arm Compiler
"C:/ti/ccs1250/ccs/tools/compiler/ti-cgt-arm_20.2.7.LTS/bin/armcl" -mv7M4 --code_state=16 --float_support=FPv4SPD16 -me --include_path="C:/Users/Savke/workspace_v12/Termin01Zadatak10" --include_path="C:/ti/TivaWare_C_Series-2.2.0.295" --include_path="C:/ti/ccs1250/ccs/tools/compiler/ti-cgt-arm_20.2.7.LTS/include" --define=ccs="ccs" --define=PART_TM4C123GH6PM -g --gcc --diag_warning=225 --diag_wrap=off --display_error_number --abi=eabi --preproc_with_compile --preproc_dependency="helper_library/helper.d_raw" --obj_directory="helper_library"  "../helper_library/helper.c"
Finished building: "../helper_library/helper.c"
 
Building file: "../helper_library/uartstdio.c"
Invoking: Arm Compiler
"C:/ti/ccs1250/ccs/tools/compiler/ti-cgt-arm_20.2.7.LTS/bin/armcl" -mv7M4 --code_state=16 --float_support=FPv4SPD16 -me --include_path="C:/Users/Savke/workspace_v12/Termin01Zadatak10" --include_path="C:/ti/TivaWare_C_Series-2.2.0.295" --include_path="C:/ti/ccs1250/ccs/tools/compiler/ti-cgt-arm_20.2.7.LTS/include" --define=ccs="ccs" --define=PART_TM4C123GH6PM -g --gcc --diag_warning=225 --diag_wrap=off --display_error_number --abi=eabi --preproc_with_compile --preproc_dependency="helper_library/uartstdio.d_raw" --obj_directory="helper_library"  "../helper_library/uartstdio.c"
Finished building: "../helper_library/uartstdio.c"
 
Building target: "Termin01Zadatak10.out"
Invoking: Arm Linker
"C:/ti/ccs1250/ccs/tools/compiler/ti-cgt-arm_20.2.7.LTS/bin/armcl" -mv7M4 --code_state=16 --float_support=FPv4SPD16 -me --define=ccs="ccs" --define=PART_TM4C123GH6PM -g --gcc --diag_warning=225 --diag_wrap=off --display_error_number --abi=eabi -z -m"Termin01Zadatak10.map" --heap_size=0 --stack_size=16384 -i"C:/ti/ccs1250/ccs/tools/compiler/ti-cgt-arm_20.2.7.LTS/lib" -i"C:/ti/ccs1250/ccs/tools/compiler/ti-cgt-arm_20.2.7.LTS/include" --reread_libs --diag_wrap=off --display_error_number --warn_sections --xml_link_info="Termin01Zadatak10_linkInfo.xml" --rom_model -o "Termin01Zadatak10.out" "./main.obj" "./tm4c123gh6pm_startup_ccs.obj" "./helper_library/helper.obj" "./helper_library/uartstdio.obj" "../tm4c123gh6pm.cmd"  -llibc.a -l"C:/ti/TivaWare_C_Series-2.2.0.295/driverlib/ccs/Debug/driverlib.lib" 
<Linking>
Finished building target: "Termin01Zadatak10.out"
 

**** Build Finished ****

**** Build of configuration Debug for project Termin01Zadatak10 ****

"C:\\ti\\ccs1250\\ccs\\utils\\bin\\gmake" -k -j 24 all -O 
 
Building file: "../main.c"
Invoking: Arm Compiler
"C:/ti/ccs1250/ccs/tools/compiler/ti-cgt-arm_20.2.7.LTS/bin/armcl" -mv7M4 --code_state=16 --float_support=FPv4SPD16 -me --include_path="C:/Users/Savke/workspace_v12/Termin01Zadatak10" --include_path="C:/ti/TivaWare_C_Series-2.2.0.295" --include_path="C:/ti/ccs1250/ccs/tools/compiler/ti-cgt-arm_20.2.7.LTS/include" --define=ccs="ccs" --define=PART_TM4C123GH6PM -g --gcc --diag_warning=225 --diag_wrap=off --display_error_number --abi=eabi --preproc_with_compile --preproc_dependency="main.d_raw"  "../main.c"
 
>> Compilation failure
subdir_rules.mk:9: recipe for target 'main.obj' failed
"../main.c", line 23: error #66: expected a ";"
"../main.c", line 27: warning #12-D: parsing restarts here after previous syntax error
"../main.c", line 13: warning #179-D: variable "pomocnaVarijabla" was declared but never referenced
1 error detected in the compilation of "../main.c".
gmake: *** [main.obj] Error 1
gmake: Target 'all' not remade because of errors.

**** Build Finished ****

**** Build of configuration Debug for project Termin01Zadatak10 ****

"C:\\ti\\ccs1250\\ccs\\utils\\bin\\gmake" -k -j 24 all -O 
 
Building file: "../main.c"
Invoking: Arm Compiler
"C:/ti/ccs1250/ccs/tools/compiler/ti-cgt-arm_20.2.7.LTS/bin/armcl" -mv7M4 --code_state=16 --float_support=FPv4SPD16 -me --include_path="C:/Users/Savke/workspace_v12/Termin01Zadatak10" --include_path="C:/ti/TivaWare_C_Series-2.2.0.295" --include_path="C:/ti/ccs1250/ccs/tools/compiler/ti-cgt-arm_20.2.7.LTS/include" --define=ccs="ccs" --define=PART_TM4C123GH6PM -g --gcc --diag_warning=225 --diag_wrap=off --display_error_number --abi=eabi --preproc_with_compile --preproc_dependency="main.d_raw"  "../main.c"
 
>> Compilation failure
subdir_rules.mk:9: recipe for target 'main.obj' failed
"../main.c", line 27: error #66: expected a ";"
"../main.c", line 13: warning #552-D: variable "pomocnaVarijabla" was set but never used
1 error detected in the compilation of "../main.c".
gmake: *** [main.obj] Error 1
gmake: Target 'all' not remade because of errors.

**** Build Finished ****

**** Build of configuration Debug for project Termin01Zadatak10 ****

"C:\\ti\\ccs1250\\ccs\\utils\\bin\\gmake" -k -j 24 all -O 
 
Building file: "../main.c"
Invoking: Arm Compiler
"C:/ti/ccs1250/ccs/tools/compiler/ti-cgt-arm_20.2.7.LTS/bin/armcl" -mv7M4 --code_state=16 --float_support=FPv4SPD16 -me --include_path="C:/Users/Savke/workspace_v12/Termin01Zadatak10" --include_path="C:/ti/TivaWare_C_Series-2.2.0.295" --include_path="C:/ti/ccs1250/ccs/tools/compiler/ti-cgt-arm_20.2.7.LTS/include" --define=ccs="ccs" --define=PART_TM4C123GH6PM -g --gcc --diag_warning=225 --diag_wrap=off --display_error_number --abi=eabi --preproc_with_compile --preproc_dependency="main.d_raw"  "../main.c"
"../main.c", line 13: warning #552-D: variable "pomocnaVarijabla" was set but never used
Finished building: "../main.c"
 
Building target: "Termin01Zadatak10.out"
Invoking: Arm Linker
"C:/ti/ccs1250/ccs/tools/compiler/ti-cgt-arm_20.2.7.LTS/bin/armcl" -mv7M4 --code_state=16 --float_support=FPv4SPD16 -me --define=ccs="ccs" --define=PART_TM4C123GH6PM -g --gcc --diag_warning=225 --diag_wrap=off --display_error_number --abi=eabi -z -m"Termin01Zadatak10.map" --heap_size=0 --stack_size=16384 -i"C:/ti/ccs1250/ccs/tools/compiler/ti-cgt-arm_20.2.7.LTS/lib" -i"C:/ti/ccs1250/ccs/tools/compiler/ti-cgt-arm_20.2.7.LTS/include" --reread_libs --diag_wrap=off --display_error_number --warn_sections --xml_link_info="Termin01Zadatak10_linkInfo.xml" --rom_model -o "Termin01Zadatak10.out" "./main.obj" "./tm4c123gh6pm_startup_ccs.obj" "./helper_library/helper.obj" "./helper_library/uartstdio.obj" "../tm4c123gh6pm.cmd"  -llibc.a -l"C:/ti/TivaWare_C_Series-2.2.0.295/driverlib/ccs/Debug/driverlib.lib" 
<Linking>
Finished building target: "Termin01Zadatak10.out"
 

**** Build Finished ****

**** Build of configuration Debug for project Termin01Zadatak10 ****

"C:\\ti\\ccs1250\\ccs\\utils\\bin\\gmake" -k -j 24 all -O 
 
gmake[1]: 'Termin01Zadatak10.out' is up to date.

**** Build Finished ****

**** Build of configuration Debug for project Termin01Zadatak10 ****

"C:\\ti\\ccs1250\\ccs\\utils\\bin\\gmake" -k -j 24 all -O 
 
Building file: "../main.c"
Invoking: Arm Compiler
"C:/ti/ccs1250/ccs/tools/compiler/ti-cgt-arm_20.2.7.LTS/bin/armcl" -mv7M4 --code_state=16 --float_support=FPv4SPD16 -me --include_path="C:/Users/Savke/workspace_v12/Termin01Zadatak10" --include_path="C:/ti/TivaWare_C_Series-2.2.0.295" --include_path="C:/ti/ccs1250/ccs/tools/compiler/ti-cgt-arm_20.2.7.LTS/include" --define=ccs="ccs" --define=PART_TM4C123GH6PM -g --gcc --diag_warning=225 --diag_wrap=off --display_error_number --abi=eabi --preproc_with_compile --preproc_dependency="main.d_raw"  "../main.c"
Finished building: "../main.c"
 
Building target: "Termin01Zadatak10.out"
Invoking: Arm Linker
"C:/ti/ccs1250/ccs/tools/compiler/ti-cgt-arm_20.2.7.LTS/bin/armcl" -mv7M4 --code_state=16 --float_support=FPv4SPD16 -me --define=ccs="ccs" --define=PART_TM4C123GH6PM -g --gcc --diag_warning=225 --diag_wrap=off --display_error_number --abi=eabi -z -m"Termin01Zadatak10.map" --heap_size=0 --stack_size=16384 -i"C:/ti/ccs1250/ccs/tools/compiler/ti-cgt-arm_20.2.7.LTS/lib" -i"C:/ti/ccs1250/ccs/tools/compiler/ti-cgt-arm_20.2.7.LTS/include" --reread_libs --diag_wrap=off --display_error_number --warn_sections --xml_link_info="Termin01Zadatak10_linkInfo.xml" --rom_model -o "Termin01Zadatak10.out" "./main.obj" "./tm4c123gh6pm_startup_ccs.obj" "./helper_library/helper.obj" "./helper_library/uartstdio.obj" "../tm4c123gh6pm.cmd"  -llibc.a -l"C:/ti/TivaWare_C_Series-2.2.0.295/driverlib/ccs/Debug/driverlib.lib" 
<Linking>
Finished building target: "Termin01Zadatak10.out"
 

**** Build Finished ****

**** Clean-only build of configuration Debug for project Termin2Zadatak1 ****

"C:\\ti\\ccs1250\\ccs\\utils\\bin\\gmake" -k -j 24 clean -O 
 
DEL /F  "Termin2Zadatak1.out" 
DEL /F "main.obj" "tm4c123gh6pm_startup_ccs.obj" "helper_library\helper.obj" "helper_library\uartstdio.obj" 
DEL /F "main.d" "tm4c123gh6pm_startup_ccs.d" "helper_library\helper.d" "helper_library\uartstdio.d" 
Could Not Find C:\Users\Savke\workspace_v12\Termin2Zadatak1\Debug\Termin2Zadatak1.out
Finished clean
 

**** Build Finished ****

**** Build of configuration Debug for project Termin2Zadatak1 ****

"C:\\ti\\ccs1250\\ccs\\utils\\bin\\gmake" -k -j 24 all -O 
 
Building file: "../main.c"
Invoking: Arm Compiler
"C:/ti/ccs1250/ccs/tools/compiler/ti-cgt-arm_20.2.7.LTS/bin/armcl" -mv7M4 --code_state=16 --float_support=FPv4SPD16 -me --include_path="C:/Users/Savke/workspace_v12/Termin2Zadatak1" --include_path="C:/ti/TivaWare_C_Series-2.2.0.295" --include_path="C:/ti/ccs1250/ccs/tools/compiler/ti-cgt-arm_20.2.7.LTS/include" --define=ccs="ccs" --define=PART_TM4C123GH6PM -g --gcc --diag_warning=225 --diag_wrap=off --display_error_number --abi=eabi --preproc_with_compile --preproc_dependency="main.d_raw"  "../main.c"
Finished building: "../main.c"
 
Building file: "../tm4c123gh6pm_startup_ccs.c"
Invoking: Arm Compiler
"C:/ti/ccs1250/ccs/tools/compiler/ti-cgt-arm_20.2.7.LTS/bin/armcl" -mv7M4 --code_state=16 --float_support=FPv4SPD16 -me --include_path="C:/Users/Savke/workspace_v12/Termin2Zadatak1" --include_path="C:/ti/TivaWare_C_Series-2.2.0.295" --include_path="C:/ti/ccs1250/ccs/tools/compiler/ti-cgt-arm_20.2.7.LTS/include" --define=ccs="ccs" --define=PART_TM4C123GH6PM -g --gcc --diag_warning=225 --diag_wrap=off --display_error_number --abi=eabi --preproc_with_compile --preproc_dependency="tm4c123gh6pm_startup_ccs.d_raw"  "../tm4c123gh6pm_startup_ccs.c"
Finished building: "../tm4c123gh6pm_startup_ccs.c"
 
Building file: "../helper_library/helper.c"
Invoking: Arm Compiler
"C:/ti/ccs1250/ccs/tools/compiler/ti-cgt-arm_20.2.7.LTS/bin/armcl" -mv7M4 --code_state=16 --float_support=FPv4SPD16 -me --include_path="C:/Users/Savke/workspace_v12/Termin2Zadatak1" --include_path="C:/ti/TivaWare_C_Series-2.2.0.295" --include_path="C:/ti/ccs1250/ccs/tools/compiler/ti-cgt-arm_20.2.7.LTS/include" --define=ccs="ccs" --define=PART_TM4C123GH6PM -g --gcc --diag_warning=225 --diag_wrap=off --display_error_number --abi=eabi --preproc_with_compile --preproc_dependency="helper_library/helper.d_raw" --obj_directory="helper_library"  "../helper_library/helper.c"
Finished building: "../helper_library/helper.c"
 
Building file: "../helper_library/uartstdio.c"
Invoking: Arm Compiler
"C:/ti/ccs1250/ccs/tools/compiler/ti-cgt-arm_20.2.7.LTS/bin/armcl" -mv7M4 --code_state=16 --float_support=FPv4SPD16 -me --include_path="C:/Users/Savke/workspace_v12/Termin2Zadatak1" --include_path="C:/ti/TivaWare_C_Series-2.2.0.295" --include_path="C:/ti/ccs1250/ccs/tools/compiler/ti-cgt-arm_20.2.7.LTS/include" --define=ccs="ccs" --define=PART_TM4C123GH6PM -g --gcc --diag_warning=225 --diag_wrap=off --display_error_number --abi=eabi --preproc_with_compile --preproc_dependency="helper_library/uartstdio.d_raw" --obj_directory="helper_library"  "../helper_library/uartstdio.c"
Finished building: "../helper_library/uartstdio.c"
 
Building target: "Termin2Zadatak1.out"
Invoking: Arm Linker
"C:/ti/ccs1250/ccs/tools/compiler/ti-cgt-arm_20.2.7.LTS/bin/armcl" -mv7M4 --code_state=16 --float_support=FPv4SPD16 -me --define=ccs="ccs" --define=PART_TM4C123GH6PM -g --gcc --diag_warning=225 --diag_wrap=off --display_error_number --abi=eabi -z -m"Termin2Zadatak1.map" --heap_size=0 --stack_size=16384 -i"C:/ti/ccs1250/ccs/tools/compiler/ti-cgt-arm_20.2.7.LTS/lib" -i"C:/ti/ccs1250/ccs/tools/compiler/ti-cgt-arm_20.2.7.LTS/include" --reread_libs --diag_wrap=off --display_error_number --warn_sections --xml_link_info="Termin2Zadatak1_linkInfo.xml" --rom_model -o "Termin2Zadatak1.out" "./main.obj" "./tm4c123gh6pm_startup_ccs.obj" "./helper_library/helper.obj" "./helper_library/uartstdio.obj" "../tm4c123gh6pm.cmd"  -llibc.a -l"C:/ti/TivaWare_C_Series-2.2.0.295/driverlib/ccs/Debug/driverlib.lib" 
<Linking>
Finished building target: "Termin2Zadatak1.out"
 

**** Build Finished ****

**** Build of configuration Debug for project Termin2Zadatak1 ****

"C:\\ti\\ccs1250\\ccs\\utils\\bin\\gmake" -k -j 24 all -O 
 
gmake[1]: 'Termin2Zadatak1.out' is up to date.

**** Build Finished ****

**** Clean-only build of configuration Debug for project Termin2Zadatak2 ****

"C:\\ti\\ccs1250\\ccs\\utils\\bin\\gmake" -k -j 24 clean -O 
 
DEL /F  "Termin2Zadatak2.out" 
DEL /F "main.obj" "tm4c123gh6pm_startup_ccs.obj" "helper_library\helper.obj" "helper_library\uartstdio.obj" 
DEL /F "main.d" "tm4c123gh6pm_startup_ccs.d" "helper_library\helper.d" "helper_library\uartstdio.d" 
Could Not Find C:\Users\Savke\workspace_v12\Termin2Zadatak2\Debug\Termin2Zadatak2.out
Finished clean
 

**** Build Finished ****

**** Build of configuration Debug for project Termin2Zadatak2 ****

"C:\\ti\\ccs1250\\ccs\\utils\\bin\\gmake" -k -j 24 all -O 
 
Building file: "../main.c"
Invoking: Arm Compiler
"C:/ti/ccs1250/ccs/tools/compiler/ti-cgt-arm_20.2.7.LTS/bin/armcl" -mv7M4 --code_state=16 --float_support=FPv4SPD16 -me --include_path="C:/Users/Savke/workspace_v12/Termin2Zadatak2" --include_path="C:/ti/TivaWare_C_Series-2.2.0.295" --include_path="C:/ti/ccs1250/ccs/tools/compiler/ti-cgt-arm_20.2.7.LTS/include" --define=ccs="ccs" --define=PART_TM4C123GH6PM -g --gcc --diag_warning=225 --diag_wrap=off --display_error_number --abi=eabi --preproc_with_compile --preproc_dependency="main.d_raw"  "../main.c"
 
>> Compilation failure
subdir_rules.mk:9: recipe for target 'main.obj' failed
"../main.c", line 20: error #66: expected a ";"
1 error detected in the compilation of "../main.c".
gmake: *** [main.obj] Error 1
Building file: "../tm4c123gh6pm_startup_ccs.c"
Invoking: Arm Compiler
"C:/ti/ccs1250/ccs/tools/compiler/ti-cgt-arm_20.2.7.LTS/bin/armcl" -mv7M4 --code_state=16 --float_support=FPv4SPD16 -me --include_path="C:/Users/Savke/workspace_v12/Termin2Zadatak2" --include_path="C:/ti/TivaWare_C_Series-2.2.0.295" --include_path="C:/ti/ccs1250/ccs/tools/compiler/ti-cgt-arm_20.2.7.LTS/include" --define=ccs="ccs" --define=PART_TM4C123GH6PM -g --gcc --diag_warning=225 --diag_wrap=off --display_error_number --abi=eabi --preproc_with_compile --preproc_dependency="tm4c123gh6pm_startup_ccs.d_raw"  "../tm4c123gh6pm_startup_ccs.c"
Finished building: "../tm4c123gh6pm_startup_ccs.c"
 
Building file: "../helper_library/helper.c"
Invoking: Arm Compiler
"C:/ti/ccs1250/ccs/tools/compiler/ti-cgt-arm_20.2.7.LTS/bin/armcl" -mv7M4 --code_state=16 --float_support=FPv4SPD16 -me --include_path="C:/Users/Savke/workspace_v12/Termin2Zadatak2" --include_path="C:/ti/TivaWare_C_Series-2.2.0.295" --include_path="C:/ti/ccs1250/ccs/tools/compiler/ti-cgt-arm_20.2.7.LTS/include" --define=ccs="ccs" --define=PART_TM4C123GH6PM -g --gcc --diag_warning=225 --diag_wrap=off --display_error_number --abi=eabi --preproc_with_compile --preproc_dependency="helper_library/helper.d_raw" --obj_directory="helper_library"  "../helper_library/helper.c"
Finished building: "../helper_library/helper.c"
 
Building file: "../helper_library/uartstdio.c"
Invoking: Arm Compiler
"C:/ti/ccs1250/ccs/tools/compiler/ti-cgt-arm_20.2.7.LTS/bin/armcl" -mv7M4 --code_state=16 --float_support=FPv4SPD16 -me --include_path="C:/Users/Savke/workspace_v12/Termin2Zadatak2" --include_path="C:/ti/TivaWare_C_Series-2.2.0.295" --include_path="C:/ti/ccs1250/ccs/tools/compiler/ti-cgt-arm_20.2.7.LTS/include" --define=ccs="ccs" --define=PART_TM4C123GH6PM -g --gcc --diag_warning=225 --diag_wrap=off --display_error_number --abi=eabi --preproc_with_compile --preproc_dependency="helper_library/uartstdio.d_raw" --obj_directory="helper_library"  "../helper_library/uartstdio.c"
Finished building: "../helper_library/uartstdio.c"
 
gmake: Target 'all' not remade because of errors.

**** Build Finished ****

**** Build of configuration Debug for project Termin2Zadatak2 ****

"C:\\ti\\ccs1250\\ccs\\utils\\bin\\gmake" -k -j 24 all -O 
 
Building file: "../main.c"
Invoking: Arm Compiler
"C:/ti/ccs1250/ccs/tools/compiler/ti-cgt-arm_20.2.7.LTS/bin/armcl" -mv7M4 --code_state=16 --float_support=FPv4SPD16 -me --include_path="C:/Users/Savke/workspace_v12/Termin2Zadatak2" --include_path="C:/ti/TivaWare_C_Series-2.2.0.295" --include_path="C:/ti/ccs1250/ccs/tools/compiler/ti-cgt-arm_20.2.7.LTS/include" --define=ccs="ccs" --define=PART_TM4C123GH6PM -g --gcc --diag_warning=225 --diag_wrap=off --display_error_number --abi=eabi --preproc_with_compile --preproc_dependency="main.d_raw"  "../main.c"
Finished building: "../main.c"
 
Building target: "Termin2Zadatak2.out"
Invoking: Arm Linker
"C:/ti/ccs1250/ccs/tools/compiler/ti-cgt-arm_20.2.7.LTS/bin/armcl" -mv7M4 --code_state=16 --float_support=FPv4SPD16 -me --define=ccs="ccs" --define=PART_TM4C123GH6PM -g --gcc --diag_warning=225 --diag_wrap=off --display_error_number --abi=eabi -z -m"Termin2Zadatak2.map" --heap_size=0 --stack_size=16384 -i"C:/ti/ccs1250/ccs/tools/compiler/ti-cgt-arm_20.2.7.LTS/lib" -i"C:/ti/ccs1250/ccs/tools/compiler/ti-cgt-arm_20.2.7.LTS/include" --reread_libs --diag_wrap=off --display_error_number --warn_sections --xml_link_info="Termin2Zadatak2_linkInfo.xml" --rom_model -o "Termin2Zadatak2.out" "./main.obj" "./tm4c123gh6pm_startup_ccs.obj" "./helper_library/helper.obj" "./helper_library/uartstdio.obj" "../tm4c123gh6pm.cmd"  -llibc.a -l"C:/ti/TivaWare_C_Series-2.2.0.295/driverlib/ccs/Debug/driverlib.lib" 
<Linking>
Finished building target: "Termin2Zadatak2.out"
 

**** Build Finished ****

**** Build of configuration Debug for project Termin2Zadatak2 ****

"C:\\ti\\ccs1250\\ccs\\utils\\bin\\gmake" -k -j 24 all -O 
 
gmake[1]: 'Termin2Zadatak2.out' is up to date.

**** Build Finished ****

**** Clean-only build of configuration Debug for project Termin2Zadatak3 ****

"C:\\ti\\ccs1250\\ccs\\utils\\bin\\gmake" -k -j 24 clean -O 
 
DEL /F  "Termin2Zadatak3.out" 
DEL /F "main.obj" "tm4c123gh6pm_startup_ccs.obj" "helper_library\helper.obj" "helper_library\uartstdio.obj" 
DEL /F "main.d" "tm4c123gh6pm_startup_ccs.d" "helper_library\helper.d" "helper_library\uartstdio.d" 
Could Not Find C:\Users\Savke\workspace_v12\Termin2Zadatak3\Debug\Termin2Zadatak3.out
Finished clean
 

**** Build Finished ****

**** Build of configuration Debug for project Termin2Zadatak3 ****

"C:\\ti\\ccs1250\\ccs\\utils\\bin\\gmake" -k -j 24 all -O 
 
Building file: "../main.c"
Invoking: Arm Compiler
"C:/ti/ccs1250/ccs/tools/compiler/ti-cgt-arm_20.2.7.LTS/bin/armcl" -mv7M4 --code_state=16 --float_support=FPv4SPD16 -me --include_path="C:/Users/Savke/workspace_v12/Termin2Zadatak3" --include_path="C:/ti/TivaWare_C_Series-2.2.0.295" --include_path="C:/ti/ccs1250/ccs/tools/compiler/ti-cgt-arm_20.2.7.LTS/include" --define=ccs="ccs" --define=PART_TM4C123GH6PM -g --gcc --diag_warning=225 --diag_wrap=off --display_error_number --abi=eabi --preproc_with_compile --preproc_dependency="main.d_raw"  "../main.c"
"../main.c", line 17: warning #169-D: argument of type "int" is incompatible with parameter of type "const char *"
Finished building: "../main.c"
 
Building file: "../tm4c123gh6pm_startup_ccs.c"
Invoking: Arm Compiler
"C:/ti/ccs1250/ccs/tools/compiler/ti-cgt-arm_20.2.7.LTS/bin/armcl" -mv7M4 --code_state=16 --float_support=FPv4SPD16 -me --include_path="C:/Users/Savke/workspace_v12/Termin2Zadatak3" --include_path="C:/ti/TivaWare_C_Series-2.2.0.295" --include_path="C:/ti/ccs1250/ccs/tools/compiler/ti-cgt-arm_20.2.7.LTS/include" --define=ccs="ccs" --define=PART_TM4C123GH6PM -g --gcc --diag_warning=225 --diag_wrap=off --display_error_number --abi=eabi --preproc_with_compile --preproc_dependency="tm4c123gh6pm_startup_ccs.d_raw"  "../tm4c123gh6pm_startup_ccs.c"
Finished building: "../tm4c123gh6pm_startup_ccs.c"
 
Building file: "../helper_library/helper.c"
Invoking: Arm Compiler
"C:/ti/ccs1250/ccs/tools/compiler/ti-cgt-arm_20.2.7.LTS/bin/armcl" -mv7M4 --code_state=16 --float_support=FPv4SPD16 -me --include_path="C:/Users/Savke/workspace_v12/Termin2Zadatak3" --include_path="C:/ti/TivaWare_C_Series-2.2.0.295" --include_path="C:/ti/ccs1250/ccs/tools/compiler/ti-cgt-arm_20.2.7.LTS/include" --define=ccs="ccs" --define=PART_TM4C123GH6PM -g --gcc --diag_warning=225 --diag_wrap=off --display_error_number --abi=eabi --preproc_with_compile --preproc_dependency="helper_library/helper.d_raw" --obj_directory="helper_library"  "../helper_library/helper.c"
Finished building: "../helper_library/helper.c"
 
Building file: "../helper_library/uartstdio.c"
Invoking: Arm Compiler
"C:/ti/ccs1250/ccs/tools/compiler/ti-cgt-arm_20.2.7.LTS/bin/armcl" -mv7M4 --code_state=16 --float_support=FPv4SPD16 -me --include_path="C:/Users/Savke/workspace_v12/Termin2Zadatak3" --include_path="C:/ti/TivaWare_C_Series-2.2.0.295" --include_path="C:/ti/ccs1250/ccs/tools/compiler/ti-cgt-arm_20.2.7.LTS/include" --define=ccs="ccs" --define=PART_TM4C123GH6PM -g --gcc --diag_warning=225 --diag_wrap=off --display_error_number --abi=eabi --preproc_with_compile --preproc_dependency="helper_library/uartstdio.d_raw" --obj_directory="helper_library"  "../helper_library/uartstdio.c"
Finished building: "../helper_library/uartstdio.c"
 
Building target: "Termin2Zadatak3.out"
Invoking: Arm Linker
"C:/ti/ccs1250/ccs/tools/compiler/ti-cgt-arm_20.2.7.LTS/bin/armcl" -mv7M4 --code_state=16 --float_support=FPv4SPD16 -me --define=ccs="ccs" --define=PART_TM4C123GH6PM -g --gcc --diag_warning=225 --diag_wrap=off --display_error_number --abi=eabi -z -m"Termin2Zadatak3.map" --heap_size=0 --stack_size=16384 -i"C:/ti/ccs1250/ccs/tools/compiler/ti-cgt-arm_20.2.7.LTS/lib" -i"C:/ti/ccs1250/ccs/tools/compiler/ti-cgt-arm_20.2.7.LTS/include" --reread_libs --diag_wrap=off --display_error_number --warn_sections --xml_link_info="Termin2Zadatak3_linkInfo.xml" --rom_model -o "Termin2Zadatak3.out" "./main.obj" "./tm4c123gh6pm_startup_ccs.obj" "./helper_library/helper.obj" "./helper_library/uartstdio.obj" "../tm4c123gh6pm.cmd"  -llibc.a -l"C:/ti/TivaWare_C_Series-2.2.0.295/driverlib/ccs/Debug/driverlib.lib" 
<Linking>
Finished building target: "Termin2Zadatak3.out"
 

**** Build Finished ****

**** Build of configuration Debug for project Termin2Zadatak3 ****

"C:\\ti\\ccs1250\\ccs\\utils\\bin\\gmake" -k -j 24 all -O 
 
gmake[1]: 'Termin2Zadatak3.out' is up to date.

**** Build Finished ****

**** Build of configuration Debug for project Termin2Zadatak3 ****

"C:\\ti\\ccs1250\\ccs\\utils\\bin\\gmake" -k -j 24 all -O 
 
Building file: "../main.c"
Invoking: Arm Compiler
"C:/ti/ccs1250/ccs/tools/compiler/ti-cgt-arm_20.2.7.LTS/bin/armcl" -mv7M4 --code_state=16 --float_support=FPv4SPD16 -me --include_path="C:/Users/Savke/workspace_v12/Termin2Zadatak3" --include_path="C:/ti/TivaWare_C_Series-2.2.0.295" --include_path="C:/ti/ccs1250/ccs/tools/compiler/ti-cgt-arm_20.2.7.LTS/include" --define=ccs="ccs" --define=PART_TM4C123GH6PM -g --gcc --diag_warning=225 --diag_wrap=off --display_error_number --abi=eabi --preproc_with_compile --preproc_dependency="main.d_raw"  "../main.c"
"../main.c", line 17: warning #169-D: argument of type "int" is incompatible with parameter of type "const char *"
Finished building: "../main.c"
 
Building target: "Termin2Zadatak3.out"
Invoking: Arm Linker
"C:/ti/ccs1250/ccs/tools/compiler/ti-cgt-arm_20.2.7.LTS/bin/armcl" -mv7M4 --code_state=16 --float_support=FPv4SPD16 -me --define=ccs="ccs" --define=PART_TM4C123GH6PM -g --gcc --diag_warning=225 --diag_wrap=off --display_error_number --abi=eabi -z -m"Termin2Zadatak3.map" --heap_size=0 --stack_size=16384 -i"C:/ti/ccs1250/ccs/tools/compiler/ti-cgt-arm_20.2.7.LTS/lib" -i"C:/ti/ccs1250/ccs/tools/compiler/ti-cgt-arm_20.2.7.LTS/include" --reread_libs --diag_wrap=off --display_error_number --warn_sections --xml_link_info="Termin2Zadatak3_linkInfo.xml" --rom_model -o "Termin2Zadatak3.out" "./main.obj" "./tm4c123gh6pm_startup_ccs.obj" "./helper_library/helper.obj" "./helper_library/uartstdio.obj" "../tm4c123gh6pm.cmd"  -llibc.a -l"C:/ti/TivaWare_C_Series-2.2.0.295/driverlib/ccs/Debug/driverlib.lib" 
<Linking>
Finished building target: "Termin2Zadatak3.out"
 

**** Build Finished ****

**** Build of configuration Debug for project Termin2Zadatak3 ****

"C:\\ti\\ccs1250\\ccs\\utils\\bin\\gmake" -k -j 24 all -O 
 
Building file: "../main.c"
Invoking: Arm Compiler
"C:/ti/ccs1250/ccs/tools/compiler/ti-cgt-arm_20.2.7.LTS/bin/armcl" -mv7M4 --code_state=16 --float_support=FPv4SPD16 -me --include_path="C:/Users/Savke/workspace_v12/Termin2Zadatak3" --include_path="C:/ti/TivaWare_C_Series-2.2.0.295" --include_path="C:/ti/ccs1250/ccs/tools/compiler/ti-cgt-arm_20.2.7.LTS/include" --define=ccs="ccs" --define=PART_TM4C123GH6PM -g --gcc --diag_warning=225 --diag_wrap=off --display_error_number --abi=eabi --preproc_with_compile --preproc_dependency="main.d_raw"  "../main.c"
Finished building: "../main.c"
 
Building target: "Termin2Zadatak3.out"
Invoking: Arm Linker
"C:/ti/ccs1250/ccs/tools/compiler/ti-cgt-arm_20.2.7.LTS/bin/armcl" -mv7M4 --code_state=16 --float_support=FPv4SPD16 -me --define=ccs="ccs" --define=PART_TM4C123GH6PM -g --gcc --diag_warning=225 --diag_wrap=off --display_error_number --abi=eabi -z -m"Termin2Zadatak3.map" --heap_size=0 --stack_size=16384 -i"C:/ti/ccs1250/ccs/tools/compiler/ti-cgt-arm_20.2.7.LTS/lib" -i"C:/ti/ccs1250/ccs/tools/compiler/ti-cgt-arm_20.2.7.LTS/include" --reread_libs --diag_wrap=off --display_error_number --warn_sections --xml_link_info="Termin2Zadatak3_linkInfo.xml" --rom_model -o "Termin2Zadatak3.out" "./main.obj" "./tm4c123gh6pm_startup_ccs.obj" "./helper_library/helper.obj" "./helper_library/uartstdio.obj" "../tm4c123gh6pm.cmd"  -llibc.a -l"C:/ti/TivaWare_C_Series-2.2.0.295/driverlib/ccs/Debug/driverlib.lib" 
<Linking>
Finished building target: "Termin2Zadatak3.out"
 

**** Build Finished ****

**** Build of configuration Debug for project Termin2Zadatak3 ****

"C:\\ti\\ccs1250\\ccs\\utils\\bin\\gmake" -k -j 24 all -O 
 
gmake[1]: 'Termin2Zadatak3.out' is up to date.

**** Build Finished ****

**** Clean-only build of configuration Debug for project Termin2Zadatak4 ****

"C:\\ti\\ccs1250\\ccs\\utils\\bin\\gmake" -k -j 24 clean -O 
 
DEL /F  "Termin2Zadatak4.out" 
DEL /F "main.obj" "tm4c123gh6pm_startup_ccs.obj" "helper_library\helper.obj" "helper_library\uartstdio.obj" 
DEL /F "main.d" "tm4c123gh6pm_startup_ccs.d" "helper_library\helper.d" "helper_library\uartstdio.d" 
Could Not Find C:\Users\Savke\workspace_v12\Termin2Zadatak4\Debug\Termin2Zadatak4.out
Finished clean
 

**** Build Finished ****

**** Build of configuration Debug for project Termin2Zadatak4 ****

"C:\\ti\\ccs1250\\ccs\\utils\\bin\\gmake" -k -j 24 all -O 
 
Building file: "../main.c"
Invoking: Arm Compiler
"C:/ti/ccs1250/ccs/tools/compiler/ti-cgt-arm_20.2.7.LTS/bin/armcl" -mv7M4 --code_state=16 --float_support=FPv4SPD16 -me --include_path="C:/Users/Savke/workspace_v12/Termin2Zadatak4" --include_path="C:/ti/TivaWare_C_Series-2.2.0.295" --include_path="C:/ti/ccs1250/ccs/tools/compiler/ti-cgt-arm_20.2.7.LTS/include" --define=ccs="ccs" --define=PART_TM4C123GH6PM -g --gcc --diag_warning=225 --diag_wrap=off --display_error_number --abi=eabi --preproc_with_compile --preproc_dependency="main.d_raw"  "../main.c"
Finished building: "../main.c"
 
Building file: "../tm4c123gh6pm_startup_ccs.c"
Invoking: Arm Compiler
"C:/ti/ccs1250/ccs/tools/compiler/ti-cgt-arm_20.2.7.LTS/bin/armcl" -mv7M4 --code_state=16 --float_support=FPv4SPD16 -me --include_path="C:/Users/Savke/workspace_v12/Termin2Zadatak4" --include_path="C:/ti/TivaWare_C_Series-2.2.0.295" --include_path="C:/ti/ccs1250/ccs/tools/compiler/ti-cgt-arm_20.2.7.LTS/include" --define=ccs="ccs" --define=PART_TM4C123GH6PM -g --gcc --diag_warning=225 --diag_wrap=off --display_error_number --abi=eabi --preproc_with_compile --preproc_dependency="tm4c123gh6pm_startup_ccs.d_raw"  "../tm4c123gh6pm_startup_ccs.c"
Finished building: "../tm4c123gh6pm_startup_ccs.c"
 
Building file: "../helper_library/helper.c"
Invoking: Arm Compiler
"C:/ti/ccs1250/ccs/tools/compiler/ti-cgt-arm_20.2.7.LTS/bin/armcl" -mv7M4 --code_state=16 --float_support=FPv4SPD16 -me --include_path="C:/Users/Savke/workspace_v12/Termin2Zadatak4" --include_path="C:/ti/TivaWare_C_Series-2.2.0.295" --include_path="C:/ti/ccs1250/ccs/tools/compiler/ti-cgt-arm_20.2.7.LTS/include" --define=ccs="ccs" --define=PART_TM4C123GH6PM -g --gcc --diag_warning=225 --diag_wrap=off --display_error_number --abi=eabi --preproc_with_compile --preproc_dependency="helper_library/helper.d_raw" --obj_directory="helper_library"  "../helper_library/helper.c"
Finished building: "../helper_library/helper.c"
 
Building file: "../helper_library/uartstdio.c"
Invoking: Arm Compiler
"C:/ti/ccs1250/ccs/tools/compiler/ti-cgt-arm_20.2.7.LTS/bin/armcl" -mv7M4 --code_state=16 --float_support=FPv4SPD16 -me --include_path="C:/Users/Savke/workspace_v12/Termin2Zadatak4" --include_path="C:/ti/TivaWare_C_Series-2.2.0.295" --include_path="C:/ti/ccs1250/ccs/tools/compiler/ti-cgt-arm_20.2.7.LTS/include" --define=ccs="ccs" --define=PART_TM4C123GH6PM -g --gcc --diag_warning=225 --diag_wrap=off --display_error_number --abi=eabi --preproc_with_compile --preproc_dependency="helper_library/uartstdio.d_raw" --obj_directory="helper_library"  "../helper_library/uartstdio.c"
Finished building: "../helper_library/uartstdio.c"
 
Building target: "Termin2Zadatak4.out"
Invoking: Arm Linker
"C:/ti/ccs1250/ccs/tools/compiler/ti-cgt-arm_20.2.7.LTS/bin/armcl" -mv7M4 --code_state=16 --float_support=FPv4SPD16 -me --define=ccs="ccs" --define=PART_TM4C123GH6PM -g --gcc --diag_warning=225 --diag_wrap=off --display_error_number --abi=eabi -z -m"Termin2Zadatak4.map" --heap_size=0 --stack_size=16384 -i"C:/ti/ccs1250/ccs/tools/compiler/ti-cgt-arm_20.2.7.LTS/lib" -i"C:/ti/ccs1250/ccs/tools/compiler/ti-cgt-arm_20.2.7.LTS/include" --reread_libs --diag_wrap=off --display_error_number --warn_sections --xml_link_info="Termin2Zadatak4_linkInfo.xml" --rom_model -o "Termin2Zadatak4.out" "./main.obj" "./tm4c123gh6pm_startup_ccs.obj" "./helper_library/helper.obj" "./helper_library/uartstdio.obj" "../tm4c123gh6pm.cmd"  -llibc.a -l"C:/ti/TivaWare_C_Series-2.2.0.295/driverlib/ccs/Debug/driverlib.lib" 
<Linking>
Finished building target: "Termin2Zadatak4.out"
 

**** Build Finished ****

**** Build of configuration Debug for project Termin2Zadatak4 ****

"C:\\ti\\ccs1250\\ccs\\utils\\bin\\gmake" -k -j 24 all -O 
 
gmake[1]: 'Termin2Zadatak4.out' is up to date.

**** Build Finished ****

**** Clean-only build of configuration Debug for project Termin2Zadatak5 ****

"C:\\ti\\ccs1250\\ccs\\utils\\bin\\gmake" -k -j 24 clean -O 
 
DEL /F  "Termin2Zadatak5.out" 
DEL /F "main.obj" "tm4c123gh6pm_startup_ccs.obj" "helper_library\helper.obj" "helper_library\uartstdio.obj" 
DEL /F "main.d" "tm4c123gh6pm_startup_ccs.d" "helper_library\helper.d" "helper_library\uartstdio.d" 
Could Not Find C:\Users\Savke\workspace_v12\Termin2Zadatak5\Debug\Termin2Zadatak5.out
Finished clean
 

**** Build Finished ****

**** Build of configuration Debug for project Termin2Zadatak5 ****

"C:\\ti\\ccs1250\\ccs\\utils\\bin\\gmake" -k -j 24 all -O 
 
Building file: "../main.c"
Invoking: Arm Compiler
"C:/ti/ccs1250/ccs/tools/compiler/ti-cgt-arm_20.2.7.LTS/bin/armcl" -mv7M4 --code_state=16 --float_support=FPv4SPD16 -me --include_path="C:/Users/Savke/workspace_v12/Termin2Zadatak5" --include_path="C:/ti/TivaWare_C_Series-2.2.0.295" --include_path="C:/ti/ccs1250/ccs/tools/compiler/ti-cgt-arm_20.2.7.LTS/include" --define=ccs="ccs" --define=PART_TM4C123GH6PM -g --gcc --diag_warning=225 --diag_wrap=off --display_error_number --abi=eabi --preproc_with_compile --preproc_dependency="main.d_raw"  "../main.c"
Finished building: "../main.c"
 
Building file: "../tm4c123gh6pm_startup_ccs.c"
Invoking: Arm Compiler
"C:/ti/ccs1250/ccs/tools/compiler/ti-cgt-arm_20.2.7.LTS/bin/armcl" -mv7M4 --code_state=16 --float_support=FPv4SPD16 -me --include_path="C:/Users/Savke/workspace_v12/Termin2Zadatak5" --include_path="C:/ti/TivaWare_C_Series-2.2.0.295" --include_path="C:/ti/ccs1250/ccs/tools/compiler/ti-cgt-arm_20.2.7.LTS/include" --define=ccs="ccs" --define=PART_TM4C123GH6PM -g --gcc --diag_warning=225 --diag_wrap=off --display_error_number --abi=eabi --preproc_with_compile --preproc_dependency="tm4c123gh6pm_startup_ccs.d_raw"  "../tm4c123gh6pm_startup_ccs.c"
Finished building: "../tm4c123gh6pm_startup_ccs.c"
 
Building file: "../helper_library/helper.c"
Invoking: Arm Compiler
"C:/ti/ccs1250/ccs/tools/compiler/ti-cgt-arm_20.2.7.LTS/bin/armcl" -mv7M4 --code_state=16 --float_support=FPv4SPD16 -me --include_path="C:/Users/Savke/workspace_v12/Termin2Zadatak5" --include_path="C:/ti/TivaWare_C_Series-2.2.0.295" --include_path="C:/ti/ccs1250/ccs/tools/compiler/ti-cgt-arm_20.2.7.LTS/include" --define=ccs="ccs" --define=PART_TM4C123GH6PM -g --gcc --diag_warning=225 --diag_wrap=off --display_error_number --abi=eabi --preproc_with_compile --preproc_dependency="helper_library/helper.d_raw" --obj_directory="helper_library"  "../helper_library/helper.c"
Finished building: "../helper_library/helper.c"
 
Building file: "../helper_library/uartstdio.c"
Invoking: Arm Compiler
"C:/ti/ccs1250/ccs/tools/compiler/ti-cgt-arm_20.2.7.LTS/bin/armcl" -mv7M4 --code_state=16 --float_support=FPv4SPD16 -me --include_path="C:/Users/Savke/workspace_v12/Termin2Zadatak5" --include_path="C:/ti/TivaWare_C_Series-2.2.0.295" --include_path="C:/ti/ccs1250/ccs/tools/compiler/ti-cgt-arm_20.2.7.LTS/include" --define=ccs="ccs" --define=PART_TM4C123GH6PM -g --gcc --diag_warning=225 --diag_wrap=off --display_error_number --abi=eabi --preproc_with_compile --preproc_dependency="helper_library/uartstdio.d_raw" --obj_directory="helper_library"  "../helper_library/uartstdio.c"
Finished building: "../helper_library/uartstdio.c"
 
Building target: "Termin2Zadatak5.out"
Invoking: Arm Linker
"C:/ti/ccs1250/ccs/tools/compiler/ti-cgt-arm_20.2.7.LTS/bin/armcl" -mv7M4 --code_state=16 --float_support=FPv4SPD16 -me --define=ccs="ccs" --define=PART_TM4C123GH6PM -g --gcc --diag_warning=225 --diag_wrap=off --display_error_number --abi=eabi -z -m"Termin2Zadatak5.map" --heap_size=0 --stack_size=16384 -i"C:/ti/ccs1250/ccs/tools/compiler/ti-cgt-arm_20.2.7.LTS/lib" -i"C:/ti/ccs1250/ccs/tools/compiler/ti-cgt-arm_20.2.7.LTS/include" --reread_libs --diag_wrap=off --display_error_number --warn_sections --xml_link_info="Termin2Zadatak5_linkInfo.xml" --rom_model -o "Termin2Zadatak5.out" "./main.obj" "./tm4c123gh6pm_startup_ccs.obj" "./helper_library/helper.obj" "./helper_library/uartstdio.obj" "../tm4c123gh6pm.cmd"  -llibc.a -l"C:/ti/TivaWare_C_Series-2.2.0.295/driverlib/ccs/Debug/driverlib.lib" 
<Linking>
Finished building target: "Termin2Zadatak5.out"
 

**** Build Finished ****

**** Build of configuration Debug for project Termin2Zadatak5 ****

"C:\\ti\\ccs1250\\ccs\\utils\\bin\\gmake" -k -j 24 all -O 
 
gmake[1]: 'Termin2Zadatak5.out' is up to date.

**** Build Finished ****

**** Clean-only build of configuration Debug for project Termin2Zadatak6 ****

"C:\\ti\\ccs1250\\ccs\\utils\\bin\\gmake" -k -j 24 clean -O 
 
DEL /F  "Termin2Zadatak6.out" 
DEL /F "main.obj" "tm4c123gh6pm_startup_ccs.obj" "helper_library\helper.obj" "helper_library\uartstdio.obj" 
DEL /F "main.d" "tm4c123gh6pm_startup_ccs.d" "helper_library\helper.d" "helper_library\uartstdio.d" 
Could Not Find C:\Users\Savke\workspace_v12\Termin2Zadatak6\Debug\Termin2Zadatak6.out
Finished clean
 

**** Build Finished ****

**** Build of configuration Debug for project Termin2Zadatak6 ****

"C:\\ti\\ccs1250\\ccs\\utils\\bin\\gmake" -k -j 24 all -O 
 
Building file: "../main.c"
Invoking: Arm Compiler
"C:/ti/ccs1250/ccs/tools/compiler/ti-cgt-arm_20.2.7.LTS/bin/armcl" -mv7M4 --code_state=16 --float_support=FPv4SPD16 -me --include_path="C:/Users/Savke/workspace_v12/Termin2Zadatak6" --include_path="C:/ti/TivaWare_C_Series-2.2.0.295" --include_path="C:/ti/ccs1250/ccs/tools/compiler/ti-cgt-arm_20.2.7.LTS/include" --define=ccs="ccs" --define=PART_TM4C123GH6PM -g --gcc --diag_warning=225 --diag_wrap=off --display_error_number --abi=eabi --preproc_with_compile --preproc_dependency="main.d_raw"  "../main.c"
Finished building: "../main.c"
 
Building file: "../tm4c123gh6pm_startup_ccs.c"
Invoking: Arm Compiler
"C:/ti/ccs1250/ccs/tools/compiler/ti-cgt-arm_20.2.7.LTS/bin/armcl" -mv7M4 --code_state=16 --float_support=FPv4SPD16 -me --include_path="C:/Users/Savke/workspace_v12/Termin2Zadatak6" --include_path="C:/ti/TivaWare_C_Series-2.2.0.295" --include_path="C:/ti/ccs1250/ccs/tools/compiler/ti-cgt-arm_20.2.7.LTS/include" --define=ccs="ccs" --define=PART_TM4C123GH6PM -g --gcc --diag_warning=225 --diag_wrap=off --display_error_number --abi=eabi --preproc_with_compile --preproc_dependency="tm4c123gh6pm_startup_ccs.d_raw"  "../tm4c123gh6pm_startup_ccs.c"
Finished building: "../tm4c123gh6pm_startup_ccs.c"
 
Building file: "../helper_library/helper.c"
Invoking: Arm Compiler
"C:/ti/ccs1250/ccs/tools/compiler/ti-cgt-arm_20.2.7.LTS/bin/armcl" -mv7M4 --code_state=16 --float_support=FPv4SPD16 -me --include_path="C:/Users/Savke/workspace_v12/Termin2Zadatak6" --include_path="C:/ti/TivaWare_C_Series-2.2.0.295" --include_path="C:/ti/ccs1250/ccs/tools/compiler/ti-cgt-arm_20.2.7.LTS/include" --define=ccs="ccs" --define=PART_TM4C123GH6PM -g --gcc --diag_warning=225 --diag_wrap=off --display_error_number --abi=eabi --preproc_with_compile --preproc_dependency="helper_library/helper.d_raw" --obj_directory="helper_library"  "../helper_library/helper.c"
Finished building: "../helper_library/helper.c"
 
Building file: "../helper_library/uartstdio.c"
Invoking: Arm Compiler
"C:/ti/ccs1250/ccs/tools/compiler/ti-cgt-arm_20.2.7.LTS/bin/armcl" -mv7M4 --code_state=16 --float_support=FPv4SPD16 -me --include_path="C:/Users/Savke/workspace_v12/Termin2Zadatak6" --include_path="C:/ti/TivaWare_C_Series-2.2.0.295" --include_path="C:/ti/ccs1250/ccs/tools/compiler/ti-cgt-arm_20.2.7.LTS/include" --define=ccs="ccs" --define=PART_TM4C123GH6PM -g --gcc --diag_warning=225 --diag_wrap=off --display_error_number --abi=eabi --preproc_with_compile --preproc_dependency="helper_library/uartstdio.d_raw" --obj_directory="helper_library"  "../helper_library/uartstdio.c"
Finished building: "../helper_library/uartstdio.c"
 
Building target: "Termin2Zadatak6.out"
Invoking: Arm Linker
"C:/ti/ccs1250/ccs/tools/compiler/ti-cgt-arm_20.2.7.LTS/bin/armcl" -mv7M4 --code_state=16 --float_support=FPv4SPD16 -me --define=ccs="ccs" --define=PART_TM4C123GH6PM -g --gcc --diag_warning=225 --diag_wrap=off --display_error_number --abi=eabi -z -m"Termin2Zadatak6.map" --heap_size=0 --stack_size=16384 -i"C:/ti/ccs1250/ccs/tools/compiler/ti-cgt-arm_20.2.7.LTS/lib" -i"C:/ti/ccs1250/ccs/tools/compiler/ti-cgt-arm_20.2.7.LTS/include" --reread_libs --diag_wrap=off --display_error_number --warn_sections --xml_link_info="Termin2Zadatak6_linkInfo.xml" --rom_model -o "Termin2Zadatak6.out" "./main.obj" "./tm4c123gh6pm_startup_ccs.obj" "./helper_library/helper.obj" "./helper_library/uartstdio.obj" "../tm4c123gh6pm.cmd"  -llibc.a -l"C:/ti/TivaWare_C_Series-2.2.0.295/driverlib/ccs/Debug/driverlib.lib" 
<Linking>
Finished building target: "Termin2Zadatak6.out"
 

**** Build Finished ****

**** Build of configuration Debug for project Termin2Zadatak6 ****

"C:\\ti\\ccs1250\\ccs\\utils\\bin\\gmake" -k -j 24 all -O 
 
gmake[1]: 'Termin2Zadatak6.out' is up to date.

**** Build Finished ****

**** Clean-only build of configuration Debug for project Termin2Zadatak8 ****

"C:\\ti\\ccs1250\\ccs\\utils\\bin\\gmake" -k -j 24 clean -O 
 
DEL /F  "Termin2Zadatak8.out" 
DEL /F "main.obj" "tm4c123gh6pm_startup_ccs.obj" "helper_library\helper.obj" "helper_library\uartstdio.obj" 
DEL /F "main.d" "tm4c123gh6pm_startup_ccs.d" "helper_library\helper.d" "helper_library\uartstdio.d" 
Could Not Find C:\Users\Savke\workspace_v12\Termin2Zadatak8\Debug\Termin2Zadatak8.out
Finished clean
 

**** Build Finished ****

**** Build of configuration Debug for project Termin2Zadatak8 ****

"C:\\ti\\ccs1250\\ccs\\utils\\bin\\gmake" -k -j 24 all -O 
 
Building file: "../main.c"
Invoking: Arm Compiler
"C:/ti/ccs1250/ccs/tools/compiler/ti-cgt-arm_20.2.7.LTS/bin/armcl" -mv7M4 --code_state=16 --float_support=FPv4SPD16 -me --include_path="C:/Users/Savke/workspace_v12/Termin2Zadatak8" --include_path="C:/ti/TivaWare_C_Series-2.2.0.295" --include_path="C:/ti/ccs1250/ccs/tools/compiler/ti-cgt-arm_20.2.7.LTS/include" --define=ccs="ccs" --define=PART_TM4C123GH6PM -g --gcc --diag_warning=225 --diag_wrap=off --display_error_number --abi=eabi --preproc_with_compile --preproc_dependency="main.d_raw"  "../main.c"
 
>> Compilation failure
subdir_rules.mk:9: recipe for target 'main.obj' failed
"../main.c", line 18: error #18: expected a ")"
"../main.c", line 26: error #18: expected a ")"
2 errors detected in the compilation of "../main.c".
gmake: *** [main.obj] Error 1
Building file: "../tm4c123gh6pm_startup_ccs.c"
Invoking: Arm Compiler
"C:/ti/ccs1250/ccs/tools/compiler/ti-cgt-arm_20.2.7.LTS/bin/armcl" -mv7M4 --code_state=16 --float_support=FPv4SPD16 -me --include_path="C:/Users/Savke/workspace_v12/Termin2Zadatak8" --include_path="C:/ti/TivaWare_C_Series-2.2.0.295" --include_path="C:/ti/ccs1250/ccs/tools/compiler/ti-cgt-arm_20.2.7.LTS/include" --define=ccs="ccs" --define=PART_TM4C123GH6PM -g --gcc --diag_warning=225 --diag_wrap=off --display_error_number --abi=eabi --preproc_with_compile --preproc_dependency="tm4c123gh6pm_startup_ccs.d_raw"  "../tm4c123gh6pm_startup_ccs.c"
Finished building: "../tm4c123gh6pm_startup_ccs.c"
 
Building file: "../helper_library/helper.c"
Invoking: Arm Compiler
"C:/ti/ccs1250/ccs/tools/compiler/ti-cgt-arm_20.2.7.LTS/bin/armcl" -mv7M4 --code_state=16 --float_support=FPv4SPD16 -me --include_path="C:/Users/Savke/workspace_v12/Termin2Zadatak8" --include_path="C:/ti/TivaWare_C_Series-2.2.0.295" --include_path="C:/ti/ccs1250/ccs/tools/compiler/ti-cgt-arm_20.2.7.LTS/include" --define=ccs="ccs" --define=PART_TM4C123GH6PM -g --gcc --diag_warning=225 --diag_wrap=off --display_error_number --abi=eabi --preproc_with_compile --preproc_dependency="helper_library/helper.d_raw" --obj_directory="helper_library"  "../helper_library/helper.c"
Finished building: "../helper_library/helper.c"
 
Building file: "../helper_library/uartstdio.c"
Invoking: Arm Compiler
"C:/ti/ccs1250/ccs/tools/compiler/ti-cgt-arm_20.2.7.LTS/bin/armcl" -mv7M4 --code_state=16 --float_support=FPv4SPD16 -me --include_path="C:/Users/Savke/workspace_v12/Termin2Zadatak8" --include_path="C:/ti/TivaWare_C_Series-2.2.0.295" --include_path="C:/ti/ccs1250/ccs/tools/compiler/ti-cgt-arm_20.2.7.LTS/include" --define=ccs="ccs" --define=PART_TM4C123GH6PM -g --gcc --diag_warning=225 --diag_wrap=off --display_error_number --abi=eabi --preproc_with_compile --preproc_dependency="helper_library/uartstdio.d_raw" --obj_directory="helper_library"  "../helper_library/uartstdio.c"
Finished building: "../helper_library/uartstdio.c"
 
gmake: Target 'all' not remade because of errors.

**** Build Finished ****

**** Build of configuration Debug for project Termin2Zadatak8 ****

"C:\\ti\\ccs1250\\ccs\\utils\\bin\\gmake" -k -j 24 all -O 
 
Building file: "../main.c"
Invoking: Arm Compiler
"C:/ti/ccs1250/ccs/tools/compiler/ti-cgt-arm_20.2.7.LTS/bin/armcl" -mv7M4 --code_state=16 --float_support=FPv4SPD16 -me --include_path="C:/Users/Savke/workspace_v12/Termin2Zadatak8" --include_path="C:/ti/TivaWare_C_Series-2.2.0.295" --include_path="C:/ti/ccs1250/ccs/tools/compiler/ti-cgt-arm_20.2.7.LTS/include" --define=ccs="ccs" --define=PART_TM4C123GH6PM -g --gcc --diag_warning=225 --diag_wrap=off --display_error_number --abi=eabi --preproc_with_compile --preproc_dependency="main.d_raw"  "../main.c"
Finished building: "../main.c"
 
Building target: "Termin2Zadatak8.out"
Invoking: Arm Linker
"C:/ti/ccs1250/ccs/tools/compiler/ti-cgt-arm_20.2.7.LTS/bin/armcl" -mv7M4 --code_state=16 --float_support=FPv4SPD16 -me --define=ccs="ccs" --define=PART_TM4C123GH6PM -g --gcc --diag_warning=225 --diag_wrap=off --display_error_number --abi=eabi -z -m"Termin2Zadatak8.map" --heap_size=0 --stack_size=16384 -i"C:/ti/ccs1250/ccs/tools/compiler/ti-cgt-arm_20.2.7.LTS/lib" -i"C:/ti/ccs1250/ccs/tools/compiler/ti-cgt-arm_20.2.7.LTS/include" --reread_libs --diag_wrap=off --display_error_number --warn_sections --xml_link_info="Termin2Zadatak8_linkInfo.xml" --rom_model -o "Termin2Zadatak8.out" "./main.obj" "./tm4c123gh6pm_startup_ccs.obj" "./helper_library/helper.obj" "./helper_library/uartstdio.obj" "../tm4c123gh6pm.cmd"  -llibc.a -l"C:/ti/TivaWare_C_Series-2.2.0.295/driverlib/ccs/Debug/driverlib.lib" 
<Linking>
Finished building target: "Termin2Zadatak8.out"
 

**** Build Finished ****

**** Build of configuration Debug for project Termin2Zadatak8 ****

"C:\\ti\\ccs1250\\ccs\\utils\\bin\\gmake" -k -j 24 all -O 
 
gmake[1]: 'Termin2Zadatak8.out' is up to date.

**** Build Finished ****

**** Build of configuration Debug for project Termin2Zadatak8 ****

"C:\\ti\\ccs1250\\ccs\\utils\\bin\\gmake" -k -j 24 all -O 
 
Building file: "../main.c"
Invoking: Arm Compiler
"C:/ti/ccs1250/ccs/tools/compiler/ti-cgt-arm_20.2.7.LTS/bin/armcl" -mv7M4 --code_state=16 --float_support=FPv4SPD16 -me --include_path="C:/Users/Savke/workspace_v12/Termin2Zadatak8" --include_path="C:/ti/TivaWare_C_Series-2.2.0.295" --include_path="C:/ti/ccs1250/ccs/tools/compiler/ti-cgt-arm_20.2.7.LTS/include" --define=ccs="ccs" --define=PART_TM4C123GH6PM -g --gcc --diag_warning=225 --diag_wrap=off --display_error_number --abi=eabi --preproc_with_compile --preproc_dependency="main.d_raw"  "../main.c"
Finished building: "../main.c"
 
Building target: "Termin2Zadatak8.out"
Invoking: Arm Linker
"C:/ti/ccs1250/ccs/tools/compiler/ti-cgt-arm_20.2.7.LTS/bin/armcl" -mv7M4 --code_state=16 --float_support=FPv4SPD16 -me --define=ccs="ccs" --define=PART_TM4C123GH6PM -g --gcc --diag_warning=225 --diag_wrap=off --display_error_number --abi=eabi -z -m"Termin2Zadatak8.map" --heap_size=0 --stack_size=16384 -i"C:/ti/ccs1250/ccs/tools/compiler/ti-cgt-arm_20.2.7.LTS/lib" -i"C:/ti/ccs1250/ccs/tools/compiler/ti-cgt-arm_20.2.7.LTS/include" --reread_libs --diag_wrap=off --display_error_number --warn_sections --xml_link_info="Termin2Zadatak8_linkInfo.xml" --rom_model -o "Termin2Zadatak8.out" "./main.obj" "./tm4c123gh6pm_startup_ccs.obj" "./helper_library/helper.obj" "./helper_library/uartstdio.obj" "../tm4c123gh6pm.cmd"  -llibc.a -l"C:/ti/TivaWare_C_Series-2.2.0.295/driverlib/ccs/Debug/driverlib.lib" 
<Linking>
Finished building target: "Termin2Zadatak8.out"
 

**** Build Finished ****

**** Clean-only build of configuration Debug for project Termin2Zadatak9 ****

"C:\\ti\\ccs1250\\ccs\\utils\\bin\\gmake" -k -j 24 clean -O 
 
DEL /F  "Termin2Zadatak9.out" 
DEL /F "main.obj" "tm4c123gh6pm_startup_ccs.obj" "helper_library\helper.obj" "helper_library\uartstdio.obj" 
DEL /F "main.d" "tm4c123gh6pm_startup_ccs.d" "helper_library\helper.d" "helper_library\uartstdio.d" 
Could Not Find C:\Users\Savke\workspace_v12\Termin2Zadatak9\Debug\Termin2Zadatak9.out
Finished clean
 

**** Build Finished ****

**** Build of configuration Debug for project Termin2Zadatak9 ****

"C:\\ti\\ccs1250\\ccs\\utils\\bin\\gmake" -k -j 24 all -O 
 
Building file: "../main.c"
Invoking: Arm Compiler
"C:/ti/ccs1250/ccs/tools/compiler/ti-cgt-arm_20.2.7.LTS/bin/armcl" -mv7M4 --code_state=16 --float_support=FPv4SPD16 -me --include_path="C:/Users/Savke/workspace_v12/Termin2Zadatak9" --include_path="C:/ti/TivaWare_C_Series-2.2.0.295" --include_path="C:/ti/ccs1250/ccs/tools/compiler/ti-cgt-arm_20.2.7.LTS/include" --define=ccs="ccs" --define=PART_TM4C123GH6PM -g --gcc --diag_warning=225 --diag_wrap=off --display_error_number --abi=eabi --preproc_with_compile --preproc_dependency="main.d_raw"  "../main.c"
 
>> Compilation failure
subdir_rules.mk:9: recipe for target 'main.obj' failed
"../main.c", line 29: error #66: expected a ";"
1 error detected in the compilation of "../main.c".
gmake: *** [main.obj] Error 1
Building file: "../tm4c123gh6pm_startup_ccs.c"
Invoking: Arm Compiler
"C:/ti/ccs1250/ccs/tools/compiler/ti-cgt-arm_20.2.7.LTS/bin/armcl" -mv7M4 --code_state=16 --float_support=FPv4SPD16 -me --include_path="C:/Users/Savke/workspace_v12/Termin2Zadatak9" --include_path="C:/ti/TivaWare_C_Series-2.2.0.295" --include_path="C:/ti/ccs1250/ccs/tools/compiler/ti-cgt-arm_20.2.7.LTS/include" --define=ccs="ccs" --define=PART_TM4C123GH6PM -g --gcc --diag_warning=225 --diag_wrap=off --display_error_number --abi=eabi --preproc_with_compile --preproc_dependency="tm4c123gh6pm_startup_ccs.d_raw"  "../tm4c123gh6pm_startup_ccs.c"
Finished building: "../tm4c123gh6pm_startup_ccs.c"
 
Building file: "../helper_library/helper.c"
Invoking: Arm Compiler
"C:/ti/ccs1250/ccs/tools/compiler/ti-cgt-arm_20.2.7.LTS/bin/armcl" -mv7M4 --code_state=16 --float_support=FPv4SPD16 -me --include_path="C:/Users/Savke/workspace_v12/Termin2Zadatak9" --include_path="C:/ti/TivaWare_C_Series-2.2.0.295" --include_path="C:/ti/ccs1250/ccs/tools/compiler/ti-cgt-arm_20.2.7.LTS/include" --define=ccs="ccs" --define=PART_TM4C123GH6PM -g --gcc --diag_warning=225 --diag_wrap=off --display_error_number --abi=eabi --preproc_with_compile --preproc_dependency="helper_library/helper.d_raw" --obj_directory="helper_library"  "../helper_library/helper.c"
Finished building: "../helper_library/helper.c"
 
Building file: "../helper_library/uartstdio.c"
Invoking: Arm Compiler
"C:/ti/ccs1250/ccs/tools/compiler/ti-cgt-arm_20.2.7.LTS/bin/armcl" -mv7M4 --code_state=16 --float_support=FPv4SPD16 -me --include_path="C:/Users/Savke/workspace_v12/Termin2Zadatak9" --include_path="C:/ti/TivaWare_C_Series-2.2.0.295" --include_path="C:/ti/ccs1250/ccs/tools/compiler/ti-cgt-arm_20.2.7.LTS/include" --define=ccs="ccs" --define=PART_TM4C123GH6PM -g --gcc --diag_warning=225 --diag_wrap=off --display_error_number --abi=eabi --preproc_with_compile --preproc_dependency="helper_library/uartstdio.d_raw" --obj_directory="helper_library"  "../helper_library/uartstdio.c"
Finished building: "../helper_library/uartstdio.c"
 
gmake: Target 'all' not remade because of errors.

**** Build Finished ****

**** Build of configuration Debug for project Termin2Zadatak9 ****

"C:\\ti\\ccs1250\\ccs\\utils\\bin\\gmake" -k -j 24 all -O 
 
Building file: "../main.c"
Invoking: Arm Compiler
"C:/ti/ccs1250/ccs/tools/compiler/ti-cgt-arm_20.2.7.LTS/bin/armcl" -mv7M4 --code_state=16 --float_support=FPv4SPD16 -me --include_path="C:/Users/Savke/workspace_v12/Termin2Zadatak9" --include_path="C:/ti/TivaWare_C_Series-2.2.0.295" --include_path="C:/ti/ccs1250/ccs/tools/compiler/ti-cgt-arm_20.2.7.LTS/include" --define=ccs="ccs" --define=PART_TM4C123GH6PM -g --gcc --diag_warning=225 --diag_wrap=off --display_error_number --abi=eabi --preproc_with_compile --preproc_dependency="main.d_raw"  "../main.c"
Finished building: "../main.c"
 
Building target: "Termin2Zadatak9.out"
Invoking: Arm Linker
"C:/ti/ccs1250/ccs/tools/compiler/ti-cgt-arm_20.2.7.LTS/bin/armcl" -mv7M4 --code_state=16 --float_support=FPv4SPD16 -me --define=ccs="ccs" --define=PART_TM4C123GH6PM -g --gcc --diag_warning=225 --diag_wrap=off --display_error_number --abi=eabi -z -m"Termin2Zadatak9.map" --heap_size=0 --stack_size=16384 -i"C:/ti/ccs1250/ccs/tools/compiler/ti-cgt-arm_20.2.7.LTS/lib" -i"C:/ti/ccs1250/ccs/tools/compiler/ti-cgt-arm_20.2.7.LTS/include" --reread_libs --diag_wrap=off --display_error_number --warn_sections --xml_link_info="Termin2Zadatak9_linkInfo.xml" --rom_model -o "Termin2Zadatak9.out" "./main.obj" "./tm4c123gh6pm_startup_ccs.obj" "./helper_library/helper.obj" "./helper_library/uartstdio.obj" "../tm4c123gh6pm.cmd"  -llibc.a -l"C:/ti/TivaWare_C_Series-2.2.0.295/driverlib/ccs/Debug/driverlib.lib" 
<Linking>
Finished building target: "Termin2Zadatak9.out"
 

**** Build Finished ****

**** Clean-only build of configuration Debug for project Termin2Zadatak10 ****

"C:\\ti\\ccs1250\\ccs\\utils\\bin\\gmake" -k -j 24 clean -O 
 
DEL /F  "Termin2Zadatak10.out" 
DEL /F "main.obj" "tm4c123gh6pm_startup_ccs.obj" "helper_library\helper.obj" "helper_library\uartstdio.obj" 
DEL /F "main.d" "tm4c123gh6pm_startup_ccs.d" "helper_library\helper.d" "helper_library\uartstdio.d" 
Could Not Find C:\Users\Savke\workspace_v12\Termin2Zadatak10\Debug\Termin2Zadatak10.out
Finished clean
 

**** Build Finished ****

**** Build of configuration Debug for project Termin2Zadatak10 ****

"C:\\ti\\ccs1250\\ccs\\utils\\bin\\gmake" -k -j 24 all -O 
 
Building file: "../main.c"
Invoking: Arm Compiler
"C:/ti/ccs1250/ccs/tools/compiler/ti-cgt-arm_20.2.7.LTS/bin/armcl" -mv7M4 --code_state=16 --float_support=FPv4SPD16 -me --include_path="C:/Users/Savke/workspace_v12/Termin2Zadatak10" --include_path="C:/ti/TivaWare_C_Series-2.2.0.295" --include_path="C:/ti/ccs1250/ccs/tools/compiler/ti-cgt-arm_20.2.7.LTS/include" --define=ccs="ccs" --define=PART_TM4C123GH6PM -g --gcc --diag_warning=225 --diag_wrap=off --display_error_number --abi=eabi --preproc_with_compile --preproc_dependency="main.d_raw"  "../main.c"
 
>> Compilation failure
subdir_rules.mk:9: recipe for target 'main.obj' failed
"../main.c", line 18: error #126: expected a "("
"../main.c", line 29: warning #12-D: parsing restarts here after previous syntax error
"../main.c", line 29: error #29: expected an expression
"../main.c", line 29: error #18: expected a ")"
"../main.c", line 29: error #128: expected a statement
4 errors detected in the compilation of "../main.c".
gmake: *** [main.obj] Error 1
Building file: "../tm4c123gh6pm_startup_ccs.c"
Invoking: Arm Compiler
"C:/ti/ccs1250/ccs/tools/compiler/ti-cgt-arm_20.2.7.LTS/bin/armcl" -mv7M4 --code_state=16 --float_support=FPv4SPD16 -me --include_path="C:/Users/Savke/workspace_v12/Termin2Zadatak10" --include_path="C:/ti/TivaWare_C_Series-2.2.0.295" --include_path="C:/ti/ccs1250/ccs/tools/compiler/ti-cgt-arm_20.2.7.LTS/include" --define=ccs="ccs" --define=PART_TM4C123GH6PM -g --gcc --diag_warning=225 --diag_wrap=off --display_error_number --abi=eabi --preproc_with_compile --preproc_dependency="tm4c123gh6pm_startup_ccs.d_raw"  "../tm4c123gh6pm_startup_ccs.c"
Finished building: "../tm4c123gh6pm_startup_ccs.c"
 
Building file: "../helper_library/helper.c"
Invoking: Arm Compiler
"C:/ti/ccs1250/ccs/tools/compiler/ti-cgt-arm_20.2.7.LTS/bin/armcl" -mv7M4 --code_state=16 --float_support=FPv4SPD16 -me --include_path="C:/Users/Savke/workspace_v12/Termin2Zadatak10" --include_path="C:/ti/TivaWare_C_Series-2.2.0.295" --include_path="C:/ti/ccs1250/ccs/tools/compiler/ti-cgt-arm_20.2.7.LTS/include" --define=ccs="ccs" --define=PART_TM4C123GH6PM -g --gcc --diag_warning=225 --diag_wrap=off --display_error_number --abi=eabi --preproc_with_compile --preproc_dependency="helper_library/helper.d_raw" --obj_directory="helper_library"  "../helper_library/helper.c"
Finished building: "../helper_library/helper.c"
 
Building file: "../helper_library/uartstdio.c"
Invoking: Arm Compiler
"C:/ti/ccs1250/ccs/tools/compiler/ti-cgt-arm_20.2.7.LTS/bin/armcl" -mv7M4 --code_state=16 --float_support=FPv4SPD16 -me --include_path="C:/Users/Savke/workspace_v12/Termin2Zadatak10" --include_path="C:/ti/TivaWare_C_Series-2.2.0.295" --include_path="C:/ti/ccs1250/ccs/tools/compiler/ti-cgt-arm_20.2.7.LTS/include" --define=ccs="ccs" --define=PART_TM4C123GH6PM -g --gcc --diag_warning=225 --diag_wrap=off --display_error_number --abi=eabi --preproc_with_compile --preproc_dependency="helper_library/uartstdio.d_raw" --obj_directory="helper_library"  "../helper_library/uartstdio.c"
Finished building: "../helper_library/uartstdio.c"
 
gmake: Target 'all' not remade because of errors.

**** Build Finished ****

**** Build of configuration Debug for project Termin2Zadatak10 ****

"C:\\ti\\ccs1250\\ccs\\utils\\bin\\gmake" -k -j 24 all -O 
 
Building file: "../main.c"
Invoking: Arm Compiler
"C:/ti/ccs1250/ccs/tools/compiler/ti-cgt-arm_20.2.7.LTS/bin/armcl" -mv7M4 --code_state=16 --float_support=FPv4SPD16 -me --include_path="C:/Users/Savke/workspace_v12/Termin2Zadatak10" --include_path="C:/ti/TivaWare_C_Series-2.2.0.295" --include_path="C:/ti/ccs1250/ccs/tools/compiler/ti-cgt-arm_20.2.7.LTS/include" --define=ccs="ccs" --define=PART_TM4C123GH6PM -g --gcc --diag_warning=225 --diag_wrap=off --display_error_number --abi=eabi --preproc_with_compile --preproc_dependency="main.d_raw"  "../main.c"
Finished building: "../main.c"
 
Building target: "Termin2Zadatak10.out"
Invoking: Arm Linker
"C:/ti/ccs1250/ccs/tools/compiler/ti-cgt-arm_20.2.7.LTS/bin/armcl" -mv7M4 --code_state=16 --float_support=FPv4SPD16 -me --define=ccs="ccs" --define=PART_TM4C123GH6PM -g --gcc --diag_warning=225 --diag_wrap=off --display_error_number --abi=eabi -z -m"Termin2Zadatak10.map" --heap_size=0 --stack_size=16384 -i"C:/ti/ccs1250/ccs/tools/compiler/ti-cgt-arm_20.2.7.LTS/lib" -i"C:/ti/ccs1250/ccs/tools/compiler/ti-cgt-arm_20.2.7.LTS/include" --reread_libs --diag_wrap=off --display_error_number --warn_sections --xml_link_info="Termin2Zadatak10_linkInfo.xml" --rom_model -o "Termin2Zadatak10.out" "./main.obj" "./tm4c123gh6pm_startup_ccs.obj" "./helper_library/helper.obj" "./helper_library/uartstdio.obj" "../tm4c123gh6pm.cmd"  -llibc.a -l"C:/ti/TivaWare_C_Series-2.2.0.295/driverlib/ccs/Debug/driverlib.lib" 
<Linking>
Finished building target: "Termin2Zadatak10.out"
 

**** Build Finished ****

**** Build of configuration Debug for project Termin2Zadatak10 ****

"C:\\ti\\ccs1250\\ccs\\utils\\bin\\gmake" -k -j 24 all -O 
 
Building file: "../main.c"
Invoking: Arm Compiler
"C:/ti/ccs1250/ccs/tools/compiler/ti-cgt-arm_20.2.7.LTS/bin/armcl" -mv7M4 --code_state=16 --float_support=FPv4SPD16 -me --include_path="C:/Users/Savke/workspace_v12/Termin2Zadatak10" --include_path="C:/ti/TivaWare_C_Series-2.2.0.295" --include_path="C:/ti/ccs1250/ccs/tools/compiler/ti-cgt-arm_20.2.7.LTS/include" --define=ccs="ccs" --define=PART_TM4C123GH6PM -g --gcc --diag_warning=225 --diag_wrap=off --display_error_number --abi=eabi --preproc_with_compile --preproc_dependency="main.d_raw"  "../main.c"
 
>> Compilation failure
subdir_rules.mk:9: recipe for target 'main.obj' failed
"../main.c", line 24: error #171: expected a declaration
"../main.c", line 26: error #171: expected a declaration
"../main.c", line 29: error #171: expected a declaration
"../main.c", line 32: error #171: expected a declaration
"../main.c", line 35: error #171: expected a declaration
"../main.c", line 38: error #171: expected a declaration
"../main.c", line 41: error #171: expected a declaration
"../main.c", line 44: error #171: expected a declaration
"../main.c", line 47: error #171: expected a declaration
"../main.c", line 50: error #171: expected a declaration
"../main.c", line 53: error #171: expected a declaration
"../main.c", line 61: warning #12-D: parsing restarts here after previous syntax error
"../main.c", line 64: error #171: expected a declaration
12 errors detected in the compilation of "../main.c".
gmake: *** [main.obj] Error 1
gmake: Target 'all' not remade because of errors.

**** Build Finished ****

**** Build of configuration Debug for project Termin2Zadatak10 ****

"C:\\ti\\ccs1250\\ccs\\utils\\bin\\gmake" -k -j 24 all -O 
 
Building file: "../main.c"
Invoking: Arm Compiler
"C:/ti/ccs1250/ccs/tools/compiler/ti-cgt-arm_20.2.7.LTS/bin/armcl" -mv7M4 --code_state=16 --float_support=FPv4SPD16 -me --include_path="C:/Users/Savke/workspace_v12/Termin2Zadatak10" --include_path="C:/ti/TivaWare_C_Series-2.2.0.295" --include_path="C:/ti/ccs1250/ccs/tools/compiler/ti-cgt-arm_20.2.7.LTS/include" --define=ccs="ccs" --define=PART_TM4C123GH6PM -g --gcc --diag_warning=225 --diag_wrap=off --display_error_number --abi=eabi --preproc_with_compile --preproc_dependency="main.d_raw"  "../main.c"
Finished building: "../main.c"
 
Building target: "Termin2Zadatak10.out"
Invoking: Arm Linker
"C:/ti/ccs1250/ccs/tools/compiler/ti-cgt-arm_20.2.7.LTS/bin/armcl" -mv7M4 --code_state=16 --float_support=FPv4SPD16 -me --define=ccs="ccs" --define=PART_TM4C123GH6PM -g --gcc --diag_warning=225 --diag_wrap=off --display_error_number --abi=eabi -z -m"Termin2Zadatak10.map" --heap_size=0 --stack_size=16384 -i"C:/ti/ccs1250/ccs/tools/compiler/ti-cgt-arm_20.2.7.LTS/lib" -i"C:/ti/ccs1250/ccs/tools/compiler/ti-cgt-arm_20.2.7.LTS/include" --reread_libs --diag_wrap=off --display_error_number --warn_sections --xml_link_info="Termin2Zadatak10_linkInfo.xml" --rom_model -o "Termin2Zadatak10.out" "./main.obj" "./tm4c123gh6pm_startup_ccs.obj" "./helper_library/helper.obj" "./helper_library/uartstdio.obj" "../tm4c123gh6pm.cmd"  -llibc.a -l"C:/ti/TivaWare_C_Series-2.2.0.295/driverlib/ccs/Debug/driverlib.lib" 
<Linking>
Finished building target: "Termin2Zadatak10.out"
 

**** Build Finished ****

**** Build of configuration Debug for project Termin2Zadatak10 ****

"C:\\ti\\ccs1250\\ccs\\utils\\bin\\gmake" -k -j 24 all -O 
 
gmake[1]: 'Termin2Zadatak10.out' is up to date.

**** Build Finished ****
